[2017-07-31 15:45:00]종목코드 [09]실시간정보 [장시작시간]전문 [e	154500	000000]
[2017-07-31 15:45:00]종목코드 [09]실시간정보 [장시작시간]전문 [e	154500	000000]
[2017-07-31 15:45:00]종목코드 [09]실시간정보 [장시작시간]전문 [e	154500	000000]
[2017-07-31 15:45:00]종목코드 [09]실시간정보 [장시작시간]전문 [e	154500	000000]
[2017-07-31 15:45:00]종목코드 [09]실시간정보 [장시작시간]전문 [e	154500	000000]
[2017-07-31 15:45:00]종목코드 [09]실시간정보 [장시작시간]전문 [e	154500	000000]
[2017-07-31 15:45:00]종목코드 [09]실시간정보 [장시작시간]전문 [e	154500	000000]
[2017-07-31 15:45:00]종목코드 [09]실시간정보 [장시작시간]전문 [e	154500	000000]
[2017-07-31 15:45:01]종목코드 [09]실시간정보 [장시작시간]전문 [e	154500	000000]
[2017-07-31 15:45:01]종목코드 [09]실시간정보 [장시작시간]전문 [e	154500	000000]
[2017-07-31 15:45:01]종목코드 [09]실시간정보 [장시작시간]전문 [e	154500	000000]
[2017-07-31 15:45:01]종목코드 [09]실시간정보 [장시작시간]전문 [e	154500	000000]
[2017-07-31 15:45:01]종목코드 [09]실시간정보 [장시작시간]전문 [e	154500	000000]
[2017-07-31 15:45:01]종목코드 [09]실시간정보 [장시작시간]전문 [e	154500	000000]
[2017-07-31 15:45:01]종목코드 [09]실시간정보 [장시작시간]전문 [e	154500	000000]
[2017-07-31 15:45:01]종목코드 [09]실시간정보 [장시작시간]전문 [e	154500	000000]
[2017-07-31 15:55:57]화면번호 [5001],RQName [보유종목조회],TRCode [opw00018],메세지 [[00Z310] 모의투자 조회가 완료되었습니다]
[2017-07-31 15:55:57][실시간정보 : 보유종목조회],[조회코드 : opw00018],[전문 : ]
[2017-07-31 15:56:09][실시간정보 : 주식기본정보],[조회코드 : OPT10001],[전문 : ]
[2017-07-31 15:56:21][실시간정보 : 주식기본정보],[조회코드 : OPT10001],[전문 : ]
[2017-07-31 16:03:01][실시간정보 : 주식기본정보],[조회코드 : OPT10001],[전문 : ]
[2017-07-31 16:03:21][매수주문:화면번호 [5004],계좌번호 [8091095211],매수구분 [1],종목코드 [030000],주문수량 [100],주문가격 [00],거래구분 [030000],원주문번호 [],정상여부 [True],에러코드 [0],
[2017-07-31 16:03:21]화면번호 [5003],RQName [주식주문],TRCode [KOA_NORMAL_BUY_KP_ORD],메세지 [[00Z218] 모의투자 장종료 상태입니다]
[2017-07-31 16:03:21][실시간정보 : 주식주문],[조회코드 : KOA_NORMAL_BUY_KP_ORD],[전문 : ]
[2017-07-31 16:03:21][실시간정보 : 주식주문],[조회코드 : KOA_NORMAL_BUY_KP_ORD],[원주문번호 : ]
[2017-07-31 16:03:21]실시간정보[주식주문],조회코드[KOA_NORMAL_BUY_KP_ORD], 잘못된 원주문번호 입니다]
[2017-07-31 16:03:29][실시간정보 : 체결정보요청],[조회코드 : opt10003],[전문 : ]
[2017-07-31 16:03:29]실시간정보[체결정보요청],조회코드[opt10003],체결정보반복수[30]
[2017-07-31 16:03:34][매수주문:화면번호 [5007],계좌번호 [8091095211],매수구분 [1],종목코드 [030000],주문수량 [100],주문가격 [00],거래구분 [030000],원주문번호 [],정상여부 [True],에러코드 [0],
[2017-07-31 16:03:34]화면번호 [5006],RQName [주식주문],TRCode [KOA_NORMAL_BUY_KP_ORD],메세지 [[00Z218] 모의투자 장종료 상태입니다]
[2017-07-31 16:03:34][실시간정보 : 주식주문],[조회코드 : KOA_NORMAL_BUY_KP_ORD],[전문 : ]
[2017-07-31 16:03:34][실시간정보 : 주식주문],[조회코드 : KOA_NORMAL_BUY_KP_ORD],[원주문번호 : ]
[2017-07-31 16:03:34]실시간정보[주식주문],조회코드[KOA_NORMAL_BUY_KP_ORD], 잘못된 원주문번호 입니다]
