sRealKey : 005930
sRealType : 주식당일거래원
sRealData : 한  화	6025	+16	021	!!!!	한국투자증권	9224	+70	003	!!!!	모건스탠리	5591	+7	036	DHDB	삼  성	6400	+110	030	!!!!	C.L.S.A 증권	4756	+19	041	DHDB	JP모간서울	5551	+0	033	DGDB	삼  성	4702	0	030	!!!!	모건스탠리	5541	10	036	DGDB	미래대우	4085	+83	005	!!!!	SK  증권	3814	+0	025	!!!!	14587	+26	11092	+10	-3495	-16	1	51724	15234	14133	12014	11881	10315	23303	16178	14016	14003	9635	36860	28023	-8837	2526311	2527739	2524974	2527139	2526254	2528496	2527898	2525988	2526833	2524974	2526910	2526409	2528499	25159	30530	125	190
sRealKey : 005930
sRealType : 주식체결
sRealData : 105012	+2533000	+1000	+0.04	+2534000	+2533000	-1	51725	130671	-2521000	+2537000	-2518000	2	-127797	-325143324000	-28.81	0.04	8386	146.20	3309833	2	0	-28.67	000000	000000	8414	090027	095846	091228	19380	28333	+59.38	2628	2740	-2533
sRealKey : 005930
sRealType : 주식체결
sRealData : 105017	+2533000	+1000	+0.04	+2534000	+2533000	-1	51726	130673	-2521000	+2537000	-2518000	2	-127796	-325140791000	-28.81	0.04	8386	146.19	3309833	2	0	-28.67	000000	000000	8414	090027	095846	091228	19381	28333	+59.38	2629	2740	-2533
sRealKey : 005930
sRealType : 주식체결
sRealData : 105017	+2533000	+1000	+0.04	+2534000	+2533000	-2	51728	130679	-2521000	+2537000	-2518000	2	-127794	-325135725000	-28.81	0.04	8386	146.17	3309833	2	0	-28.67	000000	000000	8414	090027	095846	091228	19383	28333	+59.38	2630	2740	-5066
sRealKey : 005930
sRealType : 주식체결
sRealData : 105017	+2533000	+1000	+0.04	+2534000	+2533000	-2	51730	130684	-2521000	+2537000	-2518000	2	-127792	-325130659000	-28.82	0.04	8386	146.16	3309833	2	0	-28.67	000000	000000	8415	090027	095846	091228	19385	28333	+59.38	2631	2740	-5066
sRealKey : 005930
sRealType : 주식체결
sRealData : 105018	+2534000	+2000	+0.08	+2534000	+2533000	+1	51731	130686	-2521000	+2537000	-2518000	2	-127791	-325128125000	-28.82	0.04	8389	146.16	3311140	2	0	-28.67	000000	000000	8415	090027	095846	091228	19385	28334	+59.38	2631	2741	+2534
sRealKey : 005930
sRealType : 주식우선호가
sRealData : +2533000	2532000
sRealKey : 005930
sRealType : 주식체결
sRealData : 105018	+2533000	+1000	+0.04	+2533000	 2532000	-19	51750	130734	-2521000	+2537000	-2518000	2	-127772	-325079998000	-28.83	0.04	8386	146.02	3309833	2	0	-28.68	000000	000000	8418	090027	095846	091228	19404	28334	+59.35	2632	2741	-48127
sRealKey : 005930
sRealType : 주식체결
sRealData : 105022	 2532000	 0	0.00	+2533000	 2532000	-1	51751	130737	-2521000	+2537000	-2518000	3	-127771	-325077466000	-28.83	0.04	8383	146.01	3308526	2	0	-28.68	000000	000000	8418	090027	095846	091228	19405	28334	+59.35	2633	2741	-2532
sRealKey : 005930
sRealType : 주식체결
sRealData : 105027	 2532000	 0	0.00	+2533000	 2532000	-3	51754	130744	-2521000	+2537000	-2518000	3	-127768	-325069870000	-28.83	0.04	8383	145.99	3308526	2	0	-28.68	000000	000000	8418	090027	095846	091228	19408	28334	+59.35	2634	2741	-7596
sRealKey : 005930
sRealType : 주식체결
sRealData : 105027	+2533000	+1000	+0.04	+2533000	 2532000	+4	51758	130755	-2521000	+2537000	-2518000	2	-127764	-325059738000	-28.83	0.04	8386	146.01	3309833	2	0	-28.69	000000	000000	8419	090027	095846	091228	19408	28338	+59.35	2634	2742	+10132
sRealKey : 005930
sRealType : 주식체결
sRealData : 105030	 2532000	 0	0.00	+2533000	 2532000	-1	51759	130757	-2521000	+2537000	-2518000	3	-127763	-325057206000	-28.83	0.04	8383	146.00	3308526	2	0	-28.69	000000	000000	8415	090027	095846	091228	19409	28338	+59.35	2635	2742	-2532
sRealKey : 005930
sRealType : 주식체결
sRealData : 105033	 2532000	 0	0.00	+2533000	 2532000	-7	51766	130775	-2521000	+2537000	-2518000	3	-127756	-325039482000	-28.84	0.04	8383	145.95	3308526	2	0	-28.69	000000	000000	8416	090027	095846	091228	19416	28338	+59.34	2636	2742	-17724
sRealKey : 005930
sRealType : 주식체결
sRealData : 105033	 2532000	 0	0.00	+2533000	 2532000	-3	51769	130782	-2521000	+2537000	-2518000	3	-127753	-325031886000	-28.84	0.04	8383	145.93	3308526	2	0	-28.69	000000	000000	8416	090027	095846	091228	19419	28338	+59.34	2637	2742	-7596
sRealKey : 005930
sRealType : 주식우선호가
sRealData : +2534000	+2533000
sRealKey : 005930
sRealType : 주식체결
sRealData : 105034	+2533000	+1000	+0.04	+2534000	+2533000	+44	51813	130894	-2521000	+2537000	-2518000	2	-127709	-324920434000	-28.86	0.04	8386	146.16	3309833	2	0	-28.72	000000	000000	8423	090027	095846	091228	19419	28382	+59.38	2637	2743	+111452
sRealKey : 005930
sRealType : 주식체결
sRealData : 105037	+2533000	+1000	+0.04	+2534000	+2533000	-6	51819	130909	-2521000	+2537000	-2518000	2	-127703	-324905236000	-28.86	0.04	8386	146.11	3309833	2	0	-28.72	000000	000000	8424	090027	095846	091228	19425	28382	+59.37	2638	2743	-15198
sRealKey : 005930
sRealType : 주식체결
sRealData : 105037	+2533000	+1000	+0.04	+2534000	+2533000	-1	51820	130912	-2521000	+2537000	-2518000	2	-127702	-324902703000	-28.87	0.04	8386	146.10	3309833	2	0	-28.72	000000	000000	8425	090027	095846	091228	19426	28382	+59.37	2639	2743	-2533
sRealKey : 005930
sRealType : 주식체결
sRealData : 105038	+2534000	+2000	+0.08	+2534000	+2533000	+1	51821	130914	-2521000	+2537000	-2518000	2	-127701	-324900169000	-28.87	0.04	8389	146.11	3311140	2	0	-28.72	000000	000000	8425	090027	095846	091228	19426	28383	+59.37	2639	2744	+2534
sRealKey : 005930
sRealType : 주식체결
sRealData : 105039	+2533000	+1000	+0.04	+2534000	+2533000	-4	51825	130924	-2521000	+2537000	-2518000	2	-127697	-324890037000	-28.87	0.04	8386	146.08	3309833	2	0	-28.72	000000	000000	8425	090027	095846	091228	19430	28383	+59.36	2640	2744	-10132
sRealKey : 005930
sRealType : 주식체결
sRealData : 105040	+2534000	+2000	+0.08	+2534000	+2533000	+1	51826	130927	-2521000	+2537000	-2518000	2	-127696	-324887503000	-28.87	0.04	8389	146.08	3311140	2	0	-28.72	000000	000000	8425	090027	095846	091228	19430	28384	+59.36	2640	2745	+2534
sRealKey : 005930
sRealType : 주식체결
sRealData : 105040	+2534000	+2000	+0.08	+2534000	+2533000	+1	51827	130929	-2521000	+2537000	-2518000	2	-127695	-324884969000	-28.87	0.04	8389	146.09	3311140	2	0	-28.72	000000	000000	8426	090027	095846	091228	19430	28385	+59.36	2640	2746	+2534
sRealKey : 005930
sRealType : 주식체결
sRealData : 134336	+2538000	+6000	+0.24	+2539000	+2538000	-2	89013	225251	-2521000	+2544000	-2518000	2	-90509	-230563534000	-49.58	0.07	8402	123.25	3316366	2	0	-49.42	000000	000000	8477	090027	131819	091228	38075	46926	+55.21	6206	5003	-5076
sRealKey : 005930
sRealType : 주식체결
sRealData : 134337	+2538000	+6000	+0.24	+2539000	+2538000	-5	89018	225263	-2521000	+2544000	-2518000	2	-90504	-230550844000	-49.59	0.07	8402	123.23	3316366	2	0	-49.42	000000	000000	8478	090027	131819	091228	38080	46926	+55.20	6207	5003	-12690
sRealKey : 005930
sRealType : 주식체결
sRealData : 134344	+2538000	+6000	+0.24	+2539000	+2538000	-100	89118	225517	-2521000	+2544000	-2518000	2	-90404	-230297044000	-49.64	0.07	8402	122.91	3316366	2	0	-49.48	000000	000000	8487	090027	131819	091228	38180	46926	+55.14	6208	5003	-253800
sRealKey : 005930
sRealType : 주식체결
sRealData : 134345	+2538000	+6000	+0.24	+2539000	+2538000	-1	89119	225520	-2521000	+2544000	-2518000	2	-90403	-230294506000	-49.64	0.07	8402	122.90	3316366	2	0	-49.48	000000	000000	8487	090027	131819	091228	38181	46926	+55.14	6209	5003	-2538
sRealKey : 005930
sRealType : 주식체결
sRealData : 134346	+2538000	+6000	+0.24	+2539000	+2538000	-26	89145	225586	-2521000	+2544000	-2518000	2	-90377	-230228518000	-49.66	0.07	8402	122.82	3316366	2	0	-49.49	000000	000000	8490	090027	131819	091228	38207	46926	+55.12	6210	5003	-65988
sRealKey : 005930
sRealType : 주식체결
sRealData : 134346	+2538000	+6000	+0.24	+2539000	+2538000	-2	89147	225591	-2521000	+2544000	-2518000	2	-90375	-230223442000	-49.66	0.07	8402	122.81	3316366	2	0	-49.49	000000	000000	8490	090027	131819	091228	38209	46926	+55.12	6211	5003	-5076
sRealKey : 005930
sRealType : 주식체결
sRealData : 134347	+2538000	+6000	+0.24	+2539000	+2538000	-13	89160	225624	-2521000	+2544000	-2518000	2	-90362	-230190448000	-49.67	0.07	8402	122.77	3316366	2	0	-49.50	000000	000000	8491	090027	131819	091228	38222	46926	+55.11	6212	5003	-32994
sRealKey : 005930
sRealType : 주식체결
sRealData : 134347	+2538000	+6000	+0.24	+2539000	+2538000	-1	89161	225626	-2521000	+2544000	-2518000	2	-90361	-230187910000	-49.67	0.07	8402	122.77	3316366	2	0	-49.50	000000	000000	8491	090027	131819	091228	38223	46926	+55.11	6213	5003	-2538
sRealKey : 005930
sRealType : 주식체결
sRealData : 134347	+2538000	+6000	+0.24	+2539000	+2538000	-1	89162	225629	-2521000	+2544000	-2518000	2	-90360	-230185372000	-49.67	0.07	8402	122.77	3316366	2	0	-49.50	000000	000000	8491	090027	131819	091228	38224	46926	+55.11	6214	5003	-2538
sRealKey : 005930
sRealType : 주식체결
sRealData : 134347	+2538000	+6000	+0.24	+2539000	+2538000	-2	89164	225634	-2521000	+2544000	-2518000	2	-90358	-230180296000	-49.67	0.07	8402	122.76	3316366	2	0	-49.50	000000	000000	8492	090027	131819	091228	38226	46926	+55.11	6215	5003	-5076
sRealKey : 005930
sRealType : 주식체결
sRealData : 134348	+2538000	+6000	+0.24	+2539000	+2538000	-8	89172	225654	-2521000	+2544000	-2518000	2	-90350	-230159992000	-49.67	0.07	8402	122.73	3316366	2	0	-49.51	000000	000000	8492	090027	131819	091228	38234	46926	+55.10	6216	5003	-20304
sRealKey : 005930
sRealType : 주식체결
sRealData : 134348	+2538000	+6000	+0.24	+2539000	+2538000	-6	89178	225670	-2521000	+2544000	-2518000	2	-90344	-230144764000	-49.68	0.07	8402	122.71	3316366	2	0	-49.51	000000	000000	8493	090027	131819	091228	38240	46926	+55.10	6217	5003	-15228
sRealKey : 005930
sRealType : 주식체결
sRealData : 134348	+2538000	+6000	+0.24	+2539000	+2538000	-2	89180	225675	-2521000	+2544000	-2518000	2	-90342	-230139688000	-49.68	0.07	8402	122.71	3316366	2	0	-49.51	000000	000000	8493	090027	131819	091228	38242	46926	+55.10	6218	5003	-5076
sRealKey : 005930
sRealType : 주식체결
sRealData : 134348	+2538000	+6000	+0.24	+2539000	+2538000	-4	89184	225685	-2521000	+2544000	-2518000	2	-90338	-230129536000	-49.68	0.07	8402	122.70	3316366	2	0	-49.51	000000	000000	8494	090027	131819	091228	38246	46926	+55.10	6219	5003	-10152
sRealKey : 005930
sRealType : 주식체결
sRealData : 134349	+2538000	+6000	+0.24	+2539000	+2538000	-1	89185	225687	-2521000	+2544000	-2518000	2	-90337	-230126998000	-49.68	0.07	8402	122.69	3316366	2	0	-49.51	000000	000000	8494	090027	131819	091228	38247	46926	+55.09	6220	5003	-2538
sRealKey : 005930
sRealType : 주식체결
sRealData : 134349	+2538000	+6000	+0.24	+2539000	+2538000	-1	89186	225690	-2521000	+2544000	-2518000	2	-90336	-230124460000	-49.68	0.07	8402	122.69	3316366	2	0	-49.51	000000	000000	8494	090027	131819	091228	38248	46926	+55.09	6221	5003	-2538
sRealKey : 005930
sRealType : 주식우선호가
sRealData : +2538000	+2537000
sRealKey : 005930
sRealType : 주식체결
sRealData : 134350	+2538000	+6000	+0.24	+2538000	+2537000	-13	89199	225723	-2521000	+2544000	-2518000	2	-90323	-230091466000	-49.69	0.07	8402	122.65	3316366	2	0	-49.52	000000	000000	8495	090027	131819	091228	38261	46926	+55.09	6222	5003	-32994
sRealKey : 005930
sRealType : 주식체결
sRealData : 134350	+2537000	+5000	+0.20	+2538000	+2537000	-1	89200	225725	-2521000	+2544000	-2518000	2	-90322	-230088929000	-49.69	0.07	8399	122.64	3315060	2	0	-49.52	000000	000000	8495	090027	131819	091228	38262	46926	+55.09	6223	5003	-2537
sRealKey : 005930
sRealType : 주식체결
sRealData : 134350	+2537000	+5000	+0.20	+2538000	+2537000	-19	89219	225774	-2521000	+2544000	-2518000	2	-90303	-230040726000	-49.70	0.07	8399	122.58	3315060	2	0	-49.53	000000	000000	8497	090027	131819	091228	38281	46926	+55.07	6224	5003	-48203
sRealKey : 005930
sRealType : 주식체결
sRealData : 134351	+2537000	+5000	+0.20	+2538000	+2537000	-4	89223	225784	-2521000	+2544000	-2518000	2	-90299	-230030578000	-49.70	0.07	8399	122.57	3315060	2	0	-49.53	000000	000000	8497	090027	131819	091228	38285	46926	+55.07	6225	5003	-10148
sRealKey : 005930
sRealType : 주식체결
sRealData : 134351	+2537000	+5000	+0.20	+2538000	+2537000	-1	89224	225786	-2521000	+2544000	-2518000	2	-90298	-230028041000	-49.70	0.07	8399	122.57	3315060	2	0	-49.53	000000	000000	8497	090027	131819	091228	38286	46926	+55.07	6226	5003	-2537
sRealKey : 005930
sRealType : 주식체결
sRealData : 134352	+2537000	+5000	+0.20	+2538000	+2537000	-3	89227	225794	-2521000	+2544000	-2518000	2	-90295	-230020430000	-49.70	0.07	8399	122.56	3315060	2	0	-49.54	000000	000000	8498	090027	131819	091228	38289	46926	+55.07	6227	5003	-7611
sRealKey : 039490
sRealType : 주식체결
sRealData : 134353	 91100	 0	0.00	+91200	 91100	-1	33245	3010	-90000	+91200	-90000	3	-107525	-9660255900	-23.62	0.15	302	51.67	20133	2	0	-23.76	000000	000000	3565	090012	134342	090012	21361	11038	-34.07	1732	653	-91
sRealKey : 005930
sRealType : 주식체결
sRealData : 134353	+2537000	+5000	+0.20	+2538000	+2537000	-1	89228	225796	-2521000	+2544000	-2518000	2	-90294	-230017893000	-49.70	0.07	8399	122.55	3315060	2	0	-49.54	000000	000000	8498	090027	131819	091228	38290	46926	+55.07	6228	5003	-2537
sRealKey : 039490
sRealType : 주식체결
sRealData : 134353	 91100	 0	0.00	+91200	 91100	-1	33246	3010	-90000	+91200	-90000	3	-107524	-9660164800	-23.62	0.15	302	51.67	20133	2	0	-23.76	000000	000000	3565	090012	134342	090012	21362	11038	-34.07	1733	653	-91
sRealKey : 005930
sRealType : 주식체결
sRealData : 134354	+2537000	+5000	+0.20	+2538000	+2537000	-1	89229	225799	-2521000	+2544000	-2518000	2	-90293	-230015356000	-49.70	0.07	8399	122.55	3315060	2	0	-49.54	000000	000000	8498	090027	131819	091228	38291	46926	+55.07	6229	5003	-2537
sRealKey : 005930
sRealType : 주식체결
sRealData : 134354	+2537000	+5000	+0.20	+2538000	+2537000	-2	89231	225804	-2521000	+2544000	-2518000	2	-90291	-230010282000	-49.70	0.07	8399	122.54	3315060	2	0	-49.54	000000	000000	8498	090027	131819	091228	38293	46926	+55.07	6230	5003	-5074
sRealKey : 005930
sRealType : 주식체결
sRealData : 134355	+2538000	+6000	+0.24	+2538000	+2537000	+38	89269	225900	-2521000	+2544000	-2518000	2	-90253	-229913838000	-49.73	0.07	8402	122.64	3316366	2	0	-49.56	000000	000000	8502	090027	131819	091228	38293	46964	+55.09	6230	5004	+96444
sRealKey : 005930
sRealType : 주식체결
sRealData : 134356	+2537000	+5000	+0.20	+2538000	+2537000	-4	89273	225911	-2521000	+2544000	-2518000	2	-90249	-229903690000	-49.73	0.07	8399	122.63	3315060	2	0	-49.56	000000	000000	8502	090027	131819	091228	38297	46964	+55.08	6231	5004	-10148
sRealKey : 039490
sRealType : 주식체결
sRealData : 134356	 91100	 0	0.00	+91200	 91100	-10	33256	3011	-90000	+91200	-90000	3	-107514	-9659253800	-23.62	0.15	302	51.65	20133	2	0	-23.76	000000	000000	3566	090012	134342	090012	21372	11038	-34.06	1734	653	-911
sRealKey : 005930
sRealType : 주식체결
sRealData : 134357	+2537000	+5000	+0.20	+2538000	+2537000	-12	89285	225941	-2521000	+2544000	-2518000	2	-90237	-229873246000	-49.73	0.07	8399	122.59	3315060	2	0	-49.57	000000	000000	8503	090027	131819	091228	38309	46964	+55.07	6232	5004	-30444
sRealKey : 005930
sRealType : 주식체결
sRealData : 134357	+2538000	+6000	+0.24	+2538000	+2537000	+1	89286	225944	-2521000	+2544000	-2518000	2	-90236	-229870708000	-49.74	0.07	8402	122.60	3316366	2	0	-49.57	000000	000000	8503	090027	131819	091228	38309	46965	+55.08	6232	5005	+2538
sRealKey : 039490
sRealType : 주식체결
sRealData : 134357	 91100	 0	0.00	+91200	 91100	-9	33265	3011	-90000	+91200	-90000	3	-107505	-9658433900	-23.63	0.15	302	51.63	20133	2	0	-23.77	000000	000000	3567	090012	134342	090012	21381	11038	-34.05	1735	653	-819
sRealKey : 039490
sRealType : 주식체결
sRealData : 134357	 91100	 0	0.00	+91200	 91100	-11	33276	3012	-90000	+91200	-90000	3	-107494	-9657431800	-23.64	0.15	302	51.60	20133	2	0	-23.78	000000	000000	3568	090012	134342	090012	21392	11038	-34.04	1736	653	-1002
sRealKey : 005930
sRealType : 주식체결
sRealData : 134358	+2537000	+5000	+0.20	+2538000	+2537000	-1	89287	225946	-2521000	+2544000	-2518000	2	-90235	-229868171000	-49.74	0.07	8399	122.59	3315060	2	0	-49.57	000000	000000	8503	090027	131819	091228	38310	46965	+55.07	6233	5005	-2537
sRealKey : 005930
sRealType : 주식체결
sRealData : 134358	+2537000	+5000	+0.20	+2538000	+2537000	-3	89290	225954	-2521000	+2544000	-2518000	2	-90232	-229860560000	-49.74	0.07	8399	122.58	3315060	2	0	-49.57	000000	000000	8504	090027	131819	091228	38313	46965	+55.07	6234	5005	-7611
sRealKey : 005930
sRealType : 주식체결
sRealData : 134400	+2537000	+5000	+0.20	+2538000	+2537000	-2	89292	225959	-2521000	+2544000	-2518000	2	-90230	-229855486000	-49.74	0.07	8399	122.58	3315060	2	0	-49.57	000000	000000	8477	090027	131819	091228	38315	46965	+55.07	6235	5005	-5074
sRealKey : 039490
sRealType : 주식체결
sRealData : 134400	 91100	 0	0.00	+91200	 91100	-3	33279	3013	-90000	+91200	-90000	3	-107491	-9657158500	-23.64	0.15	302	51.59	20133	2	0	-23.78	000000	000000	3562	090012	134342	090012	21395	11038	-34.03	1737	653	-273
sRealKey : 005930
sRealType : 주식체결
sRealData : 134401	+2537000	+5000	+0.20	+2538000	+2537000	-1	89293	225961	-2521000	+2544000	-2518000	2	-90229	-229852949000	-49.74	0.07	8399	122.57	3315060	2	0	-49.57	000000	000000	8477	090027	131819	091228	38316	46965	+55.07	6236	5005	-2537
sRealKey : 005930
sRealType : 주식체결
sRealData : 134402	+2537000	+5000	+0.20	+2538000	+2537000	-2	89295	225966	-2521000	+2544000	-2518000	2	-90227	-229847875000	-49.74	0.07	8399	122.57	3315060	2	0	-49.57	000000	000000	8477	090027	131819	091228	38318	46965	+55.07	6237	5005	-5074
sRealKey : 005930
sRealType : 주식체결
sRealData : 134402	+2537000	+5000	+0.20	+2538000	+2537000	-2	89297	225971	-2521000	+2544000	-2518000	2	-90225	-229842801000	-49.74	0.07	8399	122.56	3315060	2	0	-49.58	000000	000000	8477	090027	131819	091228	38320	46965	+55.07	6238	5005	-5074
sRealKey : 005930
sRealType : 주식체결
sRealData : 134404	+2537000	+5000	+0.20	+2538000	+2537000	-1	89298	225974	-2521000	+2544000	-2518000	2	-90224	-229840264000	-49.74	0.07	8399	122.56	3315060	2	0	-49.58	000000	000000	8477	090027	131819	091228	38321	46965	+55.07	6239	5005	-2537
sRealKey : 005930
sRealType : 주식체결
sRealData : 134404	+2537000	+5000	+0.20	+2538000	+2537000	-1	89299	225977	-2521000	+2544000	-2518000	2	-90223	-229837727000	-49.74	0.07	8399	122.55	3315060	2	0	-49.58	000000	000000	8477	090027	131819	091228	38322	46965	+55.07	6240	5005	-2537
sRealKey : 005930
sRealType : 주식체결
sRealData : 134404	+2537000	+5000	+0.20	+2538000	+2537000	-2	89301	225982	-2521000	+2544000	-2518000	2	-90221	-229832653000	-49.74	0.07	8399	122.55	3315060	2	0	-49.58	000000	000000	8478	090027	131819	091228	38324	46965	+55.07	6241	5005	-5074
sRealKey : 005930
sRealType : 주식당일거래원
sRealData : 한  화	10905	+43	021	!!!!	삼  성	17380	+140	030	!!!!	C.L.S.A 증권	9377	+22	041	DHDB	한국투자증권	14661	+201	003	!!!!	모건스탠리	8965	+98	036	DHDB	모건스탠리	7662	+24	036	DGDB	미래대우	7568	+150	005	!!!!	JP모간서울	5799	+0	033	DGDB	한국투자증권	6926	+2	003	!!!!	SK  증권	4946	+0	025	!!!!	22582	+120	13461	+24	-9121	-96	1	89301	27612	23730	22693	19153	17536	44033	37097	19382	14645	12508	57134	34031	-23103	2533549	2530344	2529658	2525372	2528950	2532028	2530649	2531238	2530734	2531838	2530053	2528091	2532948	43741	50448	315	365
sRealKey : 005930
sRealType : 주식체결
sRealData : 134406	+2537000	+5000	+0.20	+2538000	+2537000	-1	89302	225984	-2521000	+2544000	-2518000	2	-90220	-229830116000	-49.74	0.07	8399	122.54	3315060	2	0	-49.58	000000	000000	8478	090027	131819	091228	38325	46965	+55.07	6242	5005	-2537
sRealKey : 005930
sRealType : 주식체결
sRealData : 134407	+2537000	+5000	+0.20	+2538000	+2537000	-2	89304	225989	-2521000	+2544000	-2518000	2	-90218	-229825042000	-49.75	0.07	8399	122.54	3315060	2	0	-49.58	000000	000000	8478	090027	131819	091228	38327	46965	+55.06	6243	5005	-5074
sRealKey : 005930
sRealType : 주식체결
sRealData : 134407	+2537000	+5000	+0.20	+2538000	+2537000	-1	89305	225992	-2521000	+2544000	-2518000	2	-90217	-229822505000	-49.75	0.07	8399	122.53	3315060	2	0	-49.58	000000	000000	8478	090027	131819	091228	38328	46965	+55.06	6244	5005	-2537
sRealKey : 005930
sRealType : 주식체결
sRealData : 134408	+2537000	+5000	+0.20	+2538000	+2537000	-2	89307	225997	-2521000	+2544000	-2518000	2	-90215	-229817431000	-49.75	0.07	8399	122.53	3315060	2	0	-49.58	000000	000000	8478	090027	131819	091228	38330	46965	+55.06	6245	5005	-5074
sRealKey : 005930
sRealType : 주식체결
sRealData : 134408	+2537000	+5000	+0.20	+2538000	+2537000	-1	89308	225999	-2521000	+2544000	-2518000	2	-90214	-229814894000	-49.75	0.07	8399	122.52	3315060	2	0	-49.58	000000	000000	8478	090027	131819	091228	38331	46965	+55.06	6246	5005	-2537
sRealKey : 005930
sRealType : 주식체결
sRealData : 134408	+2537000	+5000	+0.20	+2538000	+2537000	-2	89310	226004	-2521000	+2544000	-2518000	2	-90212	-229809820000	-49.75	0.07	8399	122.52	3315060	2	0	-49.58	000000	000000	8479	090027	131819	091228	38333	46965	+55.06	6247	5005	-5074
sRealKey : 005930
sRealType : 주식체결
sRealData : 134408	+2537000	+5000	+0.20	+2538000	+2537000	-1	89311	226007	-2521000	+2544000	-2518000	2	-90211	-229807283000	-49.75	0.07	8399	122.52	3315060	2	0	-49.58	000000	000000	8479	090027	131819	091228	38334	46965	+55.06	6248	5005	-2537
sRealKey : 005930
sRealType : 주식체결
sRealData : 134408	+2537000	+5000	+0.20	+2538000	+2537000	-1	89312	226010	-2521000	+2544000	-2518000	2	-90210	-229804746000	-49.75	0.07	8399	122.51	3315060	2	0	-49.58	000000	000000	8479	090027	131819	091228	38335	46965	+55.06	6249	5005	-2537
sRealKey : 005930
sRealType : 주식체결
sRealData : 134410	+2537000	+5000	+0.20	+2538000	+2537000	-1	89313	226012	-2521000	+2544000	-2518000	2	-90209	-229802209000	-49.75	0.07	8399	122.51	3315060	2	0	-49.58	000000	000000	8479	090027	131819	091228	38336	46965	+55.06	6250	5005	-2537
sRealKey : 005930
sRealType : 주식체결
sRealData : 134410	+2537000	+5000	+0.20	+2538000	+2537000	-1	89314	226015	-2521000	+2544000	-2518000	2	-90208	-229799672000	-49.75	0.07	8399	122.51	3315060	2	0	-49.58	000000	000000	8479	090027	131819	091228	38337	46965	+55.06	6251	5005	-2537
sRealKey : 039490
sRealType : 주식체결
sRealData : 134414	 91100	 0	0.00	+91200	 91100	-1	33280	3013	-90000	+91200	-90000	3	-107490	-9657067400	-23.64	0.15	302	51.59	20133	2	0	-23.78	000000	000000	3562	090012	134342	090012	21396	11038	-34.03	1738	653	-91
sRealKey : 005930
sRealType : 주식체결
sRealData : 134415	+2537000	+5000	+0.20	+2538000	+2537000	-1	89315	226017	-2521000	+2544000	-2518000	2	-90207	-229797135000	-49.75	0.07	8399	122.50	3315060	2	0	-49.59	000000	000000	8479	090027	131819	091228	38338	46965	+55.06	6252	5005	-2537
sRealKey : 039490
sRealType : 주식체결
sRealData : 134415	 91100	 0	0.00	+91200	 91100	-2	33282	3013	-90000	+91200	-90000	3	-107488	-9656885200	-23.64	0.15	302	51.58	20133	2	0	-23.78	000000	000000	3562	090012	134342	090012	21398	11038	-34.03	1739	653	-182
sRealKey : 005930
sRealType : 주식체결
sRealData : 134415	+2537000	+5000	+0.20	+2538000	+2537000	-1	89316	226020	-2521000	+2544000	-2518000	2	-90206	-229794598000	-49.75	0.07	8399	122.50	3315060	2	0	-49.59	000000	000000	8479	090027	131819	091228	38339	46965	+55.06	6253	5005	-2537
sRealKey : 005930
sRealType : 주식체결
sRealData : 134415	+2537000	+5000	+0.20	+2538000	+2537000	-1	89317	226022	-2521000	+2544000	-2518000	2	-90205	-229792061000	-49.75	0.07	8399	122.50	3315060	2	0	-49.59	000000	000000	8479	090027	131819	091228	38340	46965	+55.06	6254	5005	-2537
sRealKey : 039490
sRealType : 주식체결
sRealData : 134416	+91200	+100	+0.11	+91200	 91100	+62	33344	3019	-90000	+91200	-90000	2	-107426	-9651230800	-23.69	0.15	302	51.87	20155	2	0	-23.83	000000	000000	3569	090012	134416	090012	21398	11100	-34.16	1739	654	+5654
sRealKey : 005930
sRealType : 주식체결
sRealData : 134416	+2537000	+5000	+0.20	+2538000	+2537000	-1	89318	226025	-2521000	+2544000	-2518000	2	-90204	-229789524000	-49.75	0.07	8399	122.49	3315060	2	0	-49.59	000000	000000	8479	090027	131819	091228	38341	46965	+55.05	6255	5005	-2537
sRealKey : 005930
sRealType : 주식체결
sRealData : 134416	+2537000	+5000	+0.20	+2538000	+2537000	-1	89319	226027	-2521000	+2544000	-2518000	2	-90203	-229786987000	-49.75	0.07	8399	122.49	3315060	2	0	-49.59	000000	000000	8479	090027	131819	091228	38342	46965	+55.05	6256	5005	-2537
sRealKey : 005930
sRealType : 주식체결
sRealData : 134416	+2537000	+5000	+0.20	+2538000	+2537000	-4	89323	226037	-2521000	+2544000	-2518000	2	-90199	-229776839000	-49.76	0.07	8399	122.48	3315060	2	0	-49.59	000000	000000	8480	090027	131819	091228	38346	46965	+55.05	6257	5005	-10148
sRealKey : 005930
sRealType : 주식체결
sRealData : 134417	+2537000	+5000	+0.20	+2538000	+2537000	-4	89327	226048	-2521000	+2544000	-2518000	2	-90195	-229766691000	-49.76	0.07	8399	122.46	3315060	2	0	-49.59	000000	000000	8480	090027	131819	091228	38350	46965	+55.05	6258	5005	-10148
sRealKey : 005930
sRealType : 주식체결
sRealData : 134417	+2537000	+5000	+0.20	+2538000	+2537000	-2	89329	226053	-2521000	+2544000	-2518000	2	-90193	-229761617000	-49.76	0.07	8399	122.46	3315060	2	0	-49.59	000000	000000	8480	090027	131819	091228	38352	46965	+55.05	6259	5005	-5074
sRealKey : 005930
sRealType : 주식체결
sRealData : 134417	+2537000	+5000	+0.20	+2538000	+2537000	-1	89330	226055	-2521000	+2544000	-2518000	2	-90192	-229759080000	-49.76	0.07	8399	122.45	3315060	2	0	-49.59	000000	000000	8480	090027	131819	091228	38353	46965	+55.05	6260	5005	-2537
sRealKey : 005930
sRealType : 주식체결
sRealData : 134417	+2537000	+5000	+0.20	+2538000	+2537000	-8	89338	226075	-2521000	+2544000	-2518000	2	-90184	-229738784000	-49.76	0.07	8399	122.43	3315060	2	0	-49.60	000000	000000	8481	090027	131819	091228	38361	46965	+55.04	6261	5005	-20296
sRealKey : 005930
sRealType : 주식체결
sRealData : 134417	+2537000	+5000	+0.20	+2538000	+2537000	-3	89341	226083	-2521000	+2544000	-2518000	2	-90181	-229731173000	-49.77	0.07	8399	122.42	3315060	2	0	-49.60	000000	000000	8481	090027	131819	091228	38364	46965	+55.04	6262	5005	-7611
sRealKey : 005930
sRealType : 주식체결
sRealData : 134418	+2538000	+6000	+0.24	+2538000	+2537000	+3	89344	226091	-2521000	+2544000	-2518000	2	-90178	-229723559000	-49.77	0.07	8402	122.43	3316366	2	0	-49.60	000000	000000	8482	090027	131819	091228	38364	46968	+55.04	6262	5006	+7614
sRealKey : 005930
sRealType : 주식체결
sRealData : 134418	+2537000	+5000	+0.20	+2538000	+2537000	-6	89350	226106	-2521000	+2544000	-2518000	2	-90172	-229708337000	-49.77	0.07	8399	122.41	3315060	2	0	-49.60	000000	000000	8482	090027	131819	091228	38370	46968	+55.04	6263	5006	-15222
sRealKey : 005930
sRealType : 주식체결
sRealData : 134418	+2537000	+5000	+0.20	+2538000	+2537000	-3	89353	226114	-2521000	+2544000	-2518000	2	-90169	-229700726000	-49.77	0.07	8399	122.40	3315060	2	0	-49.61	000000	000000	8483	090027	131819	091228	38373	46968	+55.04	6264	5006	-7611
sRealKey : 005930
sRealType : 주식체결
sRealData : 134419	+2537000	+5000	+0.20	+2538000	+2537000	-1	89354	226116	-2521000	+2544000	-2518000	2	-90168	-229698189000	-49.77	0.07	8399	122.40	3315060	2	0	-49.61	000000	000000	8483	090027	131819	091228	38374	46968	+55.04	6265	5006	-2537
sRealKey : 039490
sRealType : 주식체결
sRealData : 134419	+91200	+100	+0.11	+91200	 91100	+5	33349	3019	-90000	+91200	-90000	2	-107421	-9650774800	-23.69	0.15	302	51.90	20155	2	0	-23.83	000000	000000	3569	090012	134419	090012	21398	11105	-34.17	1739	655	+456
sRealKey : 005930
sRealType : 주식체결
sRealData : 134419	+2537000	+5000	+0.20	+2538000	+2537000	-3	89357	226124	-2521000	+2544000	-2518000	2	-90165	-229690578000	-49.77	0.07	8399	122.39	3315060	2	0	-49.61	000000	000000	8483	090027	131819	091228	38377	46968	+55.03	6266	5006	-7611
sRealKey : 005930
sRealType : 주식체결
sRealData : 134419	+2537000	+5000	+0.20	+2538000	+2537000	-1	89358	226126	-2521000	+2544000	-2518000	2	-90164	-229688041000	-49.78	0.07	8399	122.38	3315060	2	0	-49.61	000000	000000	8483	090027	131819	091228	38378	46968	+55.03	6267	5006	-2537
sRealKey : 005930
sRealType : 주식체결
sRealData : 134419	+2537000	+5000	+0.20	+2538000	+2537000	-1	89359	226129	-2521000	+2544000	-2518000	2	-90163	-229685504000	-49.78	0.07	8399	122.38	3315060	2	0	-49.61	000000	000000	8483	090027	131819	091228	38379	46968	+55.03	6268	5006	-2537
sRealKey : 005930
sRealType : 주식체결
sRealData : 134419	+2537000	+5000	+0.20	+2538000	+2537000	-1	89360	226131	-2521000	+2544000	-2518000	2	-90162	-229682967000	-49.78	0.07	8399	122.38	3315060	2	0	-49.61	000000	000000	8483	090027	131819	091228	38380	46968	+55.03	6269	5006	-2537
sRealKey : 005930
sRealType : 주식체결
sRealData : 134420	+2537000	+5000	+0.20	+2538000	+2537000	-2	89362	226136	-2521000	+2544000	-2518000	2	-90160	-229677893000	-49.78	0.07	8399	122.37	3315060	2	0	-49.61	000000	000000	8483	090027	131819	091228	38382	46968	+55.03	6270	5006	-5074
sRealKey : 005930
sRealType : 주식체결
sRealData : 134421	+2538000	+6000	+0.24	+2538000	+2537000	+1	89363	226139	-2521000	+2544000	-2518000	2	-90159	-229675355000	-49.78	0.07	8402	122.37	3316366	2	0	-49.61	000000	000000	8484	090027	131819	091228	38382	46969	+55.03	6270	5007	+2538
sRealKey : 005930
sRealType : 주식체결
sRealData : 134422	+2537000	+5000	+0.20	+2538000	+2537000	-1	89364	226141	-2521000	+2544000	-2518000	2	-90158	-229672818000	-49.78	0.07	8399	122.37	3315060	2	0	-49.61	000000	000000	8484	090027	131819	091228	38383	46969	+55.03	6271	5007	-2537
sRealKey : 005930
sRealType : 주식체결
sRealData : 134422	+2537000	+5000	+0.20	+2538000	+2537000	-2	89366	226147	-2521000	+2544000	-2518000	2	-90156	-229667744000	-49.78	0.07	8399	122.36	3315060	2	0	-49.61	000000	000000	8484	090027	131819	091228	38385	46969	+55.03	6272	5007	-5074
sRealKey : 005930
sRealType : 주식체결
sRealData : 134422	+2538000	+6000	+0.24	+2538000	+2537000	+1	89367	226149	-2521000	+2544000	-2518000	2	-90155	-229665206000	-49.78	0.07	8402	122.37	3316366	2	0	-49.61	000000	000000	8484	090027	131819	091228	38385	46970	+55.03	6272	5008	+2538
sRealKey : 005930
sRealType : 주식체결
sRealData : 134422	+2537000	+5000	+0.20	+2538000	+2537000	-97	89464	226395	-2521000	+2544000	-2518000	2	-90058	-229419117000	-49.83	0.07	8399	122.06	3315060	2	0	-49.67	000000	000000	8493	090027	131819	091228	38482	46970	+54.97	6273	5008	-246089
sRealKey : 005930
sRealType : 주식체결
sRealData : 134424	+2537000	+5000	+0.20	+2538000	+2537000	-1	89465	226398	-2521000	+2544000	-2518000	2	-90057	-229416580000	-49.84	0.07	8399	122.05	3315060	2	0	-49.67	000000	000000	8493	090027	131819	091228	38483	46970	+54.97	6274	5008	-2537
sRealKey : 005930
sRealType : 주식체결
sRealData : 134424	+2537000	+5000	+0.20	+2538000	+2537000	-9	89474	226421	-2521000	+2544000	-2518000	2	-90048	-229393747000	-49.84	0.07	8399	122.03	3315060	2	0	-49.67	000000	000000	8494	090027	131819	091228	38492	46970	+54.96	6275	5008	-22833
sRealKey : 039490
sRealType : 주식체결
sRealData : 134426	+91200	+100	+0.11	+91200	 91100	+1	33350	3019	-90000	+91200	-90000	2	-107420	-9650683600	-23.69	0.15	302	51.90	20155	2	0	-23.83	000000	000000	3569	090012	134426	090012	21398	11106	-34.17	1739	656	+91
sRealKey : 005930
sRealType : 주식체결
sRealData : 134426	+2537000	+5000	+0.20	+2538000	+2537000	-6	89480	226436	-2521000	+2544000	-2518000	2	-90042	-229378525000	-49.84	0.07	8399	122.01	3315060	2	0	-49.68	000000	000000	8495	090027	131819	091228	38498	46970	+54.96	6276	5008	-15222
sRealKey : 005930
sRealType : 주식체결
sRealData : 134426	+2538000	+6000	+0.24	+2538000	+2537000	+1	89481	226438	-2521000	+2544000	-2518000	2	-90041	-229375987000	-49.84	0.07	8402	122.01	3316366	2	0	-49.68	000000	000000	8495	090027	131819	091228	38498	46971	+54.96	6276	5009	+2538
sRealKey : 039490
sRealType : 주식당일거래원
sRealData : 삼  성	4281	+57	030	!!!!	도이치코리아	4512	+27	058	DGDB	하나금융투자	4229	+20	056	!!!!	키움증권	3999	+0	050	!!!!	키움증권	3810	+7	050	!!!!	모건스탠리	3449	+7	036	DGDB	미래대우	3552	+34	005	!!!!	신  영	2291	+0	006	!!!!	메리츠	3158	0	010	!!!!	현  대	2249	12	017	!!!!	263	0	8004	+34	+7741	+34	1	33350	388	383	346	323	286	409	361	312	208	203	24	725	+701	90549	90283	90493	90960	90481	90572	90473	90721	91008	90466	90370	90530	+90535	19030	16500	118	46
sRealKey : 005930
sRealType : 주식체결
sRealData : 134428	+2537000	+5000	+0.20	+2538000	+2537000	-4	89485	226448	-2521000	+2544000	-2518000	2	-90037	-229365839000	-49.85	0.07	8399	122.00	3315060	2	0	-49.68	000000	000000	8495	090027	131819	091228	38502	46971	+54.95	6277	5009	-10148
sRealKey : 039490
sRealType : 주식체결
sRealData : 134429	 91100	 0	0.00	+91200	 91100	-4	33354	3020	-90000	+91200	-90000	3	-107416	-9650319200	-23.69	0.15	302	51.89	20133	2	0	-23.84	000000	000000	3570	090012	134426	090012	21402	11106	-34.16	1740	656	-364
sRealKey : 005930
sRealType : 주식체결
sRealData : 134430	+2538000	+6000	+0.24	+2538000	+2537000	+2	89487	226454	-2521000	+2544000	-2518000	2	-90035	-229360763000	-49.85	0.07	8402	122.00	3316366	2	0	-49.68	000000	000000	8487	090027	131819	091228	38502	46973	+54.96	6277	5010	+5076
sRealKey : 005930
sRealType : 주식체결
sRealData : 134430	+2538000	+6000	+0.24	+2538000	+2537000	+37	89524	226547	-2521000	+2544000	-2518000	2	-89998	-229266857000	-49.87	0.07	8402	122.10	3316366	2	0	-49.70	000000	000000	8490	090027	131819	091228	38502	47010	+54.97	6277	5011	+93906
sRealKey : 005930
sRealType : 주식체결
sRealData : 134430	+2537000	+5000	+0.20	+2538000	+2537000	-6	89530	226563	-2521000	+2544000	-2518000	2	-89992	-229251635000	-49.87	0.07	8399	122.08	3315060	2	0	-49.71	000000	000000	8491	090027	131819	091228	38508	47010	+54.97	6278	5011	-15222
sRealKey : 005930
sRealType : 주식체결
sRealData : 134432	+2537000	+5000	+0.20	+2538000	+2537000	-5	89535	226575	-2521000	+2544000	-2518000	2	-89987	-229238950000	-49.87	0.07	8399	122.06	3315060	2	0	-49.71	000000	000000	8491	090027	131819	091228	38513	47010	+54.97	6279	5011	-12685
sRealKey : 005930
sRealType : 주식체결
sRealData : 134434	+2537000	+5000	+0.20	+2538000	+2537000	-3	89538	226583	-2521000	+2544000	-2518000	2	-89984	-229231339000	-49.88	0.07	8399	122.05	3315060	2	0	-49.71	000000	000000	8491	090027	131819	091228	38516	47010	+54.97	6280	5011	-7611
sRealKey : 005930
sRealType : 주식체결
sRealData : 134436	+2537000	+5000	+0.20	+2538000	+2537000	-2	89540	226588	-2521000	+2544000	-2518000	2	-89982	-229226265000	-49.88	0.07	8399	122.05	3315060	2	0	-49.71	000000	000000	8492	090027	131819	091228	38518	47010	+54.96	6281	5011	-5074
sRealKey : 005930
sRealType : 주식체결
sRealData : 134437	+2537000	+5000	+0.20	+2538000	+2537000	-5	89545	226601	-2521000	+2544000	-2518000	2	-89977	-229213580000	-49.88	0.07	8399	122.03	3315060	2	0	-49.71	000000	000000	8492	090027	131819	091228	38523	47010	+54.96	6282	5011	-12685
sRealKey : 005930
sRealType : 주식체결
sRealData : 134438	+2537000	+5000	+0.20	+2538000	+2537000	-2	89547	226606	-2521000	+2544000	-2518000	2	-89975	-229208506000	-49.88	0.07	8399	122.02	3315060	2	0	-49.71	000000	000000	8492	090027	131819	091228	38525	47010	+54.96	6283	5011	-5074
sRealKey : 005930
sRealType : 주식체결
sRealData : 134438	+2538000	+6000	+0.24	+2538000	+2537000	+4	89551	226616	-2521000	+2544000	-2518000	2	-89971	-229198354000	-49.88	0.07	8402	122.04	3316366	2	0	-49.72	000000	000000	8493	090027	131819	091228	38525	47014	+54.96	6283	5012	+10152
sRealKey : 005930
sRealType : 주식체결
sRealData : 134438	+2538000	+6000	+0.24	+2538000	+2537000	+10	89561	226641	-2521000	+2544000	-2518000	2	-89961	-229172974000	-49.89	0.07	8402	122.06	3316366	2	0	-49.72	000000	000000	8494	090027	131819	091228	38525	47024	+54.97	6283	5013	+25380
sRealKey : 005930
sRealType : 주식체결
sRealData : 134439	+2537000	+5000	+0.20	+2538000	+2537000	-3	89564	226649	-2521000	+2544000	-2518000	2	-89958	-229165363000	-49.89	0.07	8399	122.05	3315060	2	0	-49.72	000000	000000	8494	090027	131819	091228	38528	47024	+54.97	6284	5013	-7611
sRealKey : 005930
sRealType : 주식체결
sRealData : 134757	+2536000	+4000	+0.16	+2537000	+2536000	-3	90281	228468	-2521000	+2544000	-2518000	2	-89241	-227346075000	-50.29	0.07	8396	121.60	3313753	2	0	-50.12	000000	000000	8518	090027	131819	091228	38930	47339	+54.87	6439	5051	-7608
sRealKey : 005930
sRealType : 주식체결
sRealData : 134757	+2536000	+4000	+0.16	+2537000	+2536000	-23	90304	228527	-2521000	+2544000	-2518000	2	-89218	-227287747000	-50.30	0.07	8396	121.53	3313753	2	0	-50.14	000000	000000	8521	090027	131819	091228	38953	47339	+54.86	6440	5051	-58328
sRealKey : 005930
sRealType : 주식체결
sRealData : 134758	+2536000	+4000	+0.16	+2537000	+2536000	-3	90307	228534	-2521000	+2544000	-2518000	2	-89215	-227280139000	-50.30	0.07	8396	121.52	3313753	2	0	-50.14	000000	000000	8521	090027	131819	091228	38956	47339	+54.86	6441	5051	-7608
sRealKey : 005930
sRealType : 주식체결
sRealData : 134758	+2536000	+4000	+0.16	+2537000	+2536000	-2	90309	228539	-2521000	+2544000	-2518000	2	-89213	-227275067000	-50.31	0.07	8396	121.51	3313753	2	0	-50.14	000000	000000	8521	090027	131819	091228	38958	47339	+54.86	6442	5051	-5072
sRealKey : 005930
sRealType : 주식체결
sRealData : 134759	+2537000	+5000	+0.20	+2537000	+2536000	+2	90311	228544	-2521000	+2544000	-2518000	2	-89211	-227269993000	-50.31	0.07	8399	121.52	3315060	2	0	-50.14	000000	000000	8521	090027	131819	091228	38958	47341	+54.86	6442	5052	+5074
sRealKey : 005930
sRealType : 주식체결
sRealData : 134800	+2536000	+4000	+0.16	+2537000	+2536000	-1	90312	228547	-2521000	+2544000	-2518000	2	-89210	-227267457000	-50.31	0.07	8396	121.51	3313753	2	0	-50.14	000000	000000	8516	090027	131819	091228	38959	47341	+54.86	6443	5052	-2536
sRealKey : 005930
sRealType : 주식체결
sRealData : 134800	+2537000	+5000	+0.20	+2537000	+2536000	+38	90350	228643	-2521000	+2544000	-2518000	2	-89172	-227171051000	-50.33	0.07	8399	121.61	3315060	2	0	-50.16	000000	000000	8519	090027	131819	091228	38959	47379	+54.88	6443	5053	+96406
sRealKey : 005930
sRealType : 주식체결
sRealData : 134800	+2536000	+4000	+0.16	+2537000	+2536000	-3	90353	228651	-2521000	+2544000	-2518000	2	-89169	-227163443000	-50.33	0.07	8396	121.60	3313753	2	0	-50.16	000000	000000	8519	090027	131819	091228	38962	47379	+54.87	6444	5053	-7608
sRealKey : 005930
sRealType : 주식체결
sRealData : 134800	+2537000	+5000	+0.20	+2537000	+2536000	+1	90354	228653	-2521000	+2544000	-2518000	2	-89168	-227160906000	-50.33	0.07	8399	121.61	3315060	2	0	-50.16	000000	000000	8520	090027	131819	091228	38962	47380	+54.87	6444	5054	+2537
sRealKey : 005930
sRealType : 주식체결
sRealData : 134801	+2536000	+4000	+0.16	+2537000	+2536000	-1	90355	228656	-2521000	+2544000	-2518000	2	-89167	-227158370000	-50.33	0.07	8396	121.60	3313753	2	0	-50.16	000000	000000	8520	090027	131819	091228	38963	47380	+54.87	6445	5054	-2536
sRealKey : 005930
sRealType : 주식체결
sRealData : 134802	+2536000	+4000	+0.16	+2537000	+2536000	-2	90357	228661	-2521000	+2544000	-2518000	2	-89165	-227153298000	-50.33	0.07	8396	121.60	3313753	2	0	-50.17	000000	000000	8520	090027	131819	091228	38965	47380	+54.87	6446	5054	-5072
sRealKey : 005930
sRealType : 주식체결
sRealData : 134803	+2537000	+5000	+0.20	+2537000	+2536000	+1	90358	228664	-2521000	+2544000	-2518000	2	-89164	-227150761000	-50.33	0.07	8399	121.60	3315060	2	0	-50.17	000000	000000	8520	090027	131819	091228	38965	47381	+54.87	6446	5055	+2537
sRealKey : 005930
sRealType : 주식체결
sRealData : 134804	+2536000	+4000	+0.16	+2537000	+2536000	-1	90359	228666	-2521000	+2544000	-2518000	2	-89163	-227148225000	-50.33	0.07	8396	121.60	3313753	2	0	-50.17	000000	000000	8520	090027	131819	091228	38966	47381	+54.87	6447	5055	-2536
sRealKey : 005930
sRealType : 주식체결
sRealData : 134805	+2536000	+4000	+0.16	+2537000	+2536000	-1	90360	228669	-2521000	+2544000	-2518000	2	-89162	-227145689000	-50.33	0.07	8396	121.59	3313753	2	0	-50.17	000000	000000	8520	090027	131819	091228	38967	47381	+54.87	6448	5055	-2536
sRealKey : 005930
sRealType : 주식체결
sRealData : 134806	+2537000	+5000	+0.20	+2537000	+2536000	+1	90361	228671	-2521000	+2544000	-2518000	2	-89161	-227143152000	-50.33	0.07	8399	121.60	3315060	2	0	-50.17	000000	000000	8520	090027	131819	091228	38967	47382	+54.87	6448	5056	+2537
sRealKey : 005930
sRealType : 주식체결
sRealData : 134808	+2537000	+5000	+0.20	+2537000	+2536000	+1	90362	228674	-2521000	+2544000	-2518000	2	-89160	-227140615000	-50.33	0.07	8399	121.60	3315060	2	0	-50.17	000000	000000	8520	090027	131819	091228	38967	47383	+54.87	6448	5057	+2537
sRealKey : 005930
sRealType : 주식체결
sRealData : 134809	+2537000	+5000	+0.20	+2537000	+2536000	+4	90366	228684	-2521000	+2544000	-2518000	2	-89156	-227130467000	-50.34	0.07	8399	121.61	3315060	2	0	-50.17	000000	000000	8521	090027	131819	091228	38967	47387	+54.88	6448	5058	+10148
sRealKey : 005930
sRealType : 주식체결
sRealData : 134811	+2537000	+5000	+0.20	+2537000	+2536000	+1	90367	228686	-2521000	+2544000	-2518000	2	-89155	-227127930000	-50.34	0.07	8399	121.61	3315060	2	0	-50.17	000000	000000	8521	090027	131819	091228	38967	47388	+54.88	6448	5059	+2537
sRealKey : 005930
sRealType : 주식체결
sRealData : 134816	+2536000	+4000	+0.16	+2537000	+2536000	-8	90375	228707	-2521000	+2544000	-2518000	2	-89147	-227107642000	-50.34	0.07	8396	121.59	3313753	2	0	-50.18	000000	000000	8522	090027	131819	091228	38975	47388	+54.87	6449	5059	-20288
sRealKey : 005930
sRealType : 주식체결
sRealData : 134816	+2536000	+4000	+0.16	+2537000	+2536000	-3	90378	228714	-2521000	+2544000	-2518000	2	-89144	-227100034000	-50.34	0.07	8396	121.58	3313753	2	0	-50.18	000000	000000	8522	090027	131819	091228	38978	47388	+54.87	6450	5059	-7608
sRealKey : 005930
sRealType : 주식체결
sRealData : 134817	+2536000	+4000	+0.16	+2537000	+2536000	-1	90379	228717	-2521000	+2544000	-2518000	2	-89143	-227097498000	-50.34	0.07	8396	121.57	3313753	2	0	-50.18	000000	000000	8522	090027	131819	091228	38979	47388	+54.87	6451	5059	-2536
sRealKey : 005930
sRealType : 주식체결
sRealData : 134819	+2536000	+4000	+0.16	+2537000	+2536000	-1	90380	228719	-2521000	+2544000	-2518000	2	-89142	-227094962000	-50.34	0.07	8396	121.57	3313753	2	0	-50.18	000000	000000	8522	090027	131819	091228	38980	47388	+54.87	6452	5059	-2536
sRealKey : 005930
sRealType : 주식당일거래원
sRealData : 한  화	11011	+31	021	!!!!	삼  성	17673	+82	030	!!!!	C.L.S.A 증권	9585	+29	041	DHDB	한국투자증권	14726	+61	003	!!!!	모건스탠리	9229	+82	036	DHDB	모건스탠리	7703	+10	036	DGDB	미래대우	7623	+2	005	!!!!	JP모간서울	5799	+0	033	DGDB	삼  성	6979	+24	030	!!!!	SK  증권	4946	+0	025	!!!!	23054	+111	13502	+10	-9552	-101	1	90380	27881	24258	23362	19292	17658	44777	37262	19486	14645	12508	58331	34135	-24196	2533619	2530369	2529697	2525372	2528950	2532078	2530806	2531405	2530785	2530209	2530195	2528118	2533131	44427	50847	168	153
sRealKey : 005930
sRealType : 주식체결
sRealData : 134821	+2536000	+4000	+0.16	+2537000	+2536000	-1	90381	228722	-2521000	+2544000	-2518000	2	-89141	-227092426000	-50.35	0.07	8396	121.57	3313753	2	0	-50.18	000000	000000	8522	090027	131819	091228	38981	47388	+54.87	6453	5059	-2536
sRealKey : 005930
sRealType : 주식체결
sRealData : 134822	+2536000	+4000	+0.16	+2537000	+2536000	-1	90382	228724	-2521000	+2544000	-2518000	2	-89140	-227089890000	-50.35	0.07	8396	121.56	3313753	2	0	-50.18	000000	000000	8522	090027	131819	091228	38982	47388	+54.87	6454	5059	-2536
sRealKey : 039490
sRealType : 주식체결
sRealData : 134823	+91200	+100	+0.11	+91200	 91100	+11	33777	3058	-90000	+91200	-90000	2	-106993	-9611756700	-23.99	0.15	302	52.79	20155	2	0	-24.14	000000	000000	3570	090012	134823	090012	21553	11378	-34.55	1769	667	+1003
sRealKey : 039490
sRealType : 주식체결
sRealData : 134827	 91100	 0	0.00	+91200	 91100	-10	33787	3059	-90000	+91200	-90000	3	-106983	-9610845700	-24.00	0.15	302	52.77	20133	2	0	-24.15	000000	000000	3571	090012	134823	090012	21563	11378	-34.54	1770	667	-911
sRealKey : 005930
sRealType : 주식체결
sRealData : 134827	+2536000	+4000	+0.16	+2537000	+2536000	-1	90383	228727	-2521000	+2544000	-2518000	2	-89139	-227087354000	-50.35	0.07	8396	121.56	3313753	2	0	-50.18	000000	000000	8522	090027	131819	091228	38983	47388	+54.87	6455	5059	-2536
sRealKey : 005930
sRealType : 주식체결
sRealData : 134833	+2536000	+4000	+0.16	+2537000	+2536000	-3	90386	228735	-2521000	+2544000	-2518000	2	-89136	-227079746000	-50.35	0.07	8396	121.55	3313753	2	0	-50.18	000000	000000	8496	090027	131819	091228	38986	47388	+54.86	6456	5059	-7608
sRealKey : 005930
sRealType : 주식체결
sRealData : 134833	+2536000	+4000	+0.16	+2537000	+2536000	-1	90387	228737	-2521000	+2544000	-2518000	2	-89135	-227077210000	-50.35	0.07	8396	121.55	3313753	2	0	-50.18	000000	000000	8497	090027	131819	091228	38987	47388	+54.86	6457	5059	-2536
sRealKey : 005930
sRealType : 주식체결
sRealData : 134834	+2536000	+4000	+0.16	+2537000	+2536000	-1	90388	228740	-2521000	+2544000	-2518000	2	-89134	-227074674000	-50.35	0.07	8396	121.55	3313753	2	0	-50.18	000000	000000	8497	090027	131819	091228	38988	47388	+54.86	6458	5059	-2536
sRealKey : 005930
sRealType : 주식체결
sRealData : 134835	+2536000	+4000	+0.16	+2537000	+2536000	-1	90389	228742	-2521000	+2544000	-2518000	2	-89133	-227072138000	-50.35	0.07	8396	121.54	3313753	2	0	-50.18	000000	000000	8497	090027	131819	091228	38989	47388	+54.86	6459	5059	-2536
sRealKey : 005930
sRealType : 주식체결
sRealData : 134835	+2537000	+5000	+0.20	+2537000	+2536000	+38	90427	228839	-2521000	+2544000	-2518000	2	-89095	-226975732000	-50.37	0.07	8399	121.64	3315060	2	0	-50.20	000000	000000	8500	090027	131819	091228	38989	47426	+54.88	6459	5060	+96406
sRealKey : 039490
sRealType : 주식체결
sRealData : 134836	+91200	+100	+0.11	+91200	 91100	+1	33788	3059	-90000	+91200	-90000	2	-106982	-9610754500	-24.00	0.15	302	52.77	20155	2	0	-24.15	000000	000000	3561	090012	134836	090012	21563	11379	-34.54	1770	668	+91
sRealKey : 005930
sRealType : 주식체결
sRealData : 134836	+2536000	+4000	+0.16	+2537000	+2536000	-2	90429	228844	-2521000	+2544000	-2518000	2	-89093	-226970660000	-50.37	0.07	8396	121.63	3313753	2	0	-50.21	000000	000000	8500	090027	131819	091228	38991	47426	+54.88	6460	5060	-5072
sRealKey : 005930
sRealType : 주식체결
sRealData : 134837	+2536000	+4000	+0.16	+2537000	+2536000	-5	90434	228856	-2521000	+2544000	-2518000	2	-89088	-226957980000	-50.37	0.07	8396	121.62	3313753	2	0	-50.21	000000	000000	8501	090027	131819	091228	38996	47426	+54.88	6461	5060	-12680
sRealKey : 005930
sRealType : 주식체결
sRealData : 134837	+2536000	+4000	+0.16	+2537000	+2536000	-1	90435	228859	-2521000	+2544000	-2518000	2	-89087	-226955444000	-50.38	0.07	8396	121.61	3313753	2	0	-50.21	000000	000000	8501	090027	131819	091228	38997	47426	+54.88	6462	5060	-2536
sRealKey : 005930
sRealType : 주식체결
sRealData : 134838	+2536000	+4000	+0.16	+2537000	+2536000	-1	90436	228861	-2521000	+2544000	-2518000	2	-89086	-226952908000	-50.38	0.07	8396	121.61	3313753	2	0	-50.21	000000	000000	8501	090027	131819	091228	38998	47426	+54.88	6463	5060	-2536
sRealKey : 005930
sRealType : 주식체결
sRealData : 134839	+2536000	+4000	+0.16	+2537000	+2536000	-5	90441	228874	-2521000	+2544000	-2518000	2	-89081	-226940228000	-50.38	0.07	8396	121.60	3313753	2	0	-50.21	000000	000000	8502	090027	131819	091228	39003	47426	+54.87	6464	5060	-12680
sRealKey : 005930
sRealType : 주식체결
sRealData : 134840	+2536000	+4000	+0.16	+2537000	+2536000	-1	90442	228877	-2521000	+2544000	-2518000	2	-89080	-226937692000	-50.38	0.07	8396	121.59	3313753	2	0	-50.21	000000	000000	8502	090027	131819	091228	39004	47426	+54.87	6465	5060	-2536
sRealKey : 039490
sRealType : 주식체결
sRealData : 134841	 91100	 0	0.00	+91200	 91100	-5	33793	3060	-90000	+91200	-90000	3	-106977	-9610299000	-24.01	0.15	302	52.76	20133	2	0	-24.15	000000	000000	3562	090012	134836	090012	21568	11379	-34.54	1771	668	-455
sRealKey : 005930
sRealType : 주식체결
sRealData : 134841	+2536000	+4000	+0.16	+2537000	+2536000	-2	90444	228882	-2521000	+2544000	-2518000	2	-89078	-226932620000	-50.38	0.07	8396	121.59	3313753	2	0	-50.21	000000	000000	8502	090027	131819	091228	39006	47426	+54.87	6466	5060	-5072
sRealKey : 005930
sRealType : 주식체결
sRealData : 134842	+2536000	+4000	+0.16	+2537000	+2536000	-1	90445	228884	-2521000	+2544000	-2518000	2	-89077	-226930084000	-50.38	0.07	8396	121.58	3313753	2	0	-50.21	000000	000000	8502	090027	131819	091228	39007	47426	+54.87	6467	5060	-2536
sRealKey : 039490
sRealType : 주식당일거래원
sRealData : 삼  성	4313	+21	030	!!!!	도이치코리아	4569	+0	058	DGDB	하나금융투자	4251	0	056	!!!!	키움증권	3999	0	050	!!!!	키움증권	3917	+97	050	!!!!	모건스탠리	3511	+45	036	DGDB	미래대우	3742	+36	005	!!!!	신  영	2396	+52	006	!!!!	메리츠	3171	+13	010	!!!!	현  대	2272	+11	017	!!!!	263	0	8123	+45	+7860	+45	1	33793	391	385	355	341	287	414	361	318	218	206	24	735	+712	90556	90283	90503	90970	90487	90576	90476	90734	91017	90469	90370	90539	+90544	19394	16747	167	108
sRealKey : 005930
sRealType : 주식체결
sRealData : 134842	+2536000	+4000	+0.16	+2537000	+2536000	-4	90449	228894	-2521000	+2544000	-2518000	2	-89073	-226919940000	-50.38	0.07	8396	121.57	3313753	2	0	-50.22	000000	000000	8502	090027	131819	091228	39011	47426	+54.87	6468	5060	-10144
sRealKey : 005930
sRealType : 주식체결
sRealData : 134844	+2536000	+4000	+0.16	+2537000	+2536000	-1	90450	228897	-2521000	+2544000	-2518000	2	-89072	-226917404000	-50.38	0.07	8396	121.57	3313753	2	0	-50.22	000000	000000	8502	090027	131819	091228	39012	47426	+54.87	6469	5060	-2536
sRealKey : 005930
sRealType : 주식체결
sRealData : 134844	+2536000	+4000	+0.16	+2537000	+2536000	-6	90456	228912	-2521000	+2544000	-2518000	2	-89066	-226902188000	-50.39	0.07	8396	121.55	3313753	2	0	-50.22	000000	000000	8503	090027	131819	091228	39018	47426	+54.86	6470	5060	-15216
sRealKey : 005930
sRealType : 주식체결
sRealData : 134846	+2536000	+4000	+0.16	+2537000	+2536000	-1	90457	228915	-2521000	+2544000	-2518000	2	-89065	-226899652000	-50.39	0.07	8396	121.55	3313753	2	0	-50.22	000000	000000	8503	090027	131819	091228	39019	47426	+54.86	6471	5060	-2536
sRealKey : 005930
sRealType : 주식체결
sRealData : 134847	+2536000	+4000	+0.16	+2537000	+2536000	-2	90459	228920	-2521000	+2544000	-2518000	2	-89063	-226894580000	-50.39	0.07	8396	121.54	3313753	2	0	-50.22	000000	000000	8503	090027	131819	091228	39021	47426	+54.86	6472	5060	-5072
sRealKey : 005930
sRealType : 주식체결
sRealData : 134848	+2536000	+4000	+0.16	+2537000	+2536000	-10	90469	228945	-2521000	+2544000	-2518000	2	-89053	-226869220000	-50.39	0.07	8396	121.51	3313753	2	0	-50.23	000000	000000	8504	090027	131819	091228	39031	47426	+54.86	6473	5060	-25360
sRealKey : 005930
sRealType : 주식체결
sRealData : 134848	+2536000	+4000	+0.16	+2537000	+2536000	-2	90471	228950	-2521000	+2544000	-2518000	2	-89051	-226864148000	-50.40	0.07	8396	121.50	3313753	2	0	-50.23	000000	000000	8504	090027	131819	091228	39033	47426	+54.85	6474	5060	-5072
sRealKey : 005930
sRealType : 주식체결
sRealData : 134850	+2536000	+4000	+0.16	+2537000	+2536000	-1	90472	228953	-2521000	+2544000	-2518000	2	-89050	-226861612000	-50.40	0.07	8396	121.50	3313753	2	0	-50.23	000000	000000	8505	090027	131819	091228	39034	47426	+54.85	6475	5060	-2536
sRealKey : 039490
sRealType : 주식체결
sRealData : 134852	 91100	 0	0.00	+91200	 91100	-9	33802	3060	-90000	+91200	-90000	3	-106968	-9609479100	-24.01	0.15	302	52.74	20133	2	0	-24.16	000000	000000	3562	090012	134836	090012	21577	11379	-34.53	1772	668	-819
sRealKey : 005930
sRealType : 주식체결
sRealData : 134852	+2536000	+4000	+0.16	+2537000	+2536000	-3	90475	228960	-2521000	+2544000	-2518000	2	-89047	-226854004000	-50.40	0.07	8396	121.49	3313753	2	0	-50.23	000000	000000	8505	090027	131819	091228	39037	47426	+54.85	6476	5060	-7608
sRealKey : 005930
sRealType : 주식체결
sRealData : 134853	+2536000	+4000	+0.16	+2537000	+2536000	-1	90476	228963	-2521000	+2544000	-2518000	2	-89046	-226851468000	-50.40	0.07	8396	121.49	3313753	2	0	-50.23	000000	000000	8505	090027	131819	091228	39038	47426	+54.85	6477	5060	-2536
sRealKey : 005930
sRealType : 주식체결
sRealData : 134854	+2536000	+4000	+0.16	+2537000	+2536000	-1	90477	228965	-2521000	+2544000	-2518000	2	-89045	-226848932000	-50.40	0.07	8396	121.48	3313753	2	0	-50.23	000000	000000	8505	090027	131819	091228	39039	47426	+54.85	6478	5060	-2536
sRealKey : 005930
sRealType : 주식체결
sRealData : 134857	+2536000	+4000	+0.16	+2537000	+2536000	-2	90479	228970	-2521000	+2544000	-2518000	2	-89043	-226843860000	-50.40	0.07	8396	121.48	3313753	2	0	-50.23	000000	000000	8505	090027	131819	091228	39041	47426	+54.85	6479	5060	-5072
sRealKey : 005930
sRealType : 주식체결
sRealData : 134857	+2536000	+4000	+0.16	+2537000	+2536000	-2	90481	228975	-2521000	+2544000	-2518000	2	-89041	-226838788000	-50.40	0.07	8396	121.47	3313753	2	0	-50.23	000000	000000	8505	090027	131819	091228	39043	47426	+54.85	6480	5060	-5072
sRealKey : 005930
sRealType : 주식체결
sRealData : 134858	+2536000	+4000	+0.16	+2537000	+2536000	-3	90484	228983	-2521000	+2544000	-2518000	2	-89038	-226831180000	-50.40	0.07	8396	121.46	3313753	2	0	-50.24	000000	000000	8506	090027	131819	091228	39046	47426	+54.85	6481	5060	-7608
sRealKey : 005930
sRealType : 주식체결
sRealData : 134858	+2536000	+4000	+0.16	+2537000	+2536000	-1	90485	228986	-2521000	+2544000	-2518000	2	-89037	-226828644000	-50.40	0.07	8396	121.46	3313753	2	0	-50.24	000000	000000	8506	090027	131819	091228	39047	47426	+54.84	6482	5060	-2536
sRealKey : 005930
sRealType : 주식체결
sRealData : 134859	+2536000	+4000	+0.16	+2537000	+2536000	-1	90486	228988	-2521000	+2544000	-2518000	2	-89036	-226826108000	-50.40	0.07	8396	121.46	3313753	2	0	-50.24	000000	000000	8506	090027	131819	091228	39048	47426	+54.84	6483	5060	-2536
sRealKey : 005930
sRealType : 주식체결
sRealData : 134900	+2537000	+5000	+0.20	+2537000	+2536000	+3	90489	228996	-2521000	+2544000	-2518000	2	-89033	-226818497000	-50.41	0.07	8399	121.46	3315060	2	0	-50.24	000000	000000	8486	090027	131819	091228	39048	47429	+54.85	6483	5061	+7611
sRealKey : 005930
sRealType : 주식체결
sRealData : 134900	+2536000	+4000	+0.16	+2537000	+2536000	-1	90490	228998	-2521000	+2544000	-2518000	2	-89032	-226815961000	-50.41	0.07	8396	121.46	3313753	2	0	-50.24	000000	000000	8486	090027	131819	091228	39049	47429	+54.85	6484	5061	-2536
sRealKey : 005930
sRealType : 주식체결
sRealData : 134900	+2537000	+5000	+0.20	+2537000	+2536000	+10	90500	229024	-2521000	+2544000	-2518000	2	-89022	-226790591000	-50.41	0.07	8399	121.49	3315060	2	0	-50.25	000000	000000	8487	090027	131819	091228	39049	47439	+54.85	6484	5062	+25370
sRealKey : 039490
sRealType : 주식체결
sRealData : 134901	 91100	 0	0.00	+91200	 91100	-2	33804	3061	-90000	+91200	-90000	3	-106966	-9609296900	-24.01	0.15	302	52.73	20133	2	0	-24.16	000000	000000	3558	090012	134836	090012	21579	11379	-34.53	1773	668	-182
sRealKey : 039490
sRealType : 주식체결
sRealData : 134901	 91100	 0	0.00	+91200	 91100	-9	33813	3061	-90000	+91200	-90000	3	-106957	-9608477000	-24.02	0.15	302	52.71	20133	2	0	-24.17	000000	000000	3559	090012	134836	090012	21588	11379	-34.52	1774	668	-819
sRealKey : 039490
sRealType : 주식체결
sRealData : 134901	 91100	 0	0.00	+91200	 91100	-11	33824	3062	-90000	+91200	-90000	3	-106946	-9607474900	-24.03	0.15	302	52.68	20133	2	0	-24.17	000000	000000	3561	090012	134836	090012	21599	11379	-34.50	1775	668	-1002
sRealKey : 005930
sRealType : 주식체결
sRealData : 134902	+2536000	+4000	+0.16	+2537000	+2536000	-1	90501	229026	-2521000	+2544000	-2518000	2	-89021	-226788055000	-50.41	0.07	8396	121.48	3313753	2	0	-50.25	000000	000000	8487	090027	131819	091228	39050	47439	+54.85	6485	5062	-2536
sRealKey : 039490
sRealType : 주식체결
sRealData : 134902	 91100	 0	0.00	+91200	 91100	-1	33825	3062	-90000	+91200	-90000	3	-106945	-9607383800	-24.03	0.15	302	52.68	20133	2	0	-24.17	000000	000000	3561	090012	134836	090012	21600	11379	-34.50	1776	668	-91
sRealKey : 005930
sRealType : 주식체결
sRealData : 134902	+2536000	+4000	+0.16	+2537000	+2536000	-1	90502	229029	-2521000	+2544000	-2518000	2	-89020	-226785519000	-50.41	0.07	8396	121.48	3313753	2	0	-50.25	000000	000000	8487	090027	131819	091228	39051	47439	+54.85	6486	5062	-2536
sRealKey : 005930
sRealType : 주식체결
sRealData : 134902	+2536000	+4000	+0.16	+2537000	+2536000	-1	90503	229031	-2521000	+2544000	-2518000	2	-89019	-226782983000	-50.41	0.07	8396	121.48	3313753	2	0	-50.25	000000	000000	8487	090027	131819	091228	39052	47439	+54.85	6487	5062	-2536
sRealKey : 005930
sRealType : 주식체결
sRealData : 134902	+2536000	+4000	+0.16	+2537000	+2536000	-1	90504	229034	-2521000	+2544000	-2518000	2	-89018	-226780447000	-50.41	0.07	8396	121.47	3313753	2	0	-50.25	000000	000000	8488	090027	131819	091228	39053	47439	+54.85	6488	5062	-2536
sRealKey : 039490
sRealType : 주식체결
sRealData : 134905	 91100	 0	0.00	+91200	 91100	-1	33826	3063	-90000	+91200	-90000	3	-106944	-9607292700	-24.03	0.15	302	52.68	20133	2	0	-24.17	000000	000000	3561	090012	134836	090012	21601	11379	-34.50	1777	668	-91
sRealKey : 039490
sRealType : 주식체결
sRealData : 134905	 91100	 0	0.00	+91200	 91100	-1	33827	3063	-90000	+91200	-90000	3	-106943	-9607201600	-24.03	0.15	302	52.68	20133	2	0	-24.18	000000	000000	3561	090012	134836	090012	21602	11379	-34.50	1778	668	-91
sRealKey : 005930
sRealType : 주식체결
sRealData : 134907	+2536000	+4000	+0.16	+2537000	+2536000	-2	90506	229039	-2521000	+2544000	-2518000	2	-89016	-226775375000	-50.41	0.07	8396	121.47	3313753	2	0	-50.25	000000	000000	8488	090027	131819	091228	39055	47439	+54.85	6489	5062	-5072
sRealKey : 005930
sRealType : 주식체결
sRealData : 134908	+2536000	+4000	+0.16	+2537000	+2536000	-1	90507	229041	-2521000	+2544000	-2518000	2	-89015	-226772839000	-50.42	0.07	8396	121.46	3313753	2	0	-50.25	000000	000000	8488	090027	131819	091228	39056	47439	+54.85	6490	5062	-2536
sRealKey : 005930
sRealType : 주식체결
sRealData : 134909	+2537000	+5000	+0.20	+2537000	+2536000	+1	90508	229044	-2521000	+2544000	-2518000	2	-89014	-226770302000	-50.42	0.07	8399	121.47	3315060	2	0	-50.25	000000	000000	8488	090027	131819	091228	39056	47440	+54.85	6490	5063	+2537
sRealKey : 005930
sRealType : 주식체결
sRealData : 134909	+2537000	+5000	+0.20	+2537000	+2536000	+1	90509	229047	-2521000	+2544000	-2518000	2	-89013	-226767765000	-50.42	0.07	8399	121.47	3315060	2	0	-50.25	000000	000000	8488	090027	131819	091228	39056	47441	+54.85	6490	5064	+2537
sRealKey : 039490
sRealType : 주식체결
sRealData : 134909	+91200	+100	+0.11	+91200	 91100	+30	33857	3065	-90000	+91200	-90000	2	-106913	-9604465600	-24.05	0.15	302	52.81	20155	2	0	-24.20	000000	000000	3564	090012	134909	090012	21602	11409	-34.56	1778	669	+2736
sRealKey : 005930
sRealType : 주식우선호가
sRealData : +2538000	+2537000
sRealKey : 005930
sRealType : 주식체결
sRealData : 134910	+2537000	+5000	+0.20	+2538000	+2537000	+18	90527	229092	-2521000	+2544000	-2518000	2	-88995	-226722099000	-50.43	0.07	8399	121.52	3315060	2	0	-50.26	000000	000000	8490	090027	131819	091228	39056	47459	+54.86	6490	5065	+45666
sRealKey : 005930
sRealType : 주식체결
sRealData : 134910	+2537000	+5000	+0.20	+2538000	+2537000	-1	90528	229095	-2521000	+2544000	-2518000	2	-88994	-226719562000	-50.43	0.07	8399	121.51	3315060	2	0	-50.26	000000	000000	8490	090027	131819	091228	39057	47459	+54.86	6491	5065	-2537
sRealKey : 005930
sRealType : 주식체결
sRealData : 134910	+2537000	+5000	+0.20	+2538000	+2537000	-1	90529	229097	-2521000	+2544000	-2518000	2	-88993	-226717025000	-50.43	0.07	8399	121.51	3315060	2	0	-50.26	000000	000000	8490	090027	131819	091228	39058	47459	+54.86	6492	5065	-2537
sRealKey : 005930
sRealType : 주식체결
sRealData : 134911	+2537000	+5000	+0.20	+2538000	+2537000	-3	90532	229105	-2521000	+2544000	-2518000	2	-88990	-226709414000	-50.43	0.07	8399	121.50	3315060	2	0	-50.26	000000	000000	8490	090027	131819	091228	39061	47459	+54.85	6493	5065	-7611
sRealKey : 039490
sRealType : 주식체결
sRealData : 134914	+91200	+100	+0.11	+91200	 91100	+28	33885	3068	-90000	+91200	-90000	2	-106885	-9601912000	-24.07	0.15	302	52.94	20155	2	0	-24.22	000000	000000	3567	090012	134914	090012	21602	11437	-34.62	1778	670	+2553
sRealKey : 005930
sRealType : 주식체결
sRealData : 134915	+2538000	+6000	+0.24	+2538000	+2537000	+3	90535	229112	-2521000	+2544000	-2518000	2	-88987	-226701800000	-50.43	0.07	8402	121.51	3316366	2	0	-50.26	000000	000000	8490	090027	131819	091228	39061	47462	+54.85	6493	5066	+7614
sRealKey : 005930
sRealType : 주식체결
sRealData : 134916	+2537000	+5000	+0.20	+2538000	+2537000	-8	90543	229133	-2521000	+2544000	-2518000	2	-88979	-226681504000	-50.44	0.07	8399	121.48	3315060	2	0	-50.27	000000	000000	8491	090027	131819	091228	39069	47462	+54.85	6494	5066	-20296
sRealKey : 005930
sRealType : 주식체결
sRealData : 134916	+2537000	+5000	+0.20	+2538000	+2537000	-3	90546	229140	-2521000	+2544000	-2518000	2	-88976	-226673893000	-50.44	0.07	8399	121.47	3315060	2	0	-50.27	000000	000000	8492	090027	131819	091228	39072	47462	+54.85	6495	5066	-7611
sRealKey : 005930
sRealType : 주식체결
sRealData : 134917	+2537000	+5000	+0.20	+2538000	+2537000	-4	90550	229151	-2521000	+2544000	-2518000	2	-88972	-226663745000	-50.44	0.07	8399	121.46	3315060	2	0	-50.27	000000	000000	8492	090027	131819	091228	39076	47462	+54.85	6496	5066	-10148
sRealKey : 005930
sRealType : 주식체결
sRealData : 134917	+2538000	+6000	+0.24	+2538000	+2537000	+3	90553	229158	-2521000	+2544000	-2518000	2	-88969	-226656131000	-50.44	0.07	8402	121.47	3316366	2	0	-50.27	000000	000000	8492	090027	131819	091228	39076	47465	+54.85	6496	5067	+7614
sRealKey : 005930
sRealType : 주식체결
sRealData : 134918	+2537000	+5000	+0.20	+2538000	+2537000	-1	90554	229161	-2521000	+2544000	-2518000	2	-88968	-226653594000	-50.44	0.07	8399	121.47	3315060	2	0	-50.28	000000	000000	8492	090027	131819	091228	39077	47465	+54.85	6497	5067	-2537
sRealKey : 005930
sRealType : 주식체결
sRealData : 134919	+2538000	+6000	+0.24	+2538000	+2537000	+1	90555	229163	-2521000	+2544000	-2518000	2	-88967	-226651056000	-50.44	0.07	8402	121.47	3316366	2	0	-50.28	000000	000000	8492	090027	131819	091228	39077	47466	+54.85	6497	5068	+2538
sRealKey : 039490
sRealType : 주식체결
sRealData : 134920	 91100	 0	0.00	+91200	 91100	-21	33906	3070	-90000	+91200	-90000	3	-106864	-9599998900	-24.09	0.15	302	52.89	20133	2	0	-24.23	000000	000000	3569	090012	134914	090012	21623	11437	-34.59	1779	670	-1913
sRealKey : 005930
sRealType : 주식체결
sRealData : 134922	+2537000	+5000	+0.20	+2538000	+2537000	-1	90556	229166	-2521000	+2544000	-2518000	2	-88966	-226648519000	-50.44	0.07	8399	121.46	3315060	2	0	-50.28	000000	000000	8492	090027	131819	091228	39078	47466	+54.85	6498	5068	-2537
sRealKey : 005930
sRealType : 주식당일거래원
sRealData : 한  화	11041	+30	021	!!!!	삼  성	17750	+77	030	!!!!	C.L.S.A 증권	9594	+9	041	DHDB	한국투자증권	14726	+0	003	!!!!	모건스탠리	9271	+42	036	DHDB	모건스탠리	7703	+0	036	DGDB	미래대우	7626	+3	005	!!!!	JP모간서울	5799	+0	033	DGDB	삼  성	6983	+4	030	!!!!	NH투자증권	4964	+3736	012	!!!!	23105	+51	13502	0	-9603	-51	1	90556	27957	24281	23469	19300	17668	44972	37262	19486	14645	12560	58461	34135	-24326	2533634	2530369	2529697	2525372	2530232	2532091	2530812	2531429	2530787	2530212	2530210	2528118	2533152	44515	50942	88	3813
sRealKey : 039490
sRealType : 주식체결
sRealData : 134924	 91100	 0	0.00	+91200	 91100	-1	33907	3070	-90000	+91200	-90000	3	-106863	-9599907800	-24.09	0.15	302	52.89	20133	2	0	-24.23	000000	000000	3569	090012	134914	090012	21624	11437	-34.59	1780	670	-91
sRealKey : 005930
sRealType : 주식체결
sRealData : 134924	+2537000	+5000	+0.20	+2538000	+2537000	-1	90557	229168	-2521000	+2544000	-2518000	2	-88965	-226645982000	-50.44	0.07	8399	121.46	3315060	2	0	-50.28	000000	000000	8493	090027	131819	091228	39079	47466	+54.85	6499	5068	-2537
sRealKey : 005930
sRealType : 주식체결
sRealData : 134924	+2538000	+6000	+0.24	+2538000	+2537000	+1	90558	229171	-2521000	+2544000	-2518000	2	-88964	-226643444000	-50.44	0.07	8402	121.46	3316366	2	0	-50.28	000000	000000	8493	090027	131819	091228	39079	47467	+54.85	6499	5069	+2538
sRealKey : 005930
sRealType : 주식체결
sRealData : 134926	+2537000	+5000	+0.20	+2538000	+2537000	-8	90566	229191	-2521000	+2544000	-2518000	2	-88956	-226623148000	-50.45	0.07	8399	121.44	3315060	2	0	-50.28	000000	000000	8493	090027	131819	091228	39087	47467	+54.84	6500	5069	-20296
sRealKey : 005930
sRealType : 주식체결
sRealData : 134927	+2537000	+5000	+0.20	+2538000	+2537000	-2	90568	229196	-2521000	+2544000	-2518000	2	-88954	-226618074000	-50.45	0.07	8399	121.43	3315060	2	0	-50.28	000000	000000	8494	090027	131819	091228	39089	47467	+54.84	6501	5069	-5074
sRealKey : 005930
sRealType : 주식체결
sRealData : 134927	+2537000	+5000	+0.20	+2538000	+2537000	-1	90569	229199	-2521000	+2544000	-2518000	2	-88953	-226615537000	-50.45	0.07	8399	121.43	3315060	2	0	-50.28	000000	000000	8494	090027	131819	091228	39090	47467	+54.84	6502	5069	-2537
sRealKey : 005930
sRealType : 주식체결
sRealData : 134930	+2537000	+5000	+0.20	+2538000	+2537000	-1	90570	229201	-2521000	+2544000	-2518000	2	-88952	-226613000000	-50.45	0.07	8399	121.43	3315060	2	0	-50.28	000000	000000	8485	090027	131819	091228	39091	47467	+54.84	6503	5069	-2537
sRealKey : 005930
sRealType : 주식체결
sRealData : 134931	+2538000	+6000	+0.24	+2538000	+2537000	+1	90571	229204	-2521000	+2544000	-2518000	2	-88951	-226610462000	-50.45	0.07	8402	121.43	3316366	2	0	-50.28	000000	000000	8485	090027	131819	091228	39091	47468	+54.84	6503	5070	+2538
sRealKey : 005930
sRealType : 주식체결
sRealData : 134933	+2537000	+5000	+0.20	+2538000	+2537000	-1	90572	229206	-2521000	+2544000	-2518000	2	-88950	-226607925000	-50.45	0.07	8399	121.43	3315060	2	0	-50.29	000000	000000	8485	090027	131819	091228	39092	47468	+54.84	6504	5070	-2537
sRealKey : 005930
sRealType : 주식체결
sRealData : 134933	+2537000	+5000	+0.20	+2538000	+2537000	-1	90573	229209	-2521000	+2544000	-2518000	2	-88949	-226605388000	-50.45	0.07	8399	121.42	3315060	2	0	-50.29	000000	000000	8485	090027	131819	091228	39093	47468	+54.84	6505	5070	-2537
sRealKey : 005930
sRealType : 주식체결
sRealData : 134938	+2537000	+5000	+0.20	+2538000	+2537000	-1	90574	229211	-2521000	+2544000	-2518000	2	-88948	-226602851000	-50.45	0.07	8399	121.42	3315060	2	0	-50.29	000000	000000	8485	090027	131819	091228	39094	47468	+54.84	6506	5070	-2537
sRealKey : 005930
sRealType : 주식체결
sRealData : 134938	+2537000	+5000	+0.20	+2538000	+2537000	-1	90575	229214	-2521000	+2544000	-2518000	2	-88947	-226600314000	-50.45	0.07	8399	121.42	3315060	2	0	-50.29	000000	000000	8485	090027	131819	091228	39095	47468	+54.84	6507	5070	-2537
sRealKey : 005930
sRealType : 주식체결
sRealData : 134939	+2537000	+5000	+0.20	+2538000	+2537000	-1	90576	229216	-2521000	+2544000	-2518000	2	-88946	-226597777000	-50.45	0.07	8399	121.41	3315060	2	0	-50.29	000000	000000	8485	090027	131819	091228	39096	47468	+54.84	6508	5070	-2537
sRealKey : 005930
sRealType : 주식체결
sRealData : 134940	+2537000	+5000	+0.20	+2538000	+2537000	-1	90577	229219	-2521000	+2544000	-2518000	2	-88945	-226595240000	-50.45	0.07	8399	121.41	3315060	2	0	-50.29	000000	000000	8485	090027	131819	091228	39097	47468	+54.84	6509	5070	-2537
sRealKey : 005930
sRealType : 주식체결
sRealData : 134940	+2537000	+5000	+0.20	+2538000	+2537000	-1	90578	229222	-2521000	+2544000	-2518000	2	-88944	-226592703000	-50.46	0.07	8399	121.41	3315060	2	0	-50.29	000000	000000	8485	090027	131819	091228	39098	47468	+54.83	6510	5070	-2537
sRealKey : 005930
sRealType : 주식체결
sRealData : 134941	+2537000	+5000	+0.20	+2538000	+2537000	-4	90582	229232	-2521000	+2544000	-2518000	2	-88940	-226582555000	-50.46	0.07	8399	121.40	3315060	2	0	-50.29	000000	000000	8486	090027	131819	091228	39102	47468	+54.83	6511	5070	-10148
sRealKey : 005930
sRealType : 주식체결
sRealData : 134943	+2537000	+5000	+0.20	+2538000	+2537000	-1	90583	229234	-2521000	+2544000	-2518000	2	-88939	-226580018000	-50.46	0.07	8399	121.39	3315060	2	0	-50.29	000000	000000	8486	090027	131819	091228	39103	47468	+54.83	6512	5070	-2537
sRealKey : 005930
sRealType : 주식체결
sRealData : 134944	+2538000	+6000	+0.24	+2538000	+2537000	+3	90586	229242	-2521000	+2544000	-2518000	2	-88936	-226572404000	-50.46	0.07	8402	121.40	3316366	2	0	-50.29	000000	000000	8486	090027	131819	091228	39103	47471	+54.83	6512	5071	+7614
sRealKey : 039490
sRealType : 주식당일거래원
sRealData : 삼  성	4339	+26	030	!!!!	도이치코리아	4569	+0	058	DGDB	하나금융투자	4271	+20	056	!!!!	키움증권	4001	+2	050	!!!!	키움증권	3937	+20	050	!!!!	모건스탠리	3518	+7	036	DGDB	미래대우	3742	0	005	!!!!	신  영	2396	0	006	!!!!	메리츠	3171	0	010	!!!!	현  대	2284	12	017	!!!!	263	0	8130	+7	+7867	+7	1	33907	393	386	357	341	287	414	361	318	218	207	24	736	+712	90556	90284	90505	90970	90490	90579	90479	90736	91017	90469	90370	90539	+90545	19460	16768	66	21
sRealKey : 005930
sRealType : 주식체결
sRealData : 134944	+2537000	+5000	+0.20	+2538000	+2537000	-1	90587	229244	-2521000	+2544000	-2518000	2	-88935	-226569867000	-50.46	0.07	8399	121.40	3315060	2	0	-50.29	000000	000000	8486	090027	131819	091228	39104	47471	+54.83	6513	5071	-2537
sRealKey : 005930
sRealType : 주식체결
sRealData : 134945	+2538000	+6000	+0.24	+2538000	+2537000	+38	90625	229341	-2521000	+2544000	-2518000	2	-88897	-226473423000	-50.48	0.07	8402	121.49	3316366	2	0	-50.31	000000	000000	8490	090027	131819	091228	39104	47509	+54.85	6513	5072	+96444
sRealKey : 005930
sRealType : 주식체결
sRealData : 134946	+2538000	+6000	+0.24	+2538000	+2537000	+4	90629	229351	-2521000	+2544000	-2518000	2	-88893	-226463271000	-50.48	0.07	8402	121.50	3316366	2	0	-50.32	000000	000000	8490	090027	131819	091228	39104	47513	+54.85	6513	5073	+10152
sRealKey : 005930
sRealType : 주식체결
sRealData : 134947	+2537000	+5000	+0.20	+2538000	+2537000	-8	90637	229371	-2521000	+2544000	-2518000	2	-88885	-226442975000	-50.49	0.07	8399	121.48	3315060	2	0	-50.32	000000	000000	8491	090027	131819	091228	39112	47513	+54.85	6514	5073	-20296
sRealKey : 039490
sRealType : 주식체결
sRealData : 134948	 91100	 0	0.00	+91200	 91100	-3	33910	3070	-90000	+91200	-90000	3	-106860	-9599634500	-24.09	0.15	302	52.88	20133	2	0	-24.24	000000	000000	3566	090012	134914	090012	21627	11437	-34.59	1781	670	-273
sRealKey : 005930
sRealType : 주식체결
sRealData : 134949	+2537000	+5000	+0.20	+2538000	+2537000	-1	90638	229374	-2521000	+2544000	-2518000	2	-88884	-226440438000	-50.49	0.07	8399	121.48	3315060	2	0	-50.32	000000	000000	8491	090027	131819	091228	39113	47513	+54.85	6515	5073	-2537
sRealKey : 005930
sRealType : 주식체결
sRealData : 134949	+2537000	+5000	+0.20	+2538000	+2537000	-3	90641	229381	-2521000	+2544000	-2518000	2	-88881	-226432827000	-50.49	0.07	8399	121.47	3315060	2	0	-50.32	000000	000000	8491	090027	131819	091228	39116	47513	+54.85	6516	5073	-7611
sRealKey : 005930
sRealType : 주식체결
sRealData : 134953	+2538000	+6000	+0.24	+2538000	+2537000	+1	90642	229384	-2521000	+2544000	-2518000	2	-88880	-226430289000	-50.49	0.07	8402	121.47	3316366	2	0	-50.32	000000	000000	8491	090027	131819	091228	39116	47514	+54.85	6516	5074	+2538
sRealKey : 039490
sRealType : 주식체결
sRealData : 134953	 91100	 0	0.00	+91200	 91100	-2	33912	3070	-90000	+91200	-90000	3	-106858	-9599452300	-24.09	0.15	302	52.88	20133	2	0	-24.24	000000	000000	3566	090012	134914	090012	21629	11437	-34.59	1782	670	-182
sRealKey : 005930
sRealType : 주식체결
sRealData : 134954	+2537000	+5000	+0.20	+2538000	+2537000	-3	90645	229392	-2521000	+2544000	-2518000	2	-88877	-226422678000	-50.49	0.07	8399	121.46	3315060	2	0	-50.33	000000	000000	8492	090027	131819	091228	39119	47514	+54.85	6517	5074	-7611
sRealKey : 005930
sRealType : 주식체결
sRealData : 134955	+2537000	+5000	+0.20	+2538000	+2537000	-1	90646	229394	-2521000	+2544000	-2518000	2	-88876	-226420141000	-50.49	0.07	8399	121.46	3315060	2	0	-50.33	000000	000000	8492	090027	131819	091228	39120	47514	+54.84	6518	5074	-2537
sRealKey : 039490
sRealType : 주식체결
sRealData : 134955	 91100	 0	0.00	+91200	 91100	-11	33923	3071	-90000	+91200	-90000	3	-106847	-9598450200	-24.10	0.15	302	52.85	20133	2	0	-24.24	000000	000000	3567	090012	134914	090012	21640	11437	-34.58	1783	670	-1002
sRealKey : 005930
sRealType : 주식체결
sRealData : 134955	+2537000	+5000	+0.20	+2538000	+2537000	-2	90648	229399	-2521000	+2544000	-2518000	2	-88874	-226415067000	-50.49	0.07	8399	121.45	3315060	2	0	-50.33	000000	000000	8492	090027	131819	091228	39122	47514	+54.84	6519	5074	-5074
sRealKey : 005930
sRealType : 주식체결
sRealData : 134955	+2537000	+5000	+0.20	+2538000	+2537000	-2	90650	229404	-2521000	+2544000	-2518000	2	-88872	-226409993000	-50.50	0.07	8399	121.44	3315060	2	0	-50.33	000000	000000	8492	090027	131819	091228	39124	47514	+54.84	6520	5074	-5074
sRealKey : 005930
sRealType : 주식체결
sRealData : 134956	+2537000	+5000	+0.20	+2538000	+2537000	-1	90651	229407	-2521000	+2544000	-2518000	2	-88871	-226407456000	-50.50	0.07	8399	121.44	3315060	2	0	-50.33	000000	000000	8492	090027	131819	091228	39125	47514	+54.84	6521	5074	-2537
sRealKey : 005930
sRealType : 주식체결
sRealData : 134956	+2537000	+5000	+0.20	+2538000	+2537000	-2	90653	229412	-2521000	+2544000	-2518000	2	-88869	-226402382000	-50.50	0.07	8399	121.44	3315060	2	0	-50.33	000000	000000	8492	090027	131819	091228	39127	47514	+54.84	6522	5074	-5074
sRealKey : 005930
sRealType : 주식체결
sRealData : 134956	+2537000	+5000	+0.20	+2538000	+2537000	-2	90655	229417	-2521000	+2544000	-2518000	2	-88867	-226397308000	-50.50	0.07	8399	121.43	3315060	2	0	-50.33	000000	000000	8493	090027	131819	091228	39129	47514	+54.84	6523	5074	-5074
sRealKey : 005930
sRealType : 주식체결
sRealData : 134956	+2537000	+5000	+0.20	+2538000	+2537000	-1	90656	229420	-2521000	+2544000	-2518000	2	-88866	-226394771000	-50.50	0.07	8399	121.43	3315060	2	0	-50.33	000000	000000	8493	090027	131819	091228	39130	47514	+54.84	6524	5074	-2537
sRealKey : 005930
sRealType : 주식체결
sRealData : 134957	+2537000	+5000	+0.20	+2538000	+2537000	-2	90658	229425	-2521000	+2544000	-2518000	2	-88864	-226389697000	-50.50	0.07	8399	121.42	3315060	2	0	-50.33	000000	000000	8493	090027	131819	091228	39132	47514	+54.84	6525	5074	-5074
sRealKey : 039490
sRealType : 주식체결
sRealData : 134957	 91100	 0	0.00	+91200	 91100	-1	33924	3071	-90000	+91200	-90000	3	-106846	-9598359100	-24.10	0.15	302	52.85	20133	2	0	-24.25	000000	000000	3567	090012	134914	090012	21641	11437	-34.58	1784	670	-91
sRealKey : 005930
sRealType : 주식체결
sRealData : 135406	+2536000	+4000	+0.16	+2537000	+2536000	-1	91345	231167	-2521000	+2544000	-2518000	2	-88177	-224646815000	-50.88	0.07	8396	120.88	3313753	2	0	-50.72	000000	000000	8395	090027	131819	091228	39539	47794	+54.73	6687	5110	-2536
sRealKey : 005930
sRealType : 주식체결
sRealData : 135407	+2536000	+4000	+0.16	+2537000	+2536000	-2	91347	231173	-2521000	+2544000	-2518000	2	-88175	-224641743000	-50.88	0.07	8396	120.87	3313753	2	0	-50.72	000000	000000	8395	090027	131819	091228	39541	47794	+54.72	6688	5110	-5072
sRealKey : 005930
sRealType : 주식체결
sRealData : 135408	+2536000	+4000	+0.16	+2537000	+2536000	-1	91348	231175	-2521000	+2544000	-2518000	2	-88174	-224639207000	-50.88	0.07	8396	120.87	3313753	2	0	-50.72	000000	000000	8396	090027	131819	091228	39542	47794	+54.72	6689	5110	-2536
sRealKey : 005930
sRealType : 주식체결
sRealData : 135414	+2536000	+4000	+0.16	+2537000	+2536000	-1	91349	231178	-2521000	+2544000	-2518000	2	-88173	-224636671000	-50.88	0.07	8396	120.87	3313753	2	0	-50.72	000000	000000	8396	090027	131819	091228	39543	47794	+54.72	6690	5110	-2536
sRealKey : 005930
sRealType : 주식체결
sRealData : 135541	+2536000	+4000	+0.16	+2537000	+2536000	-5	91511	231588	-2521000	+2544000	-2518000	2	-88011	-224225798000	-50.97	0.07	8396	120.60	3313753	2	0	-50.81	000000	000000	8392	090027	131819	091228	39664	47835	+54.67	6742	5125	-12680
sRealKey : 005930
sRealType : 주식체결
sRealData : 135541	+2537000	+5000	+0.20	+2537000	+2536000	+3	91514	231596	-2521000	+2544000	-2518000	2	-88008	-224218187000	-50.98	0.07	8399	120.61	3315060	2	0	-50.81	000000	000000	8393	090027	131819	091228	39664	47838	+54.67	6742	5126	+7611
sRealKey : 005930
sRealType : 주식체결
sRealData : 135541	+2536000	+4000	+0.16	+2537000	+2536000	-1	91515	231599	-2521000	+2544000	-2518000	2	-88007	-224215651000	-50.98	0.07	8396	120.61	3313753	2	0	-50.81	000000	000000	8393	090027	131819	091228	39665	47838	+54.67	6743	5126	-2536
sRealKey : 005930
sRealType : 주식체결
sRealData : 135545	+2536000	+4000	+0.16	+2537000	+2536000	-1	91516	231601	-2521000	+2544000	-2518000	2	-88006	-224213115000	-50.98	0.07	8396	120.60	3313753	2	0	-50.81	000000	000000	8393	090027	131819	091228	39666	47838	+54.67	6744	5126	-2536
sRealKey : 005930
sRealType : 주식체결
sRealData : 135547	+2536000	+4000	+0.16	+2537000	+2536000	-1	91517	231604	-2521000	+2544000	-2518000	2	-88005	-224210579000	-50.98	0.07	8396	120.60	3313753	2	0	-50.81	000000	000000	8393	090027	131819	091228	39667	47838	+54.67	6745	5126	-2536
sRealKey : 005930
sRealType : 주식체결
sRealData : 135547	+2536000	+4000	+0.16	+2537000	+2536000	-3	91520	231611	-2521000	+2544000	-2518000	2	-88002	-224202971000	-50.98	0.07	8396	120.59	3313753	2	0	-50.81	000000	000000	8393	090027	131819	091228	39670	47838	+54.67	6746	5126	-7608
sRealKey : 005930
sRealType : 주식체결
sRealData : 135548	+2536000	+4000	+0.16	+2537000	+2536000	-1	91521	231614	-2521000	+2544000	-2518000	2	-88001	-224200435000	-50.98	0.07	8396	120.59	3313753	2	0	-50.81	000000	000000	8393	090027	131819	091228	39671	47838	+54.67	6747	5126	-2536
sRealKey : 005930
sRealType : 주식체결
sRealData : 135551	+2537000	+5000	+0.20	+2537000	+2536000	+2	91523	231619	-2521000	+2544000	-2518000	2	-87999	-224195361000	-50.98	0.07	8399	120.59	3315060	2	0	-50.81	000000	000000	8394	090027	131819	091228	39671	47840	+54.67	6747	5127	+5074
sRealKey : 005930
sRealType : 주식체결
sRealData : 135552	+2536000	+4000	+0.16	+2537000	+2536000	-1	91524	231621	-2521000	+2544000	-2518000	2	-87998	-224192825000	-50.98	0.07	8396	120.59	3313753	2	0	-50.81	000000	000000	8394	090027	131819	091228	39672	47840	+54.67	6748	5127	-2536
sRealKey : 005930
sRealType : 주식당일거래원
sRealData : 한  화	11135	+8	021	!!!!	삼  성	17789	+1	030	!!!!	C.L.S.A 증권	9686	+2	041	DHDB	한국투자증권	14737	+3	003	!!!!	모건스탠리	9394	+11	036	DHDB	모건스탠리	7772	+5	036	DGDB	미래대우	7660	+2	005	!!!!	JP모간서울	5799	+0	033	DGDB	삼  성	6998	+1	030	!!!!	NH투자증권	5245	+22	012	!!!!	23320	+13	13571	+5	-9749	-8	1	91524	28195	24514	23781	19386	17707	45071	37290	19661	14645	13273	59006	34310	-24696	2533643	2530374	2529761	2525372	2530544	2532131	2530876	2531499	2530816	2530226	2530270	2528161	2533205	44873	51342	24	31
sRealKey : 005930
sRealType : 주식체결
sRealData : 135552	+2537000	+5000	+0.20	+2537000	+2536000	+2	91526	231627	-2521000	+2544000	-2518000	2	-87996	-224187751000	-50.98	0.07	8399	120.59	3315060	2	0	-50.82	000000	000000	8394	090027	131819	091228	39672	47842	+54.67	6748	5128	+5074
sRealKey : 005930
sRealType : 주식시세
sRealData : +2542000	+10000	+0.39	+2542000	+2541000	133106	337209	-2521000	+2544000	-2518000	2	-46416	-118604828000	-74.14	0.10	8416	3321593	-73.98	000000	000000
sRealKey : 039490
sRealType : 주식시세
sRealData :  91100	 0	0.00	 91100	-91000	48664	4412	-90000	+91300	-90000	3	-92106	-8257588100	-34.57	0.22	302	20133	-34.83	000000	000000
sRealKey : 005930
sRealType : 주식시세
sRealData : +2542000	+10000	+0.39	+2542000	+2541000	133126	337260	-2521000	+2544000	-2518000	2	-46396	-118553988000	-74.16	0.10	8416	3321593	-73.99	000000	000000
