sRealKey : 005930
sRealType : 주식체결
sRealData : 095659	-2513000	-29000	-1.14	-2514000	-2513000	-6	61205	154411	-2531000	-2539000	-2510000	5	-80484	-204596907500	-43.20	0.05	8320	58.88	3283699	2	0	-43.01	000000	000000	17521	090008	090203	095206	33308	19613	-37.06	2683	1199	-15078
sRealKey : 005930
sRealType : 주식체결
sRealData : 095659	-2513000	-29000	-1.14	-2514000	-2513000	-1	61206	154413	-2531000	-2539000	-2510000	5	-80483	-204594394500	-43.20	0.05	8320	58.88	3283699	2	0	-43.01	000000	000000	17521	090008	090203	095206	33309	19613	-37.06	2684	1199	-2513
sRealKey : 005930
sRealType : 주식체결
sRealData : 095700	-2513000	-29000	-1.14	-2514000	-2513000	-1	61207	154416	-2531000	-2539000	-2510000	5	-80482	-204591881500	-43.20	0.05	8320	58.88	3283699	2	0	-43.01	000000	000000	17197	090008	090203	095206	33310	19613	-37.06	2685	1199	-2513
sRealKey : 005930
sRealType : 주식체결
sRealData : 095700	-2514000	-28000	-1.10	-2514000	-2513000	+2	61209	154421	-2531000	-2539000	-2510000	5	-80480	-204586853500	-43.20	0.05	8323	58.89	3285006	2	0	-43.01	000000	000000	17197	090008	090203	095206	33310	19615	-37.06	2685	1200	+5028
sRealKey : 005930
sRealType : 주식체결
sRealData : 095704	-2513000	-29000	-1.14	-2514000	-2513000	-1	61210	154423	-2531000	-2539000	-2510000	5	-80479	-204584340500	-43.20	0.05	8320	58.88	3283699	2	0	-43.01	000000	000000	17198	090008	090203	095206	33311	19615	-37.06	2686	1200	-2513
sRealKey : 005930
sRealType : 주식체결
sRealData : 095706	-2513000	-29000	-1.14	-2514000	-2513000	-1	61211	154426	-2531000	-2539000	-2510000	5	-80478	-204581827500	-43.20	0.05	8320	58.88	3283699	2	0	-43.01	000000	000000	17198	090008	090203	095206	33312	19615	-37.06	2687	1200	-2513
sRealKey : 005930
sRealType : 주식체결
sRealData : 095707	-2513000	-29000	-1.14	-2514000	-2513000	-15	61226	154464	-2531000	-2539000	-2510000	5	-80463	-204544132500	-43.21	0.05	8320	58.86	3283699	2	0	-43.03	000000	000000	17202	090008	090203	095206	33327	19615	-37.05	2688	1200	-37695
sRealKey : 005930
sRealType : 주식체결
sRealData : 095707	-2514000	-28000	-1.10	-2514000	-2513000	+1	61227	154466	-2531000	-2539000	-2510000	5	-80462	-204541618500	-43.21	0.05	8323	58.86	3285006	2	0	-43.03	000000	000000	17202	090008	090203	095206	33327	19616	-37.05	2688	1201	+2514
sRealKey : 005930
sRealType : 주식체결
sRealData : 095707	-2513000	-29000	-1.14	-2514000	-2513000	-5	61232	154479	-2531000	-2539000	-2510000	5	-80457	-204529053500	-43.22	0.05	8320	58.85	3283699	2	0	-43.03	000000	000000	17204	090008	090203	095206	33332	19616	-37.05	2689	1201	-12565
sRealKey : 005930
sRealType : 주식체결
sRealData : 095710	-2513000	-29000	-1.14	-2514000	-2513000	-1	61233	154481	-2531000	-2539000	-2510000	5	-80456	-204526540500	-43.22	0.05	8320	58.85	3283699	2	0	-43.03	000000	000000	17204	090008	090203	095206	33333	19616	-37.05	2690	1201	-2513
sRealKey : 005930
sRealType : 주식체결
sRealData : 095711	-2513000	-29000	-1.14	-2514000	-2513000	-1	61234	154484	-2531000	-2539000	-2510000	5	-80455	-204524027500	-43.22	0.05	8320	58.85	3283699	2	0	-43.03	000000	000000	17204	090008	090203	095206	33334	19616	-37.05	2691	1201	-2513
sRealKey : 005930
sRealType : 주식체결
sRealData : 095711	-2513000	-29000	-1.14	-2514000	-2513000	-2	61236	154489	-2531000	-2539000	-2510000	5	-80453	-204519001500	-43.22	0.05	8320	58.84	3283699	2	0	-43.03	000000	000000	17205	090008	090203	095206	33336	19616	-37.04	2692	1201	-5026
sRealKey : 005930
sRealType : 주식체결
sRealData : 095712	-2514000	-28000	-1.10	-2514000	-2513000	+1	61237	154491	-2531000	-2539000	-2510000	5	-80452	-204516487500	-43.22	0.05	8323	58.85	3285006	2	0	-43.03	000000	000000	17205	090008	090203	095206	33336	19617	-37.05	2692	1202	+2514
sRealKey : 005930
sRealType : 주식체결
sRealData : 095714	-2514000	-28000	-1.10	-2514000	-2513000	+2	61239	154496	-2531000	-2539000	-2510000	5	-80450	-204511459500	-43.22	0.05	8323	58.85	3285006	2	0	-43.03	000000	000000	17206	090008	090203	095206	33336	19619	-37.05	2692	1203	+5028
sRealKey : 005930
sRealType : 주식체결
sRealData : 095714	-2513000	-29000	-1.14	-2514000	-2513000	-3	61242	154504	-2531000	-2539000	-2510000	5	-80447	-204503920500	-43.22	0.05	8320	58.85	3283699	2	0	-43.04	000000	000000	17207	090008	090203	095206	33339	19619	-37.05	2693	1203	-7539
sRealKey : 005930
sRealType : 주식체결
sRealData : 095715	-2513000	-29000	-1.14	-2514000	-2513000	-24	61266	154564	-2531000	-2539000	-2510000	5	-80423	-204443608500	-43.24	0.05	8320	58.80	3283699	2	0	-43.05	000000	000000	17213	090008	090203	095206	33363	19619	-37.03	2694	1203	-60312
sRealKey : 005930
sRealType : 주식당일거래원
sRealData : 모건스탠리	13692	0	036	DHDB	한국투자증권	7818	25	003	!!!!	SK  증권	4793	0	025	!!!!	미래대우	7032	17	005	!!!!	한국투자증권	3729	0	003	!!!!	삼  성	6692	183	030	!!!!	JP모간서울	3544	0	033	DHDB	NH투자증권	5427	20	012	!!!!	미래대우	3022	+20	005	!!!!	현  대	4485	+103	017	!!!!	19767	0	2278	0	-17489	0	1	61266	34572	12075	9399	8954	7616	19742	17730	16879	13692	11302	49939	5772	-44167	2525169	2521356	2522251	2522885	2520057	2524997	2519308	2520436	2526570	2520309	2526374	2533743	2525414	28780	31454	20	348
sRealKey : 005930
sRealType : 주식체결
sRealData : 095719	-2514000	-28000	-1.10	-2514000	-2513000	+179	61445	155014	-2531000	-2539000	-2510000	5	-80244	-203993602500	-43.37	0.05	8323	59.34	3285006	2	0	-43.18	000000	000000	17264	090008	090203	095206	33363	19798	-37.24	2694	1204	+450006
sRealKey : 005930
sRealType : 주식체결
sRealData : 095719	-2514000	-28000	-1.10	-2514000	-2513000	+179	61624	155464	-2531000	-2539000	-2510000	5	-80065	-203543596500	-43.49	0.05	8323	59.88	3285006	2	0	-43.30	000000	000000	17314	090008	090203	095206	33363	19977	-37.45	2694	1205	+450006
sRealKey : 005930
sRealType : 주식체결
sRealData : 095719	-2514000	-28000	-1.10	-2514000	-2513000	+6	61630	155479	-2531000	-2539000	-2510000	5	-80059	-203528512500	-43.50	0.05	8323	59.90	3285006	2	0	-43.31	000000	000000	17316	090008	090203	095206	33363	19983	-37.46	2694	1206	+15084
sRealKey : 005930
sRealType : 주식체결
sRealData : 095719	-2514000	-28000	-1.10	-2514000	-2513000	+7	61637	155497	-2531000	-2539000	-2510000	5	-80052	-203510914500	-43.50	0.05	8323	59.92	3285006	2	0	-43.31	000000	000000	17318	090008	090203	095206	33363	19990	-37.47	2694	1207	+17598
sRealKey : 005930
sRealType : 주식체결
sRealData : 095720	-2514000	-28000	-1.10	-2514000	-2513000	+82	61719	155703	-2531000	-2539000	-2510000	5	-79970	-203304766500	-43.56	0.05	8323	60.16	3285006	2	0	-43.37	000000	000000	17341	090008	090203	095206	33363	20072	-37.56	2694	1208	+206148
sRealKey : 005930
sRealType : 주식우선호가
sRealData : -2515000	-2514000
sRealKey : 005930
sRealType : 주식체결
sRealData : 095720	-2514000	-28000	-1.10	-2515000	-2514000	+47	61766	155821	-2531000	-2539000	-2510000	5	-79923	-203186608500	-43.59	0.05	8323	60.30	3285006	2	0	-43.40	000000	000000	17354	090008	090203	095206	33363	20119	-37.62	2694	1209	+118158
sRealKey : 005930
sRealType : 주식체결
sRealData : 095721	-2514000	-28000	-1.10	-2515000	-2514000	-11	61777	155849	-2531000	-2539000	-2510000	5	-79912	-203158954500	-43.60	0.05	8323	60.28	3285006	2	0	-43.41	000000	000000	17357	090008	090203	095206	33374	20119	-37.61	2695	1209	-27654
sRealKey : 005930
sRealType : 주식체결
sRealData : 095721	-2514000	-28000	-1.10	-2515000	-2514000	-1	61778	155851	-2531000	-2539000	-2510000	5	-79911	-203156440500	-43.60	0.05	8323	60.28	3285006	2	0	-43.41	000000	000000	17357	090008	090203	095206	33375	20119	-37.61	2696	1209	-2514
sRealKey : 005930
sRealType : 주식우선호가
sRealData : -2515000	-2513000
sRealKey : 005930
sRealType : 주식체결
sRealData : 095722	-2514000	-28000	-1.10	-2515000	-2513000	-200	61978	156354	-2531000	-2539000	-2510000	5	-79711	-202653640500	-43.74	0.05	8323	59.92	3285006	2	0	-43.55	000000	000000	17413	090008	090203	095206	33575	20119	-37.47	2697	1209	-502800
sRealKey : 005930
sRealType : 주식체결
sRealData : 095722	-2514000	-28000	-1.10	-2515000	-2513000	+1	61979	156357	-2531000	-2539000	-2510000	5	-79710	-202651126500	-43.74	0.05	8323	59.93	3285006	2	0	-43.55	000000	000000	17414	090008	090203	095206	33575	20120	-37.47	2697	1210	+2514
sRealKey : 005930
sRealType : 주식우선호가
sRealData : -2514000	-2513000
sRealKey : 005930
sRealType : 주식우선호가
sRealData : -2515000	-2513000
sRealKey : 005930
sRealType : 주식체결
sRealData : 095723	-2514000	-28000	-1.10	-2515000	-2513000	+2	61981	156362	-2531000	-2539000	-2510000	5	-79708	-202646098500	-43.74	0.05	8323	59.93	3285006	2	0	-43.55	000000	000000	17414	090008	090203	095206	33575	20122	-37.47	2697	1211	+5028
sRealKey : 005930
sRealType : 주식우선호가
sRealData : -2514000	-2513000
sRealKey : 005930
sRealType : 주식체결
sRealData : 095725	-2514000	-28000	-1.10	-2514000	-2513000	+1	61982	156364	-2531000	-2539000	-2510000	5	-79707	-202643584500	-43.75	0.05	8323	59.93	3285006	2	0	-43.55	000000	000000	17415	090008	090203	095206	33575	20123	-37.47	2697	1212	+2514
sRealKey : 005930
sRealType : 주식체결
sRealData : 095725	-2514000	-28000	-1.10	-2514000	-2513000	+7	61989	156382	-2531000	-2539000	-2510000	5	-79700	-202625986500	-43.75	0.05	8323	59.96	3285006	2	0	-43.56	000000	000000	17417	090008	090203	095206	33575	20130	-37.48	2697	1213	+17598
sRealKey : 005930
sRealType : 주식체결
sRealData : 095727	-2513000	-29000	-1.14	-2514000	-2513000	-2	61991	156387	-2531000	-2539000	-2510000	5	-79698	-202620960500	-43.75	0.05	8320	59.95	3283699	2	0	-43.56	000000	000000	17417	090008	090203	095206	33577	20130	-37.48	2698	1213	-5026
sRealKey : 005930
sRealType : 주식체결
sRealData : 095836	-2515000	-27000	-1.06	-2516000	-2515000	-1	63307	159695	-2531000	-2539000	-2510000	5	-78382	-199312333500	-44.68	0.05	8326	62.56	3286313	2	0	-44.48	000000	000000	17490	090008	090203	095206	33848	21175	-38.48	2732	1251	-2515
sRealKey : 005930
sRealType : 주식체결
sRealData : 095838	-2515000	-27000	-1.06	-2516000	-2515000	-1	63308	159698	-2531000	-2539000	-2510000	5	-78381	-199309818500	-44.68	0.05	8326	62.56	3286313	2	0	-44.48	000000	000000	17490	090008	090203	095206	33849	21175	-38.48	2733	1251	-2515
sRealKey : 005930
sRealType : 주식체결
sRealData : 095838	-2515000	-27000	-1.06	-2516000	-2515000	-7	63315	159716	-2531000	-2539000	-2510000	5	-78374	-199292213500	-44.69	0.05	8326	62.54	3286313	2	0	-44.49	000000	000000	17492	090008	090203	095206	33856	21175	-38.48	2734	1251	-17605
sRealKey : 005930
sRealType : 주식체결
sRealData : 095838	-2516000	-26000	-1.02	-2516000	-2515000	+1	63316	159718	-2531000	-2539000	-2510000	5	-78373	-199289697500	-44.69	0.05	8330	62.55	3287619	2	0	-44.49	000000	000000	17493	090008	090203	095206	33856	21176	-38.48	2734	1252	+2516
sRealKey : 005930
sRealType : 주식체결
sRealData : 095839	-2515000	-27000	-1.06	-2516000	-2515000	-1	63317	159721	-2531000	-2539000	-2510000	5	-78372	-199287182500	-44.69	0.05	8326	62.55	3286313	2	0	-44.49	000000	000000	17493	090008	090203	095206	33857	21176	-38.48	2735	1252	-2515
sRealKey : 005930
sRealType : 주식체결
sRealData : 095839	-2515000	-27000	-1.06	-2516000	-2515000	-1	63318	159723	-2531000	-2539000	-2510000	5	-78371	-199284667500	-44.69	0.05	8326	62.54	3286313	2	0	-44.49	000000	000000	17493	090008	090203	095206	33858	21176	-38.48	2736	1252	-2515
sRealKey : 005930
sRealType : 주식체결
sRealData : 095841	-2515000	-27000	-1.06	-2516000	-2515000	-1	63319	159726	-2531000	-2539000	-2510000	5	-78370	-199282152500	-44.69	0.05	8326	62.54	3286313	2	0	-44.49	000000	000000	17493	090008	090203	095206	33859	21176	-38.48	2737	1252	-2515
sRealKey : 005930
sRealType : 주식체결
sRealData : 095842	-2515000	-27000	-1.06	-2516000	-2515000	-2	63321	159731	-2531000	-2539000	-2510000	5	-78368	-199277122500	-44.69	0.05	8326	62.54	3286313	2	0	-44.49	000000	000000	17494	090008	090203	095206	33861	21176	-38.48	2738	1252	-5030
sRealKey : 005930
sRealType : 주식체결
sRealData : 095843	-2515000	-27000	-1.06	-2516000	-2515000	-3	63324	159738	-2531000	-2539000	-2510000	5	-78365	-199269577500	-44.69	0.05	8326	62.53	3286313	2	0	-44.49	000000	000000	17495	090008	090203	095206	33864	21176	-38.47	2739	1252	-7545
sRealKey : 005930
sRealType : 주식체결
sRealData : 095844	-2515000	-27000	-1.06	-2516000	-2515000	-1	63325	159741	-2531000	-2539000	-2510000	5	-78364	-199267062500	-44.69	0.05	8326	62.53	3286313	2	0	-44.50	000000	000000	17495	090008	090203	095206	33865	21176	-38.47	2740	1252	-2515
sRealKey : 005930
sRealType : 주식체결
sRealData : 095845	-2515000	-27000	-1.06	-2516000	-2515000	-10	63335	159766	-2531000	-2539000	-2510000	5	-78354	-199241912500	-44.70	0.05	8326	62.51	3286313	2	0	-44.50	000000	000000	17498	090008	090203	095206	33875	21176	-38.47	2741	1252	-25150
sRealKey : 005930
sRealType : 주식체결
sRealData : 100018	-2515000	-27000	-1.06	-2515000	-2514000	+1	64547	162813	-2531000	-2539000	-2510000	5	-77142	-196194363500	-45.56	0.05	8326	62.53	3286313	2	0	-45.35	000000	000000	17543	090008	090203	095206	34618	21645	-38.47	2850	1274	+2515
sRealKey : 005930
sRealType : 주식체결
sRealData : 100018	-2514000	-28000	-1.10	-2515000	-2514000	-1	64548	162816	-2531000	-2539000	-2510000	5	-77141	-196191849500	-45.56	0.05	8323	62.52	3285006	2	0	-45.35	000000	000000	17544	090008	090203	095206	34619	21645	-38.47	2851	1274	-2514
sRealKey : 005930
sRealType : 주식체결
sRealData : 100019	-2514000	-28000	-1.10	-2515000	-2514000	-6	64554	162831	-2531000	-2539000	-2510000	5	-77135	-196176765500	-45.56	0.05	8323	62.51	3285006	2	0	-45.36	000000	000000	17545	090008	090203	095206	34625	21645	-38.47	2852	1274	-15084
sRealKey : 005930
sRealType : 주식체결
sRealData : 100019	-2514000	-28000	-1.10	-2515000	-2514000	-1	64555	162833	-2531000	-2539000	-2510000	5	-77134	-196174251500	-45.56	0.05	8323	62.51	3285006	2	0	-45.36	000000	000000	17545	090008	090203	095206	34626	21645	-38.47	2853	1274	-2514
sRealKey : 005930
sRealType : 주식체결
sRealData : 100020	-2514000	-28000	-1.10	-2515000	-2514000	-1	64556	162836	-2531000	-2539000	-2510000	5	-77133	-196171737500	-45.56	0.05	8323	62.51	3285006	2	0	-45.36	000000	000000	17546	090008	090203	095206	34627	21645	-38.46	2854	1274	-2514
sRealKey : 005930
sRealType : 주식체결
sRealData : 100020	-2514000	-28000	-1.10	-2515000	-2514000	-1	64557	162839	-2531000	-2539000	-2510000	5	-77132	-196169223500	-45.56	0.05	8323	62.51	3285006	2	0	-45.36	000000	000000	17546	090008	090203	095206	34628	21645	-38.46	2855	1274	-2514
sRealKey : 005930
sRealType : 주식체결
sRealData : 100022	-2514000	-28000	-1.10	-2515000	-2514000	-2	64559	162844	-2531000	-2539000	-2510000	5	-77130	-196164195500	-45.56	0.05	8323	62.50	3285006	2	0	-45.36	000000	000000	17547	090008	090203	095206	34630	21645	-38.46	2856	1274	-5028
sRealKey : 005930
sRealType : 주식체결
sRealData : 100022	-2514000	-28000	-1.10	-2515000	-2514000	-1	64560	162846	-2531000	-2539000	-2510000	5	-77129	-196161681500	-45.56	0.05	8323	62.50	3285006	2	0	-45.36	000000	000000	17547	090008	090203	095206	34631	21645	-38.46	2857	1274	-2514
sRealKey : 005930
sRealType : 주식체결
sRealData : 100022	-2514000	-28000	-1.10	-2515000	-2514000	-1	64561	162849	-2531000	-2539000	-2510000	5	-77128	-196159167500	-45.57	0.05	8323	62.50	3285006	2	0	-45.36	000000	000000	17547	090008	090203	095206	34632	21645	-38.46	2858	1274	-2514
sRealKey : 005930
sRealType : 주식체결
sRealData : 100024	-2514000	-28000	-1.10	-2515000	-2514000	-3	64564	162856	-2531000	-2539000	-2510000	5	-77125	-196151625500	-45.57	0.05	8323	62.49	3285006	2	0	-45.36	000000	000000	17548	090008	090203	095206	34635	21645	-38.46	2859	1274	-7542
sRealKey : 005930
sRealType : 주식체결
sRealData : 100025	-2514000	-28000	-1.10	-2515000	-2514000	-1	64565	162859	-2531000	-2539000	-2510000	5	-77124	-196149111500	-45.57	0.05	8323	62.49	3285006	2	0	-45.36	000000	000000	17548	090008	090203	095206	34636	21645	-38.46	2860	1274	-2514
sRealKey : 005930
sRealType : 주식체결
sRealData : 100025	-2514000	-28000	-1.10	-2515000	-2514000	-1	64566	162861	-2531000	-2539000	-2510000	5	-77123	-196146597500	-45.57	0.05	8323	62.49	3285006	2	0	-45.36	000000	000000	17548	090008	090203	095206	34637	21645	-38.46	2861	1274	-2514
sRealKey : 005930
sRealType : 주식체결
sRealData : 100025	-2514000	-28000	-1.10	-2515000	-2514000	-1	64567	162864	-2531000	-2539000	-2510000	5	-77122	-196144083500	-45.57	0.05	8323	62.49	3285006	2	0	-45.37	000000	000000	17549	090008	090203	095206	34638	21645	-38.46	2862	1274	-2514
sRealKey : 005930
sRealType : 주식체결
sRealData : 100026	-2514000	-28000	-1.10	-2515000	-2514000	-1	64568	162866	-2531000	-2539000	-2510000	5	-77121	-196141569500	-45.57	0.05	8323	62.49	3285006	2	0	-45.37	000000	000000	17549	090008	090203	095206	34639	21645	-38.46	2863	1274	-2514
sRealKey : 005930
sRealType : 주식체결
sRealData : 100026	-2514000	-28000	-1.10	-2515000	-2514000	-40	64608	162967	-2531000	-2539000	-2510000	5	-77081	-196041009500	-45.60	0.05	8323	62.42	3285006	2	0	-45.39	000000	000000	17560	090008	090203	095206	34679	21645	-38.43	2864	1274	-100560
sRealKey : 005930
sRealType : 주식체결
sRealData : 100026	-2514000	-28000	-1.10	-2515000	-2514000	-1	64609	162969	-2531000	-2539000	-2510000	5	-77080	-196038495500	-45.60	0.05	8323	62.41	3285006	2	0	-45.39	000000	000000	17560	090008	090203	095206	34680	21645	-38.43	2865	1274	-2514
sRealKey : 005930
sRealType : 주식체결
sRealData : 100122	-2513000	-29000	-1.14	-2514000	-2513000	-61	65223	164513	-2531000	-2539000	-2510000	5	-76466	-194495153500	-46.03	0.05	8320	61.62	3283699	2	0	-45.82	000000	000000	17604	090008	090203	095206	35230	21709	-38.13	2944	1283	-153293
sRealKey : 005930
sRealType : 주식체결
sRealData : 100122	-2513000	-29000	-1.14	-2514000	-2513000	-2	65225	164518	-2531000	-2539000	-2510000	5	-76464	-194490127500	-46.03	0.05	8320	61.62	3283699	2	0	-45.83	000000	000000	17604	090008	090203	095206	35232	21709	-38.13	2945	1283	-5026
sRealKey : 005930
sRealType : 주식체결
sRealData : 100122	-2513000	-29000	-1.14	-2514000	-2513000	-9	65234	164540	-2531000	-2539000	-2510000	5	-76455	-194467510500	-46.04	0.05	8320	61.60	3283699	2	0	-45.83	000000	000000	17607	090008	090203	095206	35241	21709	-38.12	2946	1283	-22617
sRealKey : 005930
sRealType : 주식체결
sRealData : 100123	-2513000	-29000	-1.14	-2514000	-2513000	-2	65236	164545	-2531000	-2539000	-2510000	5	-76453	-194462484500	-46.04	0.05	8320	61.60	3283699	2	0	-45.83	000000	000000	17607	090008	090203	095206	35243	21709	-38.12	2947	1283	-5026
sRealKey : 005930
sRealType : 주식체결
sRealData : 100124	-2513000	-29000	-1.14	-2514000	-2513000	-1	65237	164548	-2531000	-2539000	-2510000	5	-76452	-194459971500	-46.04	0.05	8320	61.60	3283699	2	0	-45.83	000000	000000	17607	090008	090203	095206	35244	21709	-38.12	2948	1283	-2513
sRealKey : 005930
sRealType : 주식체결
sRealData : 100125	-2513000	-29000	-1.14	-2514000	-2513000	-6	65243	164563	-2531000	-2539000	-2510000	5	-76446	-194444893500	-46.05	0.05	8320	61.59	3283699	2	0	-45.84	000000	000000	17609	090008	090203	095206	35250	21709	-38.11	2949	1283	-15078
sRealKey : 005930
sRealType : 주식체결
sRealData : 100126	-2513000	-29000	-1.14	-2514000	-2513000	-1	65244	164565	-2531000	-2539000	-2510000	5	-76445	-194442380500	-46.05	0.05	8320	61.58	3283699	2	0	-45.84	000000	000000	17609	090008	090203	095206	35251	21709	-38.11	2950	1283	-2513
sRealKey : 005930
sRealType : 주식체결
sRealData : 100130	-2513000	-29000	-1.14	-2514000	-2513000	-2	65246	164570	-2531000	-2539000	-2510000	5	-76443	-194437354500	-46.05	0.05	8320	61.58	3283699	2	0	-45.84	000000	000000	17556	090008	090203	095206	35253	21709	-38.11	2951	1283	-5026
sRealKey : 005930
sRealType : 주식체결
sRealData : 100130	-2514000	-28000	-1.10	-2514000	-2513000	+5	65251	164583	-2531000	-2539000	-2510000	5	-76438	-194424784500	-46.05	0.05	8323	61.59	3285006	2	0	-45.84	000000	000000	17557	090008	090203	095206	35253	21714	-38.12	2951	1284	+12570
sRealKey : 005930
sRealType : 주식체결
sRealData : 100130	-2513000	-29000	-1.14	-2514000	-2513000	-2	65253	164588	-2531000	-2539000	-2510000	5	-76436	-194419758500	-46.05	0.05	8320	61.59	3283699	2	0	-45.85	000000	000000	17558	090008	090203	095206	35255	21714	-38.12	2952	1284	-5026
sRealKey : 005930
sRealType : 주식체결
sRealData : 100131	-2513000	-29000	-1.14	-2514000	-2513000	-2	65255	164593	-2531000	-2539000	-2510000	5	-76434	-194414732500	-46.06	0.05	8320	61.59	3283699	2	0	-45.85	000000	000000	17558	090008	090203	095206	35257	21714	-38.11	2953	1284	-5026
sRealKey : 005930
sRealType : 주식체결
sRealData : 100132	-2513000	-29000	-1.14	-2514000	-2513000	-1	65256	164596	-2531000	-2539000	-2510000	5	-76433	-194412219500	-46.06	0.05	8320	61.59	3283699	2	0	-45.85	000000	000000	17558	090008	090203	095206	35258	21714	-38.11	2954	1284	-2513
sRealKey : 005930
sRealType : 주식당일거래원
sRealData : 모건스탠리	14407	+71	036	DHDB	한국투자증권	8010	+10	003	!!!!	SK  증권	4935	+101	025	!!!!	미래대우	7371	+24	005	!!!!	한국투자증권	3933	+76	003	!!!!	삼  성	6704	+7	030	!!!!	JP모간서울	3548	+2	033	DHDB	NH투자증권	6231	+397	012	!!!!	미래대우	3311	+22	005	!!!!	현  대	4941	+2	017	!!!!	20486	+73	2278	0	-18208	-73	1	65256	36370	12432	9912	8964	8343	20224	18582	16909	15713	12449	51747	5772	-45976	2524902	2521015	2522237	2521714	2519552	2524462	2519171	2520132	2526555	2519824	2525987	2533743	2525017	30134	33257	272	440
sRealKey : 005930
sRealType : 주식체결
sRealData : 100134	-2513000	-29000	-1.14	-2514000	-2513000	-2	65258	164601	-2531000	-2539000	-2510000	5	-76431	-194407193500	-46.06	0.05	8320	61.58	3283699	2	0	-45.85	000000	000000	17559	090008	090203	095206	35260	21714	-38.11	2955	1284	-5026
sRealKey : 005930
sRealType : 주식체결
sRealData : 100135	-2514000	-28000	-1.10	-2514000	-2513000	+1	65259	164603	-2531000	-2539000	-2510000	5	-76430	-194404679500	-46.06	0.05	8323	61.59	3285006	2	0	-45.85	000000	000000	17559	090008	090203	095206	35260	21715	-38.11	2955	1285	+2514
sRealKey : 005930
sRealType : 주식체결
sRealData : 100135	-2513000	-29000	-1.14	-2514000	-2513000	-1	65260	164606	-2531000	-2539000	-2510000	5	-76429	-194402166500	-46.06	0.05	8320	61.58	3283699	2	0	-45.85	000000	000000	17560	090008	090203	095206	35261	21715	-38.11	2956	1285	-2513
sRealKey : 005930
sRealType : 주식체결
sRealData : 100142	-2513000	-29000	-1.14	-2514000	-2513000	-1	65261	164608	-2531000	-2539000	-2510000	5	-76428	-194399653500	-46.06	0.05	8320	61.58	3283699	2	0	-45.85	000000	000000	17560	090008	090203	095206	35262	21715	-38.11	2957	1285	-2513
sRealKey : 005930
sRealType : 주식체결
sRealData : 100142	-2513000	-29000	-1.14	-2514000	-2513000	-2	65263	164613	-2531000	-2539000	-2510000	5	-76426	-194394627500	-46.06	0.05	8320	61.58	3283699	2	0	-45.85	000000	000000	17560	090008	090203	095206	35264	21715	-38.11	2958	1285	-5026
sRealKey : 005930
sRealType : 주식체결
sRealData : 100142	-2513000	-29000	-1.14	-2514000	-2513000	-2	65265	164618	-2531000	-2539000	-2510000	5	-76424	-194389601500	-46.06	0.05	8320	61.57	3283699	2	0	-45.85	000000	000000	17561	090008	090203	095206	35266	21715	-38.11	2959	1285	-5026
sRealKey : 005930
sRealType : 주식체결
sRealData : 100142	-2513000	-29000	-1.14	-2514000	-2513000	-8	65273	164638	-2531000	-2539000	-2510000	5	-76416	-194369497500	-46.07	0.05	8320	61.56	3283699	2	0	-45.86	000000	000000	17563	090008	090203	095206	35274	21715	-38.10	2960	1285	-20104
sRealKey : 005930
sRealType : 주식체결
sRealData : 100144	-2514000	-28000	-1.10	-2514000	-2513000	+1	65274	164641	-2531000	-2539000	-2510000	5	-76415	-194366983500	-46.07	0.05	8323	61.56	3285006	2	0	-45.86	000000	000000	17563	090008	090203	095206	35274	21716	-38.10	2960	1286	+2514
sRealKey : 005930
sRealType : 주식체결
sRealData : 100146	-2513000	-29000	-1.14	-2514000	-2513000	-1	65275	164643	-2531000	-2539000	-2510000	5	-76414	-194364470500	-46.07	0.05	8320	61.56	3283699	2	0	-45.86	000000	000000	17564	090008	090203	095206	35275	21716	-38.10	2961	1286	-2513
sRealKey : 005930
sRealType : 주식체결
sRealData : 100146	-2513000	-29000	-1.14	-2514000	-2513000	-2	65277	164648	-2531000	-2539000	-2510000	5	-76412	-194359444500	-46.07	0.05	8320	61.56	3283699	2	0	-45.86	000000	000000	17564	090008	090203	095206	35277	21716	-38.10	2962	1286	-5026
sRealKey : 005930
sRealType : 주식체결
sRealData : 100148	-2513000	-29000	-1.14	-2514000	-2513000	-1	65278	164651	-2531000	-2539000	-2510000	5	-76411	-194356931500	-46.07	0.05	8320	61.56	3283699	2	0	-45.86	000000	000000	17564	090008	090203	095206	35278	21716	-38.10	2963	1286	-2513
sRealKey : 005930
sRealType : 주식체결
sRealData : 100148	-2513000	-29000	-1.14	-2514000	-2513000	-2	65280	164656	-2531000	-2539000	-2510000	5	-76409	-194351905500	-46.07	0.05	8320	61.55	3283699	2	0	-45.86	000000	000000	17565	090008	090203	095206	35280	21716	-38.10	2964	1286	-5026
sRealKey : 005930
sRealType : 주식체결
sRealData : 100149	-2513000	-29000	-1.14	-2514000	-2513000	-1	65281	164658	-2531000	-2539000	-2510000	5	-76408	-194349392500	-46.07	0.05	8320	61.55	3283699	2	0	-45.86	000000	000000	17565	090008	090203	095206	35281	21716	-38.10	2965	1286	-2513
sRealKey : 005930
sRealType : 주식체결
sRealData : 100151	-2513000	-29000	-1.14	-2514000	-2513000	-1	65282	164661	-2531000	-2539000	-2510000	5	-76407	-194346879500	-46.07	0.05	8320	61.55	3283699	2	0	-45.87	000000	000000	17565	090008	090203	095206	35282	21716	-38.10	2966	1286	-2513
sRealKey : 005930
sRealType : 주식체결
sRealData : 100152	-2513000	-29000	-1.14	-2514000	-2513000	-1	65283	164663	-2531000	-2539000	-2510000	5	-76406	-194344366500	-46.07	0.05	8320	61.55	3283699	2	0	-45.87	000000	000000	17566	090008	090203	095206	35283	21716	-38.10	2967	1286	-2513
sRealKey : 005930
sRealType : 주식체결
sRealData : 100152	-2513000	-29000	-1.14	-2514000	-2513000	-1	65284	164666	-2531000	-2539000	-2510000	5	-76405	-194341853500	-46.08	0.05	8320	61.55	3283699	2	0	-45.87	000000	000000	17566	090008	090203	095206	35284	21716	-38.10	2968	1286	-2513
sRealKey : 005930
sRealType : 주식체결
sRealData : 100152	-2513000	-29000	-1.14	-2514000	-2513000	-1	65285	164668	-2531000	-2539000	-2510000	5	-76404	-194339340500	-46.08	0.05	8320	61.54	3283699	2	0	-45.87	000000	000000	17566	090008	090203	095206	35285	21716	-38.10	2969	1286	-2513
sRealKey : 005930
sRealType : 주식체결
sRealData : 100152	-2513000	-29000	-1.14	-2514000	-2513000	-1	65286	164671	-2531000	-2539000	-2510000	5	-76403	-194336827500	-46.08	0.05	8320	61.54	3283699	2	0	-45.87	000000	000000	17567	090008	090203	095206	35286	21716	-38.10	2970	1286	-2513
sRealKey : 005930
sRealType : 주식체결
sRealData : 100153	-2513000	-29000	-1.14	-2514000	-2513000	-1	65287	164673	-2531000	-2539000	-2510000	5	-76402	-194334314500	-46.08	0.05	8320	61.54	3283699	2	0	-45.87	000000	000000	17567	090008	090203	095206	35287	21716	-38.10	2971	1286	-2513
sRealKey : 005930
sRealType : 주식체결
sRealData : 100156	-2513000	-29000	-1.14	-2514000	-2513000	-1	65288	164676	-2531000	-2539000	-2510000	5	-76401	-194331801500	-46.08	0.05	8320	61.54	3283699	2	0	-45.87	000000	000000	17567	090008	090203	095206	35288	21716	-38.10	2972	1286	-2513
sRealKey : 005930
sRealType : 주식체결
sRealData : 100157	-2513000	-29000	-1.14	-2514000	-2513000	-2	65290	164681	-2531000	-2539000	-2510000	5	-76399	-194326775500	-46.08	0.05	8320	61.54	3283699	2	0	-45.87	000000	000000	17568	090008	090203	095206	35290	21716	-38.09	2973	1286	-5026
sRealKey : 005930
sRealType : 주식체결
sRealData : 100158	-2514000	-28000	-1.10	-2514000	-2513000	+44	65334	164792	-2531000	-2539000	-2510000	5	-76355	-194216159500	-46.11	0.05	8323	61.66	3285006	2	0	-45.90	000000	000000	17579	090008	090203	095206	35290	21760	-38.14	2973	1287	+110616
sRealKey : 005930
sRealType : 주식체결
sRealData : 100158	-2513000	-29000	-1.14	-2514000	-2513000	-2	65336	164797	-2531000	-2539000	-2510000	5	-76353	-194211133500	-46.11	0.05	8320	61.66	3283699	2	0	-45.90	000000	000000	17580	090008	090203	095206	35292	21760	-38.14	2974	1287	-5026
sRealKey : 005930
sRealType : 주식체결
sRealData : 100158	-2513000	-29000	-1.14	-2514000	-2513000	-1	65337	164799	-2531000	-2539000	-2510000	5	-76352	-194208620500	-46.11	0.05	8320	61.66	3283699	2	0	-45.90	000000	000000	17580	090008	090203	095206	35293	21760	-38.14	2975	1287	-2513
sRealKey : 005930
sRealType : 주식체결
sRealData : 100158	-2513000	-29000	-1.14	-2514000	-2513000	-6	65343	164814	-2531000	-2539000	-2510000	5	-76346	-194193542500	-46.12	0.05	8320	61.64	3283699	2	0	-45.91	000000	000000	17582	090008	090203	095206	35299	21760	-38.14	2976	1287	-15078
sRealKey : 005930
sRealType : 주식체결
sRealData : 100200	-2513000	-29000	-1.14	-2514000	-2513000	-1	65344	164817	-2531000	-2539000	-2510000	5	-76345	-194191029500	-46.12	0.05	8320	61.64	3283699	2	0	-45.91	000000	000000	17558	090008	090203	095206	35300	21760	-38.14	2977	1287	-2513
sRealKey : 005930
sRealType : 주식체결
sRealData : 100200	-2513000	-29000	-1.14	-2514000	-2513000	-1	65345	164819	-2531000	-2539000	-2510000	5	-76344	-194188516500	-46.12	0.05	8320	61.64	3283699	2	0	-45.91	000000	000000	17558	090008	090203	095206	35301	21760	-38.13	2978	1287	-2513
sRealKey : 005930
sRealType : 주식체결
sRealData : 100201	-2513000	-29000	-1.14	-2514000	-2513000	-2	65347	164824	-2531000	-2539000	-2510000	5	-76342	-194183490500	-46.12	0.05	8320	61.64	3283699	2	0	-45.91	000000	000000	17559	090008	090203	095206	35303	21760	-38.13	2979	1287	-5026
sRealKey : 005930
sRealType : 주식체결
sRealData : 100201	-2513000	-29000	-1.14	-2514000	-2513000	-2	65349	164829	-2531000	-2539000	-2510000	5	-76340	-194178464500	-46.12	0.05	8320	61.63	3283699	2	0	-45.91	000000	000000	17559	090008	090203	095206	35305	21760	-38.13	2980	1287	-5026
sRealKey : 005930
sRealType : 주식체결
sRealData : 100202	-2513000	-29000	-1.14	-2514000	-2513000	-1	65350	164832	-2531000	-2539000	-2510000	5	-76339	-194175951500	-46.12	0.05	8320	61.63	3283699	2	0	-45.91	000000	000000	17560	090008	090203	095206	35306	21760	-38.13	2981	1287	-2513
sRealKey : 005930
sRealType : 주식체결
sRealData : 100205	-2513000	-29000	-1.14	-2514000	-2513000	-1	65351	164834	-2531000	-2539000	-2510000	5	-76338	-194173438500	-46.12	0.05	8320	61.63	3283699	2	0	-45.91	000000	000000	17560	090008	090203	095206	35307	21760	-38.13	2982	1287	-2513
sRealKey : 005930
sRealType : 주식체결
sRealData : 100206	-2514000	-28000	-1.10	-2514000	-2513000	+1	65352	164837	-2531000	-2539000	-2510000	5	-76337	-194170924500	-46.12	0.05	8323	61.63	3285006	2	0	-45.91	000000	000000	17560	090008	090203	095206	35307	21761	-38.13	2982	1288	+2514
sRealKey : 005930
sRealType : 주식체결
sRealData : 100206	-2514000	-28000	-1.10	-2514000	-2513000	+1	65353	164839	-2531000	-2539000	-2510000	5	-76336	-194168410500	-46.12	0.05	8323	61.64	3285006	2	0	-45.92	000000	000000	17560	090008	090203	095206	35307	21762	-38.13	2982	1289	+2514
sRealKey : 005930
sRealType : 주식체결
sRealData : 100208	-2514000	-28000	-1.10	-2514000	-2513000	+1	65354	164842	-2531000	-2539000	-2510000	5	-76335	-194165896500	-46.12	0.05	8323	61.64	3285006	2	0	-45.92	000000	000000	17561	090008	090203	095206	35307	21763	-38.13	2982	1290	+2514
sRealKey : 005930
sRealType : 주식체결
sRealData : 100209	-2513000	-29000	-1.14	-2514000	-2513000	-1	65355	164844	-2531000	-2539000	-2510000	5	-76334	-194163383500	-46.13	0.05	8320	61.64	3283699	2	0	-45.92	000000	000000	17561	090008	090203	095206	35308	21763	-38.13	2983	1290	-2513
sRealKey : 005930
sRealType : 주식체결
sRealData : 100210	-2513000	-29000	-1.14	-2514000	-2513000	-2	65357	164849	-2531000	-2539000	-2510000	5	-76332	-194158357500	-46.13	0.05	8320	61.63	3283699	2	0	-45.92	000000	000000	17562	090008	090203	095206	35310	21763	-38.13	2984	1290	-5026
sRealKey : 005930
sRealType : 주식체결
sRealData : 100211	-2513000	-29000	-1.14	-2514000	-2513000	-3	65360	164857	-2531000	-2539000	-2510000	5	-76329	-194150818500	-46.13	0.05	8320	61.63	3283699	2	0	-45.92	000000	000000	17562	090008	090203	095206	35313	21763	-38.13	2985	1290	-7539
sRealKey : 005930
sRealType : 주식체결
sRealData : 100211	-2513000	-29000	-1.14	-2514000	-2513000	-1	65361	164859	-2531000	-2539000	-2510000	5	-76328	-194148305500	-46.13	0.05	8320	61.63	3283699	2	0	-45.92	000000	000000	17563	090008	090203	095206	35314	21763	-38.13	2986	1290	-2513
sRealKey : 005930
sRealType : 주식체결
sRealData : 100211	-2513000	-29000	-1.14	-2514000	-2513000	-2	65363	164864	-2531000	-2539000	-2510000	5	-76326	-194143279500	-46.13	0.05	8320	61.62	3283699	2	0	-45.92	000000	000000	17563	090008	090203	095206	35316	21763	-38.13	2987	1290	-5026
sRealKey : 005930
sRealType : 주식체결
sRealData : 100212	-2513000	-29000	-1.14	-2514000	-2513000	-1	65364	164867	-2531000	-2539000	-2510000	5	-76325	-194140766500	-46.13	0.05	8320	61.62	3283699	2	0	-45.92	000000	000000	17563	090008	090203	095206	35317	21763	-38.13	2988	1290	-2513
sRealKey : 005930
sRealType : 주식체결
sRealData : 100213	-2513000	-29000	-1.14	-2514000	-2513000	-1	65365	164869	-2531000	-2539000	-2510000	5	-76324	-194138253500	-46.13	0.05	8320	61.62	3283699	2	0	-45.92	000000	000000	17564	090008	090203	095206	35318	21763	-38.13	2989	1290	-2513
sRealKey : 005930
sRealType : 주식체결
sRealData : 100217	-2514000	-28000	-1.10	-2514000	-2513000	+5	65370	164882	-2531000	-2539000	-2510000	5	-76319	-194125683500	-46.14	0.05	8323	61.63	3285006	2	0	-45.93	000000	000000	17565	090008	090203	095206	35318	21768	-38.13	2989	1291	+12570
sRealKey : 005930
sRealType : 주식체결
sRealData : 100217	-2513000	-29000	-1.14	-2514000	-2513000	-1	65371	164885	-2531000	-2539000	-2510000	5	-76318	-194123170500	-46.14	0.05	8320	61.63	3283699	2	0	-45.93	000000	000000	17565	090008	090203	095206	35319	21768	-38.13	2990	1291	-2513
sRealKey : 005930
sRealType : 주식체결
sRealData : 100218	-2513000	-29000	-1.14	-2514000	-2513000	-4	65375	164895	-2531000	-2539000	-2510000	5	-76314	-194113118500	-46.14	0.05	8320	61.63	3283699	2	0	-45.93	000000	000000	17566	090008	090203	095206	35323	21768	-38.13	2991	1291	-10052
sRealKey : 005930
sRealType : 주식체결
sRealData : 100218	-2513000	-29000	-1.14	-2514000	-2513000	-2	65377	164900	-2531000	-2539000	-2510000	5	-76312	-194108092500	-46.14	0.05	8320	61.62	3283699	2	0	-45.93	000000	000000	17567	090008	090203	095206	35325	21768	-38.13	2992	1291	-5026
sRealKey : 039490
sRealType : 주식체결
sRealData : 100220	-90100	-1000	-1.10	-90200	-90100	-72	5374	486	 91100	 91100	-90000	5	-43300	-3927578600	-11.04	0.02	299	66.21	19912	2	0	-11.01	000000	000000	7551	090014	090014	095721	3214	2128	-39.84	212	203	-6487
sRealKey : 005930
sRealType : 주식체결
sRealData : 100221	-2513000	-29000	-1.14	-2514000	-2513000	-35	65412	164988	-2531000	-2539000	-2510000	5	-76277	-194020137500	-46.17	0.05	8320	61.56	3283699	2	0	-45.96	000000	000000	17576	090008	090203	095206	35360	21768	-38.10	2993	1291	-87955
sRealKey : 005930
sRealType : 주식체결
sRealData : 100221	-2513000	-29000	-1.14	-2514000	-2513000	-10	65422	165013	-2531000	-2539000	-2510000	5	-76267	-193995007500	-46.17	0.05	8320	61.54	3283699	2	0	-45.96	000000	000000	17579	090008	090203	095206	35370	21768	-38.10	2994	1291	-25130
sRealKey : 005930
sRealType : 주식체결
sRealData : 100221	-2513000	-29000	-1.14	-2514000	-2513000	-6	65428	165028	-2531000	-2539000	-2510000	5	-76261	-193979929500	-46.18	0.05	8320	61.53	3283699	2	0	-45.97	000000	000000	17581	090008	090203	095206	35376	21768	-38.09	2995	1291	-15078
sRealKey : 005930
sRealType : 주식체결
sRealData : 100222	-2513000	-29000	-1.14	-2514000	-2513000	-2	65430	165033	-2531000	-2539000	-2510000	5	-76259	-193974903500	-46.18	0.05	8320	61.53	3283699	2	0	-45.97	000000	000000	17581	090008	090203	095206	35378	21768	-38.09	2996	1291	-5026
sRealKey : 005930
sRealType : 주식체결
sRealData : 100222	-2513000	-29000	-1.14	-2514000	-2513000	-2	65432	165038	-2531000	-2539000	-2510000	5	-76257	-193969877500	-46.18	0.05	8320	61.53	3283699	2	0	-45.97	000000	000000	17582	090008	090203	095206	35380	21768	-38.09	2997	1291	-5026
sRealKey : 005930
sRealType : 주식체결
sRealData : 100222	-2513000	-29000	-1.14	-2514000	-2513000	-2	65434	165043	-2531000	-2539000	-2510000	5	-76255	-193964851500	-46.18	0.05	8320	61.52	3283699	2	0	-45.97	000000	000000	17582	090008	090203	095206	35382	21768	-38.09	2998	1291	-5026
sRealKey : 005930
sRealType : 주식체결
sRealData : 100223	-2513000	-29000	-1.14	-2514000	-2513000	-3	65437	165050	-2531000	-2539000	-2510000	5	-76252	-193957312500	-46.18	0.05	8320	61.52	3283699	2	0	-45.97	000000	000000	17583	090008	090203	095206	35385	21768	-38.09	2999	1291	-7539
sRealKey : 039490
sRealType : 주식체결
sRealData : 100223	-90200	-900	-0.99	-90200	-90100	+12	5386	487	 91100	 91100	-90000	5	-43288	-3926496200	-11.07	0.02	299	66.58	19934	2	0	-11.04	000000	000000	7568	090014	090014	095721	3214	2140	-39.97	212	204	+1082
sRealKey : 005930
sRealType : 주식체결
sRealData : 100223	-2513000	-29000	-1.14	-2514000	-2513000	-1	65438	165053	-2531000	-2539000	-2510000	5	-76251	-193954799500	-46.18	0.05	8320	61.52	3283699	2	0	-45.97	000000	000000	17583	090008	090203	095206	35386	21768	-38.09	3000	1291	-2513
sRealKey : 005930
sRealType : 주식체결
sRealData : 100224	-2513000	-29000	-1.14	-2514000	-2513000	-7	65445	165071	-2531000	-2539000	-2510000	5	-76244	-193937208500	-46.19	0.05	8320	61.50	3283699	2	0	-45.98	000000	000000	17585	090008	090203	095206	35393	21768	-38.08	3001	1291	-17591
sRealKey : 005930
sRealType : 주식체결
sRealData : 100224	-2513000	-29000	-1.14	-2514000	-2513000	-1	65446	165073	-2531000	-2539000	-2510000	5	-76243	-193934695500	-46.19	0.05	8320	61.50	3283699	2	0	-45.98	000000	000000	17585	090008	090203	095206	35394	21768	-38.08	3002	1291	-2513
sRealKey : 005930
sRealType : 주식체결
sRealData : 100224	-2513000	-29000	-1.14	-2514000	-2513000	-2	65448	165078	-2531000	-2539000	-2510000	5	-76241	-193929669500	-46.19	0.05	8320	61.50	3283699	2	0	-45.98	000000	000000	17586	090008	090203	095206	35396	21768	-38.08	3003	1291	-5026
sRealKey : 005930
sRealType : 주식체결
sRealData : 100225	-2513000	-29000	-1.14	-2514000	-2513000	-5	65453	165091	-2531000	-2539000	-2510000	5	-76236	-193917104500	-46.19	0.05	8320	61.49	3283699	2	0	-45.99	000000	000000	17587	090008	090203	095206	35401	21768	-38.08	3004	1291	-12565
sRealKey : 005930
sRealType : 주식체결
sRealData : 100225	-2514000	-28000	-1.10	-2514000	-2513000	+44	65497	165201	-2531000	-2539000	-2510000	5	-76192	-193806488500	-46.23	0.05	8323	61.61	3285006	2	0	-46.02	000000	000000	17599	090008	090203	095206	35401	21812	-38.12	3004	1292	+110616
sRealKey : 005930
sRealType : 주식체결
sRealData : 100225	-2513000	-29000	-1.14	-2514000	-2513000	-8	65505	165221	-2531000	-2539000	-2510000	5	-76184	-193786384500	-46.23	0.05	8320	61.60	3283699	2	0	-46.02	000000	000000	17601	090008	090203	095206	35409	21812	-38.12	3005	1292	-20104
sRealKey : 005930
sRealType : 주식체결
sRealData : 100226	-2513000	-29000	-1.14	-2514000	-2513000	-2	65507	165226	-2531000	-2539000	-2510000	5	-76182	-193781358500	-46.23	0.05	8320	61.60	3283699	2	0	-46.02	000000	000000	17602	090008	090203	095206	35411	21812	-38.12	3006	1292	-5026
sRealKey : 005930
sRealType : 주식체결
sRealData : 100227	-2513000	-29000	-1.14	-2514000	-2513000	-6	65513	165241	-2531000	-2539000	-2510000	5	-76176	-193766280500	-46.24	0.05	8320	61.59	3283699	2	0	-46.03	000000	000000	17603	090008	090203	095206	35417	21812	-38.11	3007	1292	-15078
sRealKey : 005930
sRealType : 주식체결
sRealData : 100228	-2514000	-28000	-1.10	-2514000	-2513000	+2	65515	165246	-2531000	-2539000	-2510000	5	-76174	-193761252500	-46.24	0.05	8323	61.59	3285006	2	0	-46.03	000000	000000	17604	090008	090203	095206	35417	21814	-38.12	3007	1293	+5028
sRealKey : 005930
sRealType : 주식체결
sRealData : 100228	-2513000	-29000	-1.14	-2514000	-2513000	-1	65516	165249	-2531000	-2539000	-2510000	5	-76173	-193758739500	-46.24	0.05	8320	61.59	3283699	2	0	-46.03	000000	000000	17604	090008	090203	095206	35418	21814	-38.12	3008	1293	-2513
sRealKey : 005930
sRealType : 주식체결
sRealData : 100228	-2513000	-29000	-1.14	-2514000	-2513000	-3	65519	165257	-2531000	-2539000	-2510000	5	-76170	-193751200500	-46.24	0.05	8320	61.58	3283699	2	0	-46.03	000000	000000	17605	090008	090203	095206	35421	21814	-38.11	3009	1293	-7539
sRealKey : 005930
sRealType : 주식체결
sRealData : 100230	-2513000	-29000	-1.14	-2514000	-2513000	-1	65520	165259	-2531000	-2539000	-2510000	5	-76169	-193748687500	-46.24	0.05	8320	61.58	3283699	2	0	-46.03	000000	000000	17561	090008	090203	095206	35422	21814	-38.11	3010	1293	-2513
sRealKey : 005930
sRealType : 주식체결
sRealData : 100231	-2513000	-29000	-1.14	-2514000	-2513000	-1	65521	165262	-2531000	-2539000	-2510000	5	-76168	-193746174500	-46.24	0.05	8320	61.58	3283699	2	0	-46.03	000000	000000	17561	090008	090203	095206	35423	21814	-38.11	3011	1293	-2513
sRealKey : 005930
sRealType : 주식체결
sRealData : 100231	-2513000	-29000	-1.14	-2514000	-2513000	-5	65526	165274	-2531000	-2539000	-2510000	5	-76163	-193733609500	-46.25	0.05	8320	61.57	3283699	2	0	-46.04	000000	000000	17562	090008	090203	095206	35428	21814	-38.11	3012	1293	-12565
sRealKey : 005930
sRealType : 주식체결
sRealData : 100231	-2513000	-29000	-1.14	-2514000	-2513000	-1	65527	165277	-2531000	-2539000	-2510000	5	-76162	-193731096500	-46.25	0.05	8320	61.57	3283699	2	0	-46.04	000000	000000	17562	090008	090203	095206	35429	21814	-38.11	3013	1293	-2513
sRealKey : 005930
sRealType : 주식체결
sRealData : 100231	-2513000	-29000	-1.14	-2514000	-2513000	-3	65530	165284	-2531000	-2539000	-2510000	5	-76159	-193723557500	-46.25	0.05	8320	61.57	3283699	2	0	-46.04	000000	000000	17563	090008	090203	095206	35432	21814	-38.11	3014	1293	-7539
sRealKey : 005930
sRealType : 주식체결
sRealData : 100233	-2513000	-29000	-1.14	-2514000	-2513000	-1	65531	165287	-2531000	-2539000	-2510000	5	-76158	-193721044500	-46.25	0.05	8320	61.56	3283699	2	0	-46.04	000000	000000	17563	090008	090203	095206	35433	21814	-38.11	3015	1293	-2513
sRealKey : 005930
sRealType : 주식체결
sRealData : 100233	-2513000	-29000	-1.14	-2514000	-2513000	-10	65541	165312	-2531000	-2539000	-2510000	5	-76148	-193695914500	-46.26	0.05	8320	61.55	3283699	2	0	-46.05	000000	000000	17566	090008	090203	095206	35443	21814	-38.10	3016	1293	-25130
[2017-07-19 14:06:59][sRQName : 주식일봉차트조회]
[2017-07-19 14:06:59][sRealType : opt10081]
[2017-07-19 14:06:59][sRealData : ]
[2017-07-19 14:07:27][sRQName : 주식일봉차트조회]
[2017-07-19 14:07:27][sRealType : opt10081]
[2017-07-19 14:07:27][sRealData : ]
[2017-07-19 14:18:16][sRQName : 주식일봉차트조회]
[2017-07-19 14:18:16][sRealType : opt10081]
[2017-07-19 14:18:16][sRealData : ]
[2017-07-19 14:18:36][sRQName : 주식기본정보]
[2017-07-19 14:18:36][sRealType : OPT10001]
[2017-07-19 14:18:36][sRealData : ]
[2017-07-19 14:18:36][sRealKey : 005930]
[2017-07-19 14:18:36][sRealType : 주식체결]
[2017-07-19 14:18:36][sRealData : 141839	-2534000	-8000	-0.31	-2535000	-2534000	-2	172626	435195	-2531000	-2539000	-2500000	5	+30937	+76186792500	+121.83	0.13	8389	68.76	3311140	2	0	+121.22	000000	000000	17577	090008	090203	101525	97383	66959	-40.74	16769	5751	-5068]
[2017-07-19 14:18:38][sRealKey : 005930]
[2017-07-19 14:18:38][sRealType : 주식체결]
[2017-07-19 14:18:38][sRealData : 141840	-2534000	-8000	-0.31	-2535000	-2534000	-1	172627	435197	-2531000	-2539000	-2500000	5	+30938	+76189326500	+121.84	0.13	8389	68.76	3311140	2	0	+121.22	000000	000000	17577	090008	090203	101525	97384	66959	-40.74	16770	5751	-2534]
[2017-07-19 14:18:38][sRealKey : 005930]
[2017-07-19 14:18:38][sRealType : 주식체결]
[2017-07-19 14:18:38][sRealData : 141840	-2535000	-7000	-0.28	-2535000	-2534000	+4	172631	435207	-2531000	-2539000	-2500000	5	+30942	+76199466500	+121.84	0.13	8392	68.76	3312446	2	0	+121.22	000000	000000	17577	090008	090203	101525	97384	66963	-40.74	16770	5752	+10140]
[2017-07-19 14:18:39][sRealKey : 005930]
[2017-07-19 14:18:39][sRealType : 주식체결]
[2017-07-19 14:18:39][sRealData : 141841	-2535000	-7000	-0.28	-2535000	-2534000	+14	172645	435243	-2531000	-2539000	-2500000	5	+30956	+76234956500	+121.85	0.13	8392	68.78	3312446	2	0	+121.23	000000	000000	17579	090008	090203	101525	97384	66977	-40.75	16770	5753	+35490]
[2017-07-19 14:18:39][sRQName : 주식일봉차트조회]
[2017-07-19 14:18:39][sRealType : opt10081]
[2017-07-19 14:18:39][sRealData : ]
[2017-07-19 14:18:39][sRealKey : 005930]
[2017-07-19 14:18:39][sRealType : 주식체결]
[2017-07-19 14:18:39][sRealData : 141842	-2535000	-7000	-0.28	-2535000	-2534000	+1	172646	435245	-2531000	-2539000	-2500000	5	+30957	+76237491500	+121.85	0.13	8392	68.78	3312446	2	0	+121.24	000000	000000	17579	090008	090203	101525	97384	66978	-40.75	16770	5754	+2535]
[2017-07-19 14:18:40][sRealKey : 005930]
[2017-07-19 14:18:40][sRealType : 주식체결]
[2017-07-19 14:18:40][sRealData : 141842	-2535000	-7000	-0.28	-2535000	-2534000	+1	172647	435248	-2531000	-2539000	-2500000	5	+30958	+76240026500	+121.85	0.13	8392	68.78	3312446	2	0	+121.24	000000	000000	17579	090008	090203	101525	97384	66979	-40.75	16770	5755	+2535]
[2017-07-19 14:18:40][sRealKey : 005930]
[2017-07-19 14:18:40][sRealType : 주식체결]
[2017-07-19 14:18:40][sRealData : 141842	-2534000	-8000	-0.31	-2535000	-2534000	-1	172648	435250	-2531000	-2539000	-2500000	5	+30959	+76242560500	+121.85	0.13	8389	68.78	3311140	2	0	+121.24	000000	000000	17579	090008	090203	101525	97385	66979	-40.75	16771	5755	-2534]
[2017-07-19 14:18:40][sRealKey : 005930]
[2017-07-19 14:18:40][sRealType : 주식체결]
[2017-07-19 14:18:40][sRealData : 141843	-2534000	-8000	-0.31	-2535000	-2534000	-1	172649	435253	-2531000	-2539000	-2500000	5	+30960	+76245094500	+121.85	0.13	8389	68.78	3311140	2	0	+121.24	000000	000000	17579	090008	090203	101525	97386	66979	-40.75	16772	5755	-2534]
[2017-07-19 14:18:41][sRealKey : 005930]
[2017-07-19 14:18:41][sRealType : 주식체결]
[2017-07-19 14:18:41][sRealData : 141843	-2535000	-7000	-0.28	-2535000	-2534000	+2	172651	435258	-2531000	-2539000	-2500000	5	+30962	+76250164500	+121.85	0.13	8392	68.78	3312446	2	0	+121.24	000000	000000	17579	090008	090203	101525	97386	66981	-40.75	16772	5756	+5070]
[2017-07-19 14:18:41][sRealKey : 005930]
[2017-07-19 14:18:41][sRealType : 주식체결]
[2017-07-19 14:18:41][sRealData : 141843	-2534000	-8000	-0.31	-2535000	-2534000	-4	172655	435268	-2531000	-2539000	-2500000	5	+30966	+76260300500	+121.85	0.13	8389	68.78	3311140	2	0	+121.24	000000	000000	17580	090008	090203	101525	97390	66981	-40.75	16773	5756	-10136]
[2017-07-19 14:18:41][sRealKey : 005930]
[2017-07-19 14:18:41][sRealType : 주식체결]
[2017-07-19 14:18:41][sRealData : 141844	-2534000	-8000	-0.31	-2535000	-2534000	-1	172656	435271	-2531000	-2539000	-2500000	5	+30967	+76262834500	+121.86	0.13	8389	68.78	3311140	2	0	+121.24	000000	000000	17580	090008	090203	101525	97391	66981	-40.75	16774	5756	-2534]
[2017-07-19 14:18:42][sRealKey : 005930]
[2017-07-19 14:18:42][sRealType : 주식체결]
[2017-07-19 14:18:42][sRealData : 141844	-2534000	-8000	-0.31	-2535000	-2534000	-1	172657	435273	-2531000	-2539000	-2500000	5	+30968	+76265368500	+121.86	0.13	8389	68.77	3311140	2	0	+121.24	000000	000000	17580	090008	090203	101525	97392	66981	-40.75	16775	5756	-2534]
[2017-07-19 14:18:42][sRealKey : 005930]
[2017-07-19 14:18:42][sRealType : 주식체결]
[2017-07-19 14:18:42][sRealData : 141844	-2534000	-8000	-0.31	-2535000	-2534000	-6	172663	435288	-2531000	-2539000	-2500000	5	+30974	+76280572500	+121.86	0.13	8389	68.77	3311140	2	0	+121.25	000000	000000	17581	090008	090203	101525	97398	66981	-40.75	16776	5756	-15204]
[2017-07-19 14:18:43][sRealKey : 005930]
[2017-07-19 14:18:43][sRealType : 주식체결]
[2017-07-19 14:18:43][sRealData : 141845	-2534000	-8000	-0.31	-2535000	-2534000	-3	172666	435296	-2531000	-2539000	-2500000	5	+30977	+76288174500	+121.86	0.13	8389	68.77	3311140	2	0	+121.25	000000	000000	17581	090008	090203	101525	97401	66981	-40.75	16777	5756	-7602]
[2017-07-19 14:18:44][sRealKey : 005930]
[2017-07-19 14:18:44][sRealType : 주식체결]
[2017-07-19 14:18:44][sRealData : 141846	-2534000	-8000	-0.31	-2535000	-2534000	-1	172667	435298	-2531000	-2539000	-2500000	5	+30978	+76290708500	+121.86	0.13	8389	68.77	3311140	2	0	+121.25	000000	000000	17581	090008	090203	101525	97402	66981	-40.75	16778	5756	-2534]
[2017-07-19 14:18:45][sRealKey : 005930]
[2017-07-19 14:18:45][sRealType : 주식체결]
[2017-07-19 14:18:45][sRealData : 141847	-2534000	-8000	-0.31	-2535000	-2534000	-1	172668	435301	-2531000	-2539000	-2500000	5	+30979	+76293242500	+121.86	0.13	8389	68.77	3311140	2	0	+121.25	000000	000000	17581	090008	090203	101525	97403	66981	-40.75	16779	5756	-2534]
[2017-07-19 14:18:46][sRealKey : 005930]
[2017-07-19 14:18:46][sRealType : 주식체결]
[2017-07-19 14:18:46][sRealData : 141848	-2534000	-8000	-0.31	-2535000	-2534000	-1	172669	435304	-2531000	-2539000	-2500000	5	+30980	+76295776500	+121.86	0.13	8389	68.77	3311140	2	0	+121.25	000000	000000	17581	090008	090203	101525	97404	66981	-40.75	16780	5756	-2534]
[2017-07-19 14:18:46][sRealKey : 005930]
[2017-07-19 14:18:46][sRealType : 주식체결]
[2017-07-19 14:18:46][sRealData : 141849	-2534000	-8000	-0.31	-2535000	-2534000	-1	172670	435306	-2531000	-2539000	-2500000	5	+30981	+76298310500	+121.87	0.13	8389	68.77	3311140	2	0	+121.25	000000	000000	17581	090008	090203	101525	97405	66981	-40.75	16781	5756	-2534]
[2017-07-19 14:18:46][sRealKey : 005930]
[2017-07-19 14:18:46][sRealType : 주식체결]
[2017-07-19 14:18:46][sRealData : 141849	-2534000	-8000	-0.31	-2535000	-2534000	-1	172671	435309	-2531000	-2539000	-2500000	5	+30982	+76300844500	+121.87	0.13	8389	68.76	3311140	2	0	+121.25	000000	000000	17581	090008	090203	101525	97406	66981	-40.75	16782	5756	-2534]
[2017-07-19 14:18:47][sRealKey : 005930]
[2017-07-19 14:18:47][sRealType : 주식체결]
[2017-07-19 14:18:47][sRealData : 141849	-2534000	-8000	-0.31	-2535000	-2534000	-2	172673	435314	-2531000	-2539000	-2500000	5	+30984	+76305912500	+121.87	0.13	8389	68.76	3311140	2	0	+121.25	000000	000000	17582	090008	090203	101525	97408	66981	-40.75	16783	5756	-5068]
[2017-07-19 14:18:47][sRealKey : 005930]
[2017-07-19 14:18:47][sRealType : 주식체결]
[2017-07-19 14:18:47][sRealData : 141849	-2534000	-8000	-0.31	-2535000	-2534000	-2	172675	435319	-2531000	-2539000	-2500000	5	+30986	+76310980500	+121.87	0.13	8389	68.76	3311140	2	0	+121.26	000000	000000	17582	090008	090203	101525	97410	66981	-40.74	16784	5756	-5068]
[2017-07-19 14:18:47][sRealKey : 005930]
[2017-07-19 14:18:47][sRealType : 주식체결]
[2017-07-19 14:18:47][sRealData : 141849	-2534000	-8000	-0.31	-2535000	-2534000	-2	172677	435324	-2531000	-2539000	-2500000	5	+30988	+76316048500	+121.87	0.13	8389	68.76	3311140	2	0	+121.26	000000	000000	17582	090008	090203	101525	97412	66981	-40.74	16785	5756	-5068]
[2017-07-19 14:18:47][sRealKey : 005930]
[2017-07-19 14:18:47][sRealType : 주식체결]
[2017-07-19 14:18:47][sRealData : 141849	-2534000	-8000	-0.31	-2535000	-2534000	-1	172678	435326	-2531000	-2539000	-2500000	5	+30989	+76318582500	+121.87	0.13	8389	68.76	3311140	2	0	+121.26	000000	000000	17582	090008	090203	101525	97413	66981	-40.74	16786	5756	-2534]
[2017-07-19 14:18:47][sRealKey : 005930]
[2017-07-19 14:18:47][sRealType : 주식체결]
[2017-07-19 14:18:47][sRealData : 141849	-2534000	-8000	-0.31	-2535000	-2534000	-2	172680	435331	-2531000	-2539000	-2500000	5	+30991	+76323650500	+121.87	0.13	8389	68.76	3311140	2	0	+121.26	000000	000000	17582	090008	090203	101525	97415	66981	-40.74	16787	5756	-5068]
[2017-07-19 14:18:47][sRealKey : 005930]
[2017-07-19 14:18:47][sRealType : 주식체결]
[2017-07-19 14:18:47][sRealData : 141849	-2534000	-8000	-0.31	-2535000	-2534000	-5	172685	435344	-2531000	-2539000	-2500000	5	+30996	+76336320500	+121.88	0.13	8389	68.75	3311140	2	0	+121.26	000000	000000	17583	090008	090203	101525	97420	66981	-40.74	16788	5756	-12670]
[2017-07-19 14:18:47][sRealKey : 005930]
[2017-07-19 14:18:47][sRealType : 주식체결]
[2017-07-19 14:18:47][sRealData : 141850	-2535000	-7000	-0.28	-2535000	-2534000	+1	172686	435347	-2531000	-2539000	-2500000	5	+30997	+76338855500	+121.88	0.13	8392	68.76	3312446	2	0	+121.26	000000	000000	17583	090008	090203	101525	97420	66982	-40.74	16788	5757	+2535]
[2017-07-19 14:18:48][sRealKey : 005930]
[2017-07-19 14:18:48][sRealType : 주식체결]
[2017-07-19 14:18:48][sRealData : 141850	-2534000	-8000	-0.31	-2535000	-2534000	-1	172687	435349	-2531000	-2539000	-2500000	5	+30998	+76341389500	+121.88	0.13	8389	68.76	3311140	2	0	+121.26	000000	000000	17583	090008	090203	101525	97421	66982	-40.74	16789	5757	-2534]
[2017-07-19 14:18:48][sRealKey : 005930]
[2017-07-19 14:18:48][sRealType : 주식체결]
[2017-07-19 14:18:48][sRealData : 141850	-2535000	-7000	-0.28	-2535000	-2534000	+3	172690	435357	-2531000	-2539000	-2500000	5	+31001	+76348994500	+121.88	0.13	8392	68.76	3312446	2	0	+121.27	000000	000000	17583	090008	090203	101525	97421	66985	-40.74	16789	5758	+7605]
[2017-07-19 14:18:48][sRealKey : 005930]
[2017-07-19 14:18:48][sRealType : 주식체결]
[2017-07-19 14:18:48][sRealData : 141850	-2534000	-8000	-0.31	-2535000	-2534000	-1	172691	435359	-2531000	-2539000	-2500000	5	+31002	+76351528500	+121.88	0.13	8389	68.76	3311140	2	0	+121.27	000000	000000	17583	090008	090203	101525	97422	66985	-40.74	16790	5758	-2534]
[2017-07-19 14:18:49][sRealKey : 005930]
[2017-07-19 14:18:49][sRealType : 주식체결]
[2017-07-19 14:18:49][sRealData : 141852	-2534000	-8000	-0.31	-2535000	-2534000	-4	172695	435369	-2531000	-2539000	-2500000	5	+31006	+76361664500	+121.88	0.13	8389	68.75	3311140	2	0	+121.27	000000	000000	17584	090008	090203	101525	97426	66985	-40.74	16791	5758	-10136]
[2017-07-19 14:18:49][sRealKey : 005930]
[2017-07-19 14:18:49][sRealType : 주식체결]
[2017-07-19 14:18:49][sRealData : 141852	-2534000	-8000	-0.31	-2535000	-2534000	-1	172696	435372	-2531000	-2539000	-2500000	5	+31007	+76364198500	+121.88	0.13	8389	68.75	3311140	2	0	+121.27	000000	000000	17584	090008	090203	101525	97427	66985	-40.74	16792	5758	-2534]
[2017-07-19 14:18:50][sRealKey : 005930]
[2017-07-19 14:18:50][sRealType : 주식체결]
[2017-07-19 14:18:50][sRealData : 141852	-2534000	-8000	-0.31	-2535000	-2534000	-1	172697	435374	-2531000	-2539000	-2500000	5	+31008	+76366732500	+121.88	0.13	8389	68.75	3311140	2	0	+121.27	000000	000000	17584	090008	090203	101525	97428	66985	-40.74	16793	5758	-2534]
[2017-07-19 14:18:51][sRealKey : 005930]
[2017-07-19 14:18:51][sRealType : 주식체결]
[2017-07-19 14:18:51][sRealData : 141854	-2534000	-8000	-0.31	-2535000	-2534000	-2	172699	435380	-2531000	-2539000	-2500000	5	+31010	+76371800500	+121.89	0.13	8389	68.75	3311140	2	0	+121.27	000000	000000	17584	090008	090203	101525	97430	66985	-40.74	16794	5758	-5068]
[2017-07-19 14:18:51][sRealKey : 005930]
[2017-07-19 14:18:51][sRealType : 주식체결]
[2017-07-19 14:18:51][sRealData : 141854	-2534000	-8000	-0.31	-2535000	-2534000	-1	172700	435382	-2531000	-2539000	-2500000	5	+31011	+76374334500	+121.89	0.13	8389	68.75	3311140	2	0	+121.27	000000	000000	17584	090008	090203	101525	97431	66985	-40.74	16795	5758	-2534]
[2017-07-19 14:18:52][sRealKey : 005930]
[2017-07-19 14:18:52][sRealType : 주식체결]
[2017-07-19 14:18:52][sRealData : 141854	-2534000	-8000	-0.31	-2535000	-2534000	-1	172701	435385	-2531000	-2539000	-2500000	5	+31012	+76376868500	+121.89	0.13	8389	68.75	3311140	2	0	+121.27	000000	000000	17585	090008	090203	101525	97432	66985	-40.74	16796	5758	-2534]
[2017-07-19 14:18:53][sRealKey : 005930]
[2017-07-19 14:18:53][sRealType : 주식체결]
[2017-07-19 14:18:53][sRealData : 141855	-2534000	-8000	-0.31	-2535000	-2534000	-6	172707	435400	-2531000	-2539000	-2500000	5	+31018	+76392072500	+121.89	0.13	8389	68.75	3311140	2	0	+121.28	000000	000000	17585	090008	090203	101525	97438	66985	-40.74	16797	5758	-15204]
[2017-07-19 14:18:53][sRealKey : 005930]
[2017-07-19 14:18:53][sRealType : 주식체결]
[2017-07-19 14:18:53][sRealData : 141856	-2534000	-8000	-0.31	-2535000	-2534000	-1	172708	435402	-2531000	-2539000	-2500000	5	+31019	+76394606500	+121.89	0.13	8389	68.75	3311140	2	0	+121.28	000000	000000	17585	090008	090203	101525	97439	66985	-40.74	16798	5758	-2534]
[2017-07-19 14:18:54][sRealKey : 005930]
[2017-07-19 14:18:54][sRealType : 주식체결]
[2017-07-19 14:18:54][sRealData : 141856	-2534000	-8000	-0.31	-2535000	-2534000	-1	172709	435405	-2531000	-2539000	-2500000	5	+31020	+76397140500	+121.89	0.13	8389	68.74	3311140	2	0	+121.28	000000	000000	17585	090008	090203	101525	97440	66985	-40.74	16799	5758	-2534]
[2017-07-19 14:18:54][sRealKey : 005930]
[2017-07-19 14:18:54][sRealType : 주식체결]
[2017-07-19 14:18:54][sRealData : 141857	-2534000	-8000	-0.31	-2535000	-2534000	-3	172712	435412	-2531000	-2539000	-2500000	5	+31023	+76404742500	+121.90	0.13	8389	68.74	3311140	2	0	+121.28	000000	000000	17586	090008	090203	101525	97443	66985	-40.74	16800	5758	-7602]
[2017-07-19 14:18:54][sRealKey : 005930]
[2017-07-19 14:18:54][sRealType : 주식체결]
[2017-07-19 14:18:54][sRealData : 141857	-2534000	-8000	-0.31	-2535000	-2534000	-2	172714	435418	-2531000	-2539000	-2500000	5	+31025	+76409810500	+121.90	0.13	8389	68.74	3311140	2	0	+121.28	000000	000000	17586	090008	090203	101525	97445	66985	-40.74	16801	5758	-5068]
[2017-07-19 14:18:56][sRealKey : 005930]
[2017-07-19 14:18:56][sRealType : 주식체결]
[2017-07-19 14:18:56][sRealData : 141858	-2534000	-8000	-0.31	-2535000	-2534000	-1	172715	435420	-2531000	-2539000	-2500000	5	+31026	+76412344500	+121.90	0.13	8389	68.74	3311140	2	0	+121.28	000000	000000	17586	090008	090203	101525	97446	66985	-40.74	16802	5758	-2534]
[2017-07-19 14:18:58][sRealKey : 005930]
[2017-07-19 14:18:58][sRealType : 주식체결]
[2017-07-19 14:18:58][sRealData : 141901	-2534000	-8000	-0.31	-2535000	-2534000	-1	172716	435423	-2531000	-2539000	-2500000	5	+31027	+76414878500	+121.90	0.13	8389	68.74	3311140	2	0	+121.28	000000	000000	17544	090008	090203	101525	97447	66985	-40.74	16803	5758	-2534]
[2017-07-19 14:19:01][sRealKey : 005930]
[2017-07-19 14:19:01][sRealType : 주식체결]
[2017-07-19 14:19:01][sRealData : 141903	-2534000	-8000	-0.31	-2535000	-2534000	-1	172717	435425	-2531000	-2539000	-2500000	5	+31028	+76417412500	+121.90	0.13	8389	68.74	3311140	2	0	+121.29	000000	000000	17544	090008	090203	101525	97448	66985	-40.74	16804	5758	-2534]
[2017-07-19 14:19:06][sRealKey : 005930]
[2017-07-19 14:19:06][sRealType : 주식체결]
[2017-07-19 14:19:06][sRealData : 141909	-2534000	-8000	-0.31	-2535000	-2534000	-1	172718	435428	-2531000	-2539000	-2500000	5	+31029	+76419946500	+121.90	0.13	8389	68.74	3311140	2	0	+121.29	000000	000000	17544	090008	090203	101525	97449	66985	-40.74	16805	5758	-2534]
[2017-07-19 14:19:06][sRealKey : 005930]
[2017-07-19 14:19:06][sRealType : 주식체결]
[2017-07-19 14:19:06][sRealData : 141909	-2534000	-8000	-0.31	-2535000	-2534000	-5	172723	435440	-2531000	-2539000	-2500000	5	+31034	+76432616500	+121.90	0.13	8389	68.73	3311140	2	0	+121.29	000000	000000	17544	090008	090203	101525	97454	66985	-40.74	16806	5758	-12670]
[2017-07-19 14:19:07][sRealKey : 005930]
[2017-07-19 14:19:07][sRealType : 주식체결]
[2017-07-19 14:19:07][sRealData : 141910	-2535000	-7000	-0.28	-2535000	-2534000	+5	172728	435453	-2531000	-2539000	-2500000	5	+31039	+76445291500	+121.91	0.13	8392	68.74	3312446	2	0	+121.29	000000	000000	17545	090008	090203	101525	97454	66990	-40.74	16806	5759	+12675]
[2017-07-19 14:19:07][sRealKey : 005930]
[2017-07-19 14:19:07][sRealType : 주식체결]
[2017-07-19 14:19:07][sRealData : 141910	-2534000	-8000	-0.31	-2535000	-2534000	-1	172729	435456	-2531000	-2539000	-2500000	5	+31040	+76447825500	+121.91	0.13	8389	68.74	3311140	2	0	+121.29	000000	000000	17545	090008	090203	101525	97455	66990	-40.74	16807	5759	-2534]
[2017-07-19 14:19:08][sRealKey : 005930]
[2017-07-19 14:19:08][sRealType : 주식체결]
[2017-07-19 14:19:08][sRealData : 141910	-2534000	-8000	-0.31	-2535000	-2534000	-1	172730	435458	-2531000	-2539000	-2500000	5	+31041	+76450359500	+121.91	0.13	8389	68.74	3311140	2	0	+121.29	000000	000000	17545	090008	090203	101525	97456	66990	-40.74	16808	5759	-2534]
[2017-07-19 14:19:08][sRealKey : 005930]
[2017-07-19 14:19:08][sRealType : 주식체결]
[2017-07-19 14:19:08][sRealData : 141910	-2534000	-8000	-0.31	-2535000	-2534000	-10	172740	435483	-2531000	-2539000	-2500000	5	+31051	+76475699500	+121.91	0.13	8389	68.73	3311140	2	0	+121.30	000000	000000	17546	090008	090203	101525	97466	66990	-40.73	16809	5759	-25340]
[2017-07-19 14:19:09][sRealKey : 005930]
[2017-07-19 14:19:09][sRealType : 주식체결]
[2017-07-19 14:19:09][sRealData : 141911	-2534000	-8000	-0.31	-2535000	-2534000	-1	172741	435486	-2531000	-2539000	-2500000	5	+31052	+76478233500	+121.92	0.13	8389	68.73	3311140	2	0	+121.30	000000	000000	17546	090008	090203	101525	97467	66990	-40.73	16810	5759	-2534]
[2017-07-19 14:19:09][sRealKey : 005930]
[2017-07-19 14:19:09][sRealType : 주식체결]
[2017-07-19 14:19:09][sRealData : 141911	-2534000	-8000	-0.31	-2535000	-2534000	-2	172743	435491	-2531000	-2539000	-2500000	5	+31054	+76483301500	+121.92	0.13	8389	68.73	3311140	2	0	+121.30	000000	000000	17546	090008	090203	101525	97469	66990	-40.73	16811	5759	-5068]
[2017-07-19 14:19:10][sRealKey : 005930]
[2017-07-19 14:19:10][sRealType : 주식체결]
[2017-07-19 14:19:10][sRealData : 141912	-2534000	-8000	-0.31	-2535000	-2534000	-1	172744	435494	-2531000	-2539000	-2500000	5	+31055	+76485835500	+121.92	0.13	8389	68.73	3311140	2	0	+121.30	000000	000000	17546	090008	090203	101525	97470	66990	-40.73	16812	5759	-2534]
[2017-07-19 14:19:10][sRealKey : 005930]
[2017-07-19 14:19:10][sRealType : 주식체결]
[2017-07-19 14:19:10][sRealData : 141913	-2534000	-8000	-0.31	-2535000	-2534000	-9	172753	435516	-2531000	-2539000	-2500000	5	+31064	+76508641500	+121.92	0.13	8389	68.72	3311140	2	0	+121.31	000000	000000	17547	090008	090203	101525	97479	66990	-40.73	16813	5759	-22806]
[2017-07-19 14:21:16][sRQName : 주식일봉차트조회]
[2017-07-19 14:21:16][sRealType : opt10081]
[2017-07-19 14:21:16][sRealData : ]
[2017-07-19 14:21:16][sRQName : 주식일봉차트조회]
[2017-07-19 14:21:16]0
[2017-07-19 14:22:55][sRQName : 주식일봉차트조회]
[2017-07-19 14:22:55][sRealType : opt10081]
[2017-07-19 14:22:55][sRealData : ]
[2017-07-19 14:22:55][sRQName : 주식일봉차트조회]
[2017-07-19 14:22:55]0
[2017-07-19 14:23:06][sRQName : 주식일봉차트조회]
[2017-07-19 14:23:06][sRealType : opt10081]
[2017-07-19 14:23:06][sRealData : ]
[2017-07-19 14:23:06][sRQName : 주식일봉차트조회]
[2017-07-19 14:23:06]0
[2017-07-19 14:23:40][sRQName : 주식일봉차트조회]
[2017-07-19 14:23:40][sRealType : opt10081]
[2017-07-19 14:23:40][sRealData : ]
[2017-07-19 14:23:40][sRQName : 주식일봉차트조회]
[2017-07-19 14:23:40]600
[2017-07-19 14:23:42][sRealKey : 005930]
[2017-07-19 14:23:42][sRealType : 주식체결]
[2017-07-19 14:23:42][sRealData : 142342	-2538000	-4000	-0.16	-2539000	-2538000	-1	175149	441595	-2531000	-2539000	-2500000	5	+33460	+82587689500	+123.62	0.13	8402	69.61	3316366	2	0	+123.00	000000	000000	17495	090008	142340	101525	98382	68483	-41.04	17072	5862	-2538]
[2017-07-19 14:23:42][sRealKey : 005930]
[2017-07-19 14:23:42][sRealType : 주식체결]
[2017-07-19 14:23:42][sRealData : 142344	-2538000	-4000	-0.16	-2539000	-2538000	-1	175150	441598	-2531000	-2539000	-2500000	5	+33461	+82590227500	+123.62	0.13	8402	69.61	3316366	2	0	+123.01	000000	000000	17495	090008	142340	101525	98383	68483	-41.04	17073	5862	-2538]
[2017-07-19 14:23:42][sRealKey : 005930]
[2017-07-19 14:23:42][sRealType : 주식체결]
[2017-07-19 14:23:42][sRealData : 142344	-2538000	-4000	-0.16	-2539000	-2538000	-1	175151	441600	-2531000	-2539000	-2500000	5	+33462	+82592765500	+123.62	0.13	8402	69.61	3316366	2	0	+123.01	000000	000000	17495	090008	142340	101525	98384	68483	-41.04	17074	5862	-2538]
[2017-07-19 14:23:42][sRealKey : 005930]
[2017-07-19 14:23:42][sRealType : 주식체결]
[2017-07-19 14:23:42][sRealData : 142345	-2538000	-4000	-0.16	-2539000	-2538000	-1	175152	441603	-2531000	-2539000	-2500000	5	+33463	+82595303500	+123.62	0.13	8402	69.61	3316366	2	0	+123.01	000000	000000	17495	090008	142340	101525	98385	68483	-41.04	17075	5862	-2538]
[2017-07-19 14:23:43][sRealKey : 005930]
[2017-07-19 14:23:43][sRealType : 주식체결]
[2017-07-19 14:23:43][sRealData : 142346	-2538000	-4000	-0.16	-2539000	-2538000	-1	175153	441606	-2531000	-2539000	-2500000	5	+33464	+82597841500	+123.62	0.13	8402	69.61	3316366	2	0	+123.01	000000	000000	17495	090008	142340	101525	98386	68483	-41.04	17076	5862	-2538]
[2017-07-19 14:23:43][sRealKey : 005930]
[2017-07-19 14:23:43][sRealType : 주식체결]
[2017-07-19 14:23:43][sRealData : 142346	-2538000	-4000	-0.16	-2539000	-2538000	-1	175154	441608	-2531000	-2539000	-2500000	5	+33465	+82600379500	+123.62	0.13	8402	69.61	3316366	2	0	+123.01	000000	000000	17495	090008	142340	101525	98387	68483	-41.04	17077	5862	-2538]
[2017-07-19 14:23:44][sRealKey : 005930]
[2017-07-19 14:23:44][sRealType : 주식체결]
[2017-07-19 14:23:44][sRealData : 142346	-2538000	-4000	-0.16	-2539000	-2538000	-1	175155	441611	-2531000	-2539000	-2500000	5	+33466	+82602917500	+123.62	0.13	8402	69.61	3316366	2	0	+123.01	000000	000000	17496	090008	142340	101525	98388	68483	-41.04	17078	5862	-2538]
[2017-07-19 14:23:44][sRealKey : 005930]
[2017-07-19 14:23:44][sRealType : 주식체결]
[2017-07-19 14:23:44][sRealData : 142346	-2539000	-3000	-0.12	-2539000	-2538000	+22	175177	441667	-2531000	-2539000	-2500000	5	+33488	+82658775500	+123.63	0.13	8406	69.63	3317673	2	0	+123.02	000000	000000	17498	090008	142346	101525	98388	68505	-41.05	17078	5863	+55858]
[2017-07-19 14:23:44][sRealKey : 005930]
[2017-07-19 14:23:44][sRealType : 주식체결]
[2017-07-19 14:23:44][sRealData : 142347	-2539000	-3000	-0.12	-2539000	-2538000	+3	175180	441674	-2531000	-2539000	-2500000	5	+33491	+82666392500	+123.64	0.13	8406	69.63	3317673	2	0	+123.03	000000	000000	17498	090008	142347	101525	98388	68508	-41.05	17078	5864	+7617]
[2017-07-19 14:23:45][sRealKey : 005930]
[2017-07-19 14:23:45][sRealType : 주식체결]
[2017-07-19 14:23:45][sRealData : 142348	-2539000	-3000	-0.12	-2539000	-2538000	+1	175181	441677	-2531000	-2539000	-2500000	5	+33492	+82668931500	+123.64	0.13	8406	69.63	3317673	2	0	+123.03	000000	000000	17498	090008	142348	101525	98388	68509	-41.05	17078	5865	+2539]
[2017-07-19 14:23:45][sRealKey : 005930]
[2017-07-19 14:23:45][sRealType : 주식체결]
[2017-07-19 14:23:45][sRealData : 142348	-2539000	-3000	-0.12	-2539000	-2538000	+11	175192	441705	-2531000	-2539000	-2500000	5	+33503	+82696860500	+123.65	0.13	8406	69.64	3317673	2	0	+123.03	000000	000000	17499	090008	142348	101525	98388	68520	-41.05	17078	5866	+27929]
[2017-07-19 14:23:46][sRealKey : 005930]
[2017-07-19 14:23:46][sRealType : 주식체결]
[2017-07-19 14:23:46][sRealData : 142348	-2539000	-3000	-0.12	-2539000	-2538000	+100	175292	441958	-2531000	-2539000	-2500000	5	+33603	+82950760500	+123.72	0.13	8406	69.74	3317673	2	0	+123.11	000000	000000	17509	090008	142348	101525	98388	68620	-41.09	17078	5867	+253900]
[2017-07-19 14:23:46][sRealKey : 005930]
[2017-07-19 14:23:46][sRealType : 주식체결]
[2017-07-19 14:23:46][sRealData : 142349	-2538000	-4000	-0.16	-2539000	-2538000	-4	175296	441969	-2531000	-2539000	-2500000	5	+33607	+82960912500	+123.72	0.13	8402	69.74	3316366	2	0	+123.11	000000	000000	17510	090008	142348	101525	98392	68620	-41.09	17079	5867	-10152]
[2017-07-19 14:23:47][sRealKey : 005930]
[2017-07-19 14:23:47][sRealType : 주식체결]
[2017-07-19 14:23:47][sRealData : 142349	-2539000	-3000	-0.12	-2539000	-2538000	+1	175297	441971	-2531000	-2539000	-2500000	5	+33608	+82963451500	+123.72	0.13	8406	69.74	3317673	2	0	+123.11	000000	000000	17510	090008	142349	101525	98392	68621	-41.09	17079	5868	+2539]
[2017-07-19 14:23:47][sRealKey : 005930]
[2017-07-19 14:23:47][sRealType : 주식체결]
[2017-07-19 14:23:47][sRealData : 142350	-2539000	-3000	-0.12	-2540000	-2538000	+9	175306	441994	-2531000	-2539000	-2500000	5	+33617	+82986302500	+123.73	0.13	8406	69.75	3317673	2	0	+123.12	000000	000000	17511	090008	142350	101525	98392	68630	-41.09	17079	5869	+22851]
[2017-07-19 14:23:47][sRealKey : 005930]
[2017-07-19 14:23:47][sRealType : 주식체결]
[2017-07-19 14:23:47][sRealData : 142350	-2538000	-4000	-0.16	-2540000	-2538000	-1	175307	441997	-2531000	-2539000	-2500000	5	+33618	+82988840500	+123.73	0.13	8402	69.75	3316366	2	0	+123.12	000000	000000	17511	090008	142350	101525	98393	68630	-41.09	17080	5869	-2538]
[2017-07-19 14:23:48][sRealKey : 005930]
[2017-07-19 14:23:48][sRealType : 주식체결]
[2017-07-19 14:23:48][sRealData : 142351	-2538000	-4000	-0.16	-2539000	-2538000	-1	175308	441999	-2531000	-2539000	-2500000	5	+33619	+82991378500	+123.73	0.13	8402	69.75	3316366	2	0	+123.12	000000	000000	17511	090008	142350	101525	98394	68630	-41.09	17081	5869	-2538]
[2017-07-19 14:23:49][sRealKey : 005930]
[2017-07-19 14:23:49][sRealType : 주식체결]
[2017-07-19 14:23:49][sRealData : 142352	-2538000	-4000	-0.16	-2539000	-2538000	-2	175310	442004	-2531000	-2539000	-2500000	5	+33621	+82996454500	+123.73	0.13	8402	69.75	3316366	2	0	+123.12	000000	000000	17511	090008	142350	101525	98396	68630	-41.09	17082	5869	-5076]
[2017-07-19 14:23:49][sRealKey : 005930]
[2017-07-19 14:23:49][sRealType : 주식체결]
[2017-07-19 14:23:49][sRealData : 142352	-2539000	-3000	-0.12	-2539000	-2538000	+5	175315	442017	-2531000	-2539000	-2500000	5	+33626	+83009149500	+123.73	0.13	8406	69.75	3317673	2	0	+123.12	000000	000000	17512	090008	142352	101525	98396	68635	-41.09	17082	5870	+12695]
[2017-07-19 14:23:49][sRealKey : 005930]
[2017-07-19 14:23:49][sRealType : 주식체결]
[2017-07-19 14:23:49][sRealData : 142352	-2539000	-3000	-0.12	-2540000	-2539000	+12	175327	442047	-2531000	-2539000	-2500000	5	+33638	+83039617500	+123.74	0.13	8406	69.77	3317673	2	0	+123.13	000000	000000	17513	090008	142352	101525	98396	68647	-41.10	17082	5871	+30468]
[2017-07-19 14:23:51][sRealKey : 005930]
[2017-07-19 14:23:51][sRealType : 주식체결]
[2017-07-19 14:23:51][sRealData : 142353	-2539000	-3000	-0.12	-2539000	-2538000	-3	175330	442055	-2531000	-2539000	-2500000	5	+33641	+83047234500	+123.74	0.13	8406	69.76	3317673	2	0	+123.13	000000	000000	17513	090008	142353	101525	98399	68647	-41.09	17083	5871	-7617]
[2017-07-19 14:23:51][sRealKey : 005930]
[2017-07-19 14:23:51][sRealType : 주식체결]
[2017-07-19 14:23:51][sRealData : 142354	-2539000	-3000	-0.12	-2539000	-2538000	+9	175339	442078	-2531000	-2539000	-2500000	5	+33650	+83070085500	+123.75	0.13	8406	69.77	3317673	2	0	+123.14	000000	000000	17514	090008	142354	101525	98399	68656	-41.10	17083	5872	+22851]
[2017-07-19 14:23:52][sRealKey : 005930]
[2017-07-19 14:23:52][sRealType : 주식체결]
[2017-07-19 14:23:52][sRealData : 142355	-2538000	-4000	-0.16	-2539000	-2538000	-1	175340	442080	-2531000	-2539000	-2500000	5	+33651	+83072623500	+123.75	0.13	8402	69.77	3316366	2	0	+123.14	000000	000000	17514	090008	142354	101525	98400	68656	-41.10	17084	5872	-2538]
[2017-07-19 14:23:54][sRealKey : 005930]
[2017-07-19 14:23:54][sRealType : 주식체결]
[2017-07-19 14:23:54][sRealData : 142356	-2538000	-4000	-0.16	-2539000	-2538000	-1	175341	442083	-2531000	-2539000	-2500000	5	+33652	+83075161500	+123.75	0.13	8402	69.77	3316366	2	0	+123.14	000000	000000	17514	090008	142354	101525	98401	68656	-41.10	17085	5872	-2538]
[2017-07-19 14:23:54][sRealKey : 005930]
[2017-07-19 14:23:54][sRealType : 주식체결]
[2017-07-19 14:23:54][sRealData : 142356	-2539000	-3000	-0.12	-2539000	-2538000	+3	175344	442091	-2531000	-2539000	-2500000	5	+33655	+83082778500	+123.75	0.13	8406	69.77	3317673	2	0	+123.14	000000	000000	17514	090008	142356	101525	98401	68659	-41.10	17085	5873	+7617]
[2017-07-19 14:23:56][sRealKey : 005930]
[2017-07-19 14:23:56][sRealType : 주식체결]
[2017-07-19 14:23:56][sRealData : 142358	-2539000	-3000	-0.12	-2539000	-2538000	+23	175367	442149	-2531000	-2539000	-2500000	5	+33678	+83141175500	+123.77	0.13	8406	69.80	3317673	2	0	+123.16	000000	000000	17517	090008	142358	101525	98401	68682	-41.11	17085	5874	+58397]
[2017-07-19 14:23:56][sRealKey : 005930]
[2017-07-19 14:23:56][sRealType : 주식체결]
[2017-07-19 14:23:56][sRealData : 142358	-2538000	-4000	-0.16	-2539000	-2538000	-6	175373	442164	-2531000	-2539000	-2500000	5	+33684	+83156403500	+123.77	0.13	8402	69.79	3316366	2	0	+123.16	000000	000000	17517	090008	142358	101525	98407	68682	-41.11	17086	5874	-15228]
[2017-07-19 14:23:56][sRealKey : 005930]
[2017-07-19 14:23:56][sRealType : 주식체결]
[2017-07-19 14:23:56][sRealData : 142359	-2539000	-3000	-0.12	-2539000	-2538000	+10	175383	442190	-2531000	-2539000	-2500000	5	+33694	+83181793500	+123.78	0.13	8406	69.80	3317673	2	0	+123.17	000000	000000	17518	090008	142359	101525	98407	68692	-41.11	17086	5875	+25390]
[2017-07-19 14:23:59][sRealKey : 005930]
[2017-07-19 14:23:59][sRealType : 주식체결]
[2017-07-19 14:23:59][sRealData : 142401	-2539000	-3000	-0.12	-2539000	-2538000	+13	175396	442223	-2531000	-2539000	-2500000	5	+33707	+83214800500	+123.79	0.13	8406	69.82	3317673	2	0	+123.18	000000	000000	17469	090008	142401	101525	98407	68705	-41.11	17086	5876	+33007]
[2017-07-19 14:25:22][sRQName : 주식기본정보]
[2017-07-19 14:25:22][sRealType : OPT10001]
[2017-07-19 14:25:22][sRealData : ]
[2017-07-19 14:25:24][sRealKey : 005930]
[2017-07-19 14:25:24][sRealType : 주식체결]
[2017-07-19 14:25:24][sRealData : 142526	-2539000	-3000	-0.12	-2539000	-2538000	+2	176579	445227	-2531000	-2541000	-2500000	5	+34890	+86219329500	+124.62	0.14	8406	70.23	3317673	2	0	+124.02	000000	000000	17538	090008	142442	101525	98864	69431	-41.26	17155	5915	+5078]
[2017-07-19 14:25:25][sRealKey : 005930]
[2017-07-19 14:25:25][sRealType : 주식체결]
[2017-07-19 14:25:25][sRealData : 142527	-2539000	-3000	-0.12	-2539000	-2538000	+3	176582	445235	-2531000	-2541000	-2500000	5	+34893	+86226946500	+124.63	0.14	8406	70.23	3317673	2	0	+124.02	000000	000000	17539	090008	142442	101525	98864	69434	-41.26	17155	5916	+7617]
[2017-07-19 14:25:25][sRealKey : 005930]
[2017-07-19 14:25:25][sRealType : 주식체결]
[2017-07-19 14:25:25][sRealData : 142528	-2538000	-4000	-0.16	-2539000	-2538000	-1	176583	445237	-2531000	-2541000	-2500000	5	+34894	+86229484500	+124.63	0.14	8402	70.23	3316366	2	0	+124.02	000000	000000	17539	090008	142442	101525	98865	69434	-41.26	17156	5916	-2538]
[2017-07-19 14:25:26][sRQName : 주식일봉차트조회]
[2017-07-19 14:25:26][sRealType : opt10081]
[2017-07-19 14:25:26][sRealData : ]
[2017-07-19 14:25:26][sRQName : 주식일봉차트조회]
[2017-07-19 14:25:26]600
[2017-07-19 14:25:29][sRealKey : 005930]
[2017-07-19 14:25:29][sRealType : 주식체결]
[2017-07-19 14:25:29][sRealData : 142529	-2538000	-4000	-0.16	-2539000	-2538000	-1	176584	445240	-2531000	-2541000	-2500000	5	+34895	+86232022500	+124.63	0.14	8402	70.23	3316366	2	0	+124.02	000000	000000	17539	090008	142442	101525	98866	69434	-41.26	17157	5916	-2538]
[2017-07-19 14:25:29][sRealKey : 005930]
[2017-07-19 14:25:29][sRealType : 주식체결]
[2017-07-19 14:25:29][sRealData : 142530	-2539000	-3000	-0.12	-2539000	-2538000	+5	176589	445252	-2531000	-2541000	-2500000	5	+34900	+86244717500	+124.63	0.14	8406	70.24	3317673	2	0	+124.02	000000	000000	17525	090008	142442	101525	98866	69439	-41.26	17157	5917	+12695]
[2017-07-19 14:25:29][sRealKey : 005930]
[2017-07-19 14:25:29][sRealType : 주식체결]
[2017-07-19 14:25:29][sRealData : 142530	-2538000	-4000	-0.16	-2539000	-2538000	-1	176590	445255	-2531000	-2541000	-2500000	5	+34901	+86247255500	+124.63	0.14	8402	70.23	3316366	2	0	+124.02	000000	000000	17525	090008	142442	101525	98867	69439	-41.26	17158	5917	-2538]
[2017-07-19 14:25:29][sRealKey : 005930]
[2017-07-19 14:25:29][sRealType : 주식체결]
[2017-07-19 14:25:29][sRealData : 142531	-2538000	-4000	-0.16	-2539000	-2538000	-5	176595	445268	-2531000	-2541000	-2500000	5	+34906	+86259945500	+124.64	0.14	8402	70.23	3316366	2	0	+124.03	000000	000000	17525	090008	142442	101525	98872	69439	-41.26	17159	5917	-12690]
[2017-07-19 14:25:29][sRealKey : 005930]
[2017-07-19 14:25:29][sRealType : 주식체결]
[2017-07-19 14:25:29][sRealData : 142532	-2538000	-4000	-0.16	-2539000	-2538000	-9	176604	445291	-2531000	-2541000	-2500000	5	+34915	+86282787500	+124.64	0.14	8402	70.22	3316366	2	0	+124.03	000000	000000	17526	090008	142442	101525	98881	69439	-41.25	17160	5917	-22842]
[2017-07-19 14:25:30][sRealKey : 005930]
[2017-07-19 14:25:30][sRealType : 주식체결]
[2017-07-19 14:25:30][sRealData : 142532	-2539000	-3000	-0.12	-2539000	-2538000	+2	176606	445296	-2531000	-2541000	-2500000	5	+34917	+86287865500	+124.64	0.14	8406	70.23	3317673	2	0	+124.04	000000	000000	17527	090008	142442	101525	98881	69441	-41.25	17160	5918	+5078]
[2017-07-19 14:25:30][sRealKey : 005930]
[2017-07-19 14:25:30][sRealType : 주식체결]
[2017-07-19 14:25:30][sRealData : 142533	-2539000	-3000	-0.12	-2539000	-2538000	+1	176607	445298	-2531000	-2541000	-2500000	5	+34918	+86290404500	+124.64	0.14	8406	70.23	3317673	2	0	+124.04	000000	000000	17527	090008	142442	101525	98881	69442	-41.26	17160	5919	+2539]
[2017-07-19 14:25:32][sRealKey : 005930]
[2017-07-19 14:25:32][sRealType : 주식우선호가]
[2017-07-19 14:25:32][sRealData : -2540000	-2538000]
[2017-07-19 14:25:32][sRealKey : 005930]
[2017-07-19 14:25:32][sRealType : 주식체결]
[2017-07-19 14:25:32][sRealData : 142534	-2539000	-3000	-0.12	-2540000	-2538000	+22	176629	445354	-2531000	-2541000	-2500000	5	+34940	+86346262500	+124.66	0.14	8406	70.25	3317673	2	0	+124.05	000000	000000	17529	090008	142442	101525	98881	69464	-41.26	17160	5920	+55858]
[2017-07-19 14:25:32][sRealKey : 005930]
[2017-07-19 14:25:32][sRealType : 주식우선호가]
[2017-07-19 14:25:32][sRealData : -2539000	-2538000]
[2017-07-19 14:25:32][sRealKey : 005930]
[2017-07-19 14:25:32][sRealType : 주식체결]
[2017-07-19 14:25:32][sRealData : 142535	-2538000	-4000	-0.16	-2539000	-2538000	-1	176630	445357	-2531000	-2541000	-2500000	5	+34941	+86348800500	+124.66	0.14	8402	70.25	3316366	2	0	+124.05	000000	000000	17529	090008	142442	101525	98882	69464	-41.26	17161	5920	-2538]
[2017-07-19 14:25:32][sRealKey : 005930]
[2017-07-19 14:25:32][sRealType : 주식체결]
[2017-07-19 14:25:32][sRealData : 142535	-2538000	-4000	-0.16	-2539000	-2538000	-4	176634	445367	-2531000	-2541000	-2500000	5	+34945	+86358952500	+124.66	0.14	8402	70.25	3316366	2	0	+124.05	000000	000000	17529	090008	142442	101525	98886	69464	-41.26	17162	5920	-10152]
[2017-07-19 14:25:34][sRealKey : 005930]
[2017-07-19 14:25:34][sRealType : 주식체결]
[2017-07-19 14:25:34][sRealData : 142536	-2538000	-4000	-0.16	-2539000	-2538000	-3	176637	445374	-2531000	-2541000	-2500000	5	+34948	+86366566500	+124.67	0.14	8402	70.24	3316366	2	0	+124.06	000000	000000	17530	090008	142442	101525	98889	69464	-41.26	17163	5920	-7614]
[2017-07-19 14:28:28][sRQName : 분봉차트조회]
[2017-07-19 14:28:28][sRealType : opt10080]
[2017-07-19 14:28:28][sRealData : ]
[2017-07-19 14:29:21][sRQName : 분봉차트조회]
[2017-07-19 14:29:21][sRealType : opt10080]
[2017-07-19 14:29:21][sRealData : ]
