[2017-08-01 09:30:28]BtnJMCodeSeach_Click : [SELECT JONGMOK_CD, JONGMOK_NM, MARKET_NM FROM XEDBA.JONGMOK_LIST WHERE JONGMOK_NM LIKE '성신양회우%']
[2017-08-01 09:38:48]INSERT INTO CHEJAN_LIST Values ('8091095211','0016184','','A004985','JJ','접수','성신양회우                              ','100','6400','100','0','0000000','+매수','보통','2','093910','','','','+6410','+6420','+6410','','','0','0')
[2017-08-01 09:39:02]INSERT INTO CHEJAN_LIST Values ('8091095211','0016184','','A004985','JJ','체결','성신양회우                              ','100','6400','89','70180','0000000','+매수','보통','2','093922','61894','6380','11','+6380','+6380','+6370','6380','11','240','0')
[2017-08-01 09:39:04]INSERT INTO CHEJAN_LIST Values ('8091095211','0016184','','A004985','JJ','체결','성신양회우                              ','100','6400','0','638000','0000000','+매수','보통','2','093926','61954','6380','100','+6380','+6380','+6370','6380','89','2230','0')
[2017-08-01 10:03:05]지정한 캐스트가 잘못되었습니다.
[2017-08-01 10:03:05]INSERT INTO CHEJAN_LIST Values ('8091095211','0020721','','A004985','JJ','접수','성신양회우                              ','200','0','200','0','0000000','-매도','시장가','1','100326','','','','+5880','+5880','+5870','','','0','0')
[2017-08-01 10:03:44]지정한 캐스트가 잘못되었습니다.
[2017-08-01 10:03:44]INSERT INTO CHEJAN_LIST Values ('8091095211','0020721','','A004985','JJ','체결','성신양회우                              ','200','0','199','5880','0000000','-매도','시장가','1','100329','93984','5880','1','+5880','+5880','+5870','5880','1','20','16')
[2017-08-01 10:03:47]지정한 캐스트가 잘못되었습니다.
[2017-08-01 10:03:47]INSERT INTO CHEJAN_LIST Values ('8091095211','0020721','','A004985','JJ','체결','성신양회우                              ','200','0','0','1174010','0000000','-매도','시장가','1','100330','93992','5870','200','+5870','+5880','+5870','5870','199','4100','3522')
[2017-08-01 10:04:21]지정한 캐스트가 잘못되었습니다.
[2017-08-01 10:04:21]INSERT INTO CHEJAN_LIST Values ('8091095211','0020906','','A009140','JJ','접수','경인전자                                ','100','0','100','0','0000000','-매도','시장가','1','100442','','','','+21700','+21700',' 21550','','','0','0')
[2017-08-01 10:05:40]지정한 캐스트가 잘못되었습니다.
[2017-08-01 10:05:40]INSERT INTO CHEJAN_LIST Values ('8091095211','0021073','','A020150','JJ','접수','일진머티리얼즈                          ','200','0','200','0','0000000','-매도','시장가','1','100602','','','','+37500','+37500','-37400','','','0','0')
[2017-08-01 10:05:44]지정한 캐스트가 잘못되었습니다.
[2017-08-01 10:05:44]INSERT INTO CHEJAN_LIST Values ('8091095211','0021073','','A020150','JJ','체결','일진머티리얼즈                          ','200','0','140','2244000','0000000','-매도','시장가','1','100604','95942','37400','60','-37400','+37500','-37400','37400','60','7850','6732')
[2017-08-01 10:05:46]지정한 캐스트가 잘못되었습니다.
[2017-08-01 10:05:46]INSERT INTO CHEJAN_LIST Values ('8091095211','0021073','','A020150','JJ','체결','일진머티리얼즈                          ','200','0','104','3590400','0000000','-매도','시장가','1','100609','96011','37400','96','-37400','+37500','-37400','37400','36','12560','10770')
[2017-08-01 10:05:49]지정한 캐스트가 잘못되었습니다.
[2017-08-01 10:05:49]INSERT INTO CHEJAN_LIST Values ('8091095211','0021073','','A020150','JJ','체결','일진머티리얼즈                          ','200','0','100','3740000','0000000','-매도','시장가','1','100611','96070','37400','100','-37400',' 37450','-37400','37400','4','13090','11220')
[2017-08-01 10:05:52]지정한 캐스트가 잘못되었습니다.
[2017-08-01 10:05:52]INSERT INTO CHEJAN_LIST Values ('8091095211','0021073','','A020150','JJ','체결','일진머티리얼즈                          ','200','0','32','6283200','0000000','-매도','시장가','1','100614','96127','37400','168','-37400',' 37450','-37350','37400','68','21990','18848')
[2017-08-01 10:05:59]지정한 캐스트가 잘못되었습니다.
[2017-08-01 10:05:59]INSERT INTO CHEJAN_LIST Values ('8091095211','0021073','','A020150','JJ','체결','일진머티리얼즈                          ','200','0','0','7480000','0000000','-매도','시장가','1','100621','96208','37400','200','-37400',' 37450','-37350','37400','32','26180','22440')
[2017-08-01 13:53:54]BtnJMCodeSeach_Click : [SELECT JONGMOK_CD, JONGMOK_NM, MARKET_NM FROM XEDBA.JONGMOK_LIST WHERE JONGMOK_NM LIKE '삼성%']
[2017-08-01 13:54:28]INSERT INTO CHEJAN_LIST Values ('8091095211','0043268','','A005930','JJ','접수','삼성전자                                ','50','2438000','50','0','0000000','+매수','보통','2','135451','','','','+2437000','+2437000','+2436000','','','0','0')
[2017-08-01 13:54:35]INSERT INTO CHEJAN_LIST Values ('8091095211','0043268','','A005930','JJ','체결','삼성전자                                ','50','2438000','0','121850000','0000000','+매수','보통','2','135452','252540','2437000','50','+2437000','+2437000','+2436000','2437000','50','426470','0')
[2017-08-01 13:55:47]INSERT INTO CHEJAN_LIST Values ('8091095211','0043402','','A005930','JJ','접수','삼성전자                                ','50','2438000','50','0','0000000','-매도','보통','1','135610','','','','+2437000','+2437000','+2436000','','','0','0')
[2017-08-01 13:57:02]INSERT INTO CHEJAN_LIST Values ('8091095211','0043570','','A005930','JJ','접수','삼성전자                                ','50','0','50','0','0043402',' 매도취소','보통','1','135726','','','','+2436000','+2437000','+2436000','','','0','0')
[2017-08-01 13:57:02]매수SQL: [UPDATE CHEJAN_LIST SET  ACTNO     	= '8091095211',ADM_NO    	= '',ORD_CD    	= 'JJ',ORD_STAT  	= '확인',ORD_NM    	= '삼성전자                                ',ORD_QT    	= '50',ORD_PRC   	= '0',ORD_UNCHE 	= '0',ORD_CHEPRC	= '0',ORD_ORINO 	= '0043402',ORD_GB    	= ' 매도취소',ORD_TR    	= '보통',ORD_TRSTA 	= '1',ORD_HMS   	= '135726',CHEJAN_NO 	= '',CHEJAN_PRC	= '',CHEJAN_QUA	= '',CHEJAN_10 	= '+2436000',CHEJAN_27 	= '+2437000',CHEJAN_28 	= '+2436000',CHEJAN_914	= '',CHEJAN_915	= '',CHEJAN_938	= '0',CHEJAN_939	= '0'WHERE JM_CD = 'A005930'  AND ORDNO = '0043570']
[2017-08-01 13:57:02]INSERT INTO CHEJAN_LIST Values ('8091095211','0043402','','A005930','JJ','접수','삼성전자                                ','50','2438000','0','0','0000000','-매도','보통','1','135610','','','','+2436000','+2437000','+2436000','','','0','0')
