[2017-07-20 14:10:54][sRQName : 주식기본정보]
[2017-07-20 14:10:54][sRealType : OPT10001]
[2017-07-20 14:10:54][sRealData : ]
[2017-07-20 14:11:04][sRealKey : 005930]
[2017-07-20 14:11:04][sRealType : 주식체결]
[2017-07-20 14:11:04][sRealData : 141104	+2548000	+11000	+0.43	+2549000	+2548000	-1	121148	307942	+2538000	+2552000	-2528000	2	-102002	-255307405000	-54.29	0.09	8435	98.91	3329433	2	0	-54.67	000000	000000	7149	090017	133102	092923	56808	56187	-49.73	11778	5663	-2548]
[2017-07-20 14:11:05][sRealKey : 005930]
[2017-07-20 14:11:05][sRealType : 주식체결]
[2017-07-20 14:11:05][sRealData : 141106	+2548000	+11000	+0.43	+2549000	+2548000	-3	121151	307949	+2538000	+2552000	-2528000	2	-101999	-255299761000	-54.29	0.09	8435	98.90	3329433	2	0	-54.67	000000	000000	7149	090017	133102	092923	56811	56187	-49.72	11779	5663	-7644]
[2017-07-20 14:11:09][sRealKey : 005930]
[2017-07-20 14:11:09][sRealType : 주식체결]
[2017-07-20 14:11:09][sRealData : 141109	+2548000	+11000	+0.43	+2549000	+2548000	-1	121152	307952	+2538000	+2552000	-2528000	2	-101998	-255297213000	-54.29	0.09	8435	98.90	3329433	2	0	-54.67	000000	000000	7149	090017	133102	092923	56812	56187	-49.72	11780	5663	-2548]
[2017-07-20 14:11:09][sRealKey : 005930]
[2017-07-20 14:11:09][sRealType : 주식체결]
[2017-07-20 14:11:09][sRealData : 141109	+2549000	+12000	+0.47	+2549000	+2548000	+1	121153	307955	+2538000	+2552000	-2528000	2	-101997	-255294664000	-54.29	0.09	8439	98.90	3330740	2	0	-54.67	000000	000000	7149	090017	133102	092923	56812	56188	-49.72	11780	5664	+2549]
[2017-07-20 14:11:10][sRealKey : 005930]
[2017-07-20 14:11:10][sRealType : 주식체결]
[2017-07-20 14:11:10][sRealData : 141110	+2548000	+11000	+0.43	+2549000	+2548000	-2	121155	307960	+2538000	+2552000	-2528000	2	-101995	-255289568000	-54.29	0.09	8435	98.90	3329433	2	0	-54.68	000000	000000	7149	090017	133102	092923	56814	56188	-49.72	11781	5664	-5096]
[2017-07-20 14:11:10][sRealKey : 005930]
[2017-07-20 14:11:10][sRealType : 주식체결]
[2017-07-20 14:11:10][sRealData : 141111	+2548000	+11000	+0.43	+2549000	+2548000	-5	121160	307972	+2538000	+2552000	-2528000	2	-101990	-255276828000	-54.30	0.09	8435	98.89	3329433	2	0	-54.68	000000	000000	7150	090017	133102	092923	56819	56188	-49.72	11782	5664	-12740]
[2017-07-20 14:11:11][sRealKey : 005930]
[2017-07-20 14:11:11][sRealType : 주식체결]
[2017-07-20 14:11:11][sRealData : 141112	+2548000	+11000	+0.43	+2549000	+2548000	-1	121161	307975	+2538000	+2552000	-2528000	2	-101989	-255274280000	-54.30	0.09	8435	98.89	3329433	2	0	-54.68	000000	000000	7150	090017	133102	092923	56820	56188	-49.72	11783	5664	-2548]
[2017-07-20 14:11:11][sRealKey : 005930]
[2017-07-20 14:11:11][sRealType : 주식체결]
[2017-07-20 14:11:11][sRealData : 141112	+2548000	+11000	+0.43	+2549000	+2548000	-1	121162	307977	+2538000	+2552000	-2528000	2	-101988	-255271732000	-54.30	0.09	8435	98.89	3329433	2	0	-54.68	000000	000000	7150	090017	133102	092923	56821	56188	-49.72	11784	5664	-2548]
[2017-07-20 14:11:15][sRealKey : 005930]
[2017-07-20 14:11:15][sRealType : 주식체결]
[2017-07-20 14:11:15][sRealData : 141116	+2549000	+12000	+0.47	+2549000	+2548000	+2	121164	307983	+2538000	+2552000	-2528000	2	-101986	-255266634000	-54.30	0.09	8439	98.89	3330740	2	0	-54.68	000000	000000	7150	090017	133102	092923	56821	56190	-49.72	11784	5665	+5098]
[2017-07-20 14:11:15][sRQName : 주식기본정보]
[2017-07-20 14:11:15][sRealType : OPT10001]
[2017-07-20 14:11:15][sRealData : ]
[2017-07-20 14:11:15][sRealKey : 005930]
[2017-07-20 14:11:15][sRealType : 주식체결]
[2017-07-20 14:11:15][sRealData : 141116	+2548000	+11000	+0.43	+2549000	+2548000	-2	121166	307988	+2538000	+2552000	-2528000	2	-101984	-255261538000	-54.30	0.09	8435	98.89	3329433	2	0	-54.68	000000	000000	7150	090017	133102	092923	56823	56190	-49.72	11785	5665	-5096]
[2017-07-20 14:11:18][sRealKey : 005930]
[2017-07-20 14:11:18][sRealType : 주식체결]
[2017-07-20 14:11:18][sRealData : 141118	+2548000	+11000	+0.43	+2549000	+2548000	-1	121167	307990	+2538000	+2552000	-2528000	2	-101983	-255258990000	-54.30	0.09	8435	98.88	3329433	2	0	-54.68	000000	000000	7150	090017	133102	092923	56824	56190	-49.72	11786	5665	-2548]
[2017-07-20 14:11:18][sRealKey : 005930]
[2017-07-20 14:11:18][sRealType : 주식체결]
[2017-07-20 14:11:18][sRealData : 141118	+2548000	+11000	+0.43	+2549000	+2548000	-1	121168	307993	+2538000	+2552000	-2528000	2	-101982	-255256442000	-54.30	0.09	8435	98.88	3329433	2	0	-54.68	000000	000000	7150	090017	133102	092923	56825	56190	-49.72	11787	5665	-2548]
[2017-07-20 14:11:18][sRealKey : 005930]
[2017-07-20 14:11:18][sRealType : 주식당일거래원]
[2017-07-20 14:11:18][sRealData : 모건스탠리	22537	+60	036	DHDB	CS  증권	17945	+194	042	DGDB	미래대우	12301	+21	005	!!!!	삼  성	16548	+41	030	!!!!	한국투자증권	11245	0	003	!!!!	미래대우	8244	9	005	!!!!	삼  성	9497	+5	030	!!!!	NH투자증권	8085	+31	012	!!!!	C.L.S.A 증권	8368	+200	041	DHDB	유비에스증권	6387	+14	043	DGDB	42968	+260	38322	+208	-4646	-52	1	121168	57298	31247	28579	24166	21280	45609	42079	20942	20560	16208	109215	97361	-11854	2541598	2542860	2540243	2543031	2537645	2542393	2540216	2541513	2544543	2543019	2541780	2540609	2551441	63948	57209	286	289]
[2017-07-20 14:11:22][sRealKey : 005930]
[2017-07-20 14:11:22][sRealType : 주식체결]
[2017-07-20 14:11:22][sRealData : 141123	+2548000	+11000	+0.43	+2549000	+2548000	-4	121172	308003	+2538000	+2552000	-2528000	2	-101978	-255246250000	-54.30	0.09	8435	98.88	3329433	2	0	-54.68	000000	000000	7150	090017	133102	092923	56829	56190	-49.72	11788	5665	-10192]
[2017-07-20 14:11:22][sRealKey : 005930]
[2017-07-20 14:11:22][sRealType : 주식체결]
[2017-07-20 14:11:22][sRealData : 141123	+2549000	+12000	+0.47	+2549000	+2548000	+1	121173	308005	+2538000	+2552000	-2528000	2	-101977	-255243701000	-54.30	0.09	8439	98.88	3330740	2	0	-54.68	000000	000000	7150	090017	133102	092923	56829	56191	-49.72	11788	5666	+2549]
[2017-07-20 14:11:24][sRealKey : 005930]
[2017-07-20 14:11:24][sRealType : 주식체결]
[2017-07-20 14:11:24][sRealData : 141125	+2549000	+12000	+0.47	+2549000	+2548000	+10	121183	308031	+2538000	+2552000	-2528000	2	-101967	-255218211000	-54.31	0.09	8439	98.89	3330740	2	0	-54.69	000000	000000	7151	090017	133102	092923	56829	56201	-49.72	11788	5667	+25490]
[2017-07-20 14:11:24][sRealKey : 005930]
[2017-07-20 14:11:24][sRealType : 주식체결]
[2017-07-20 14:11:24][sRealData : 141125	+2548000	+11000	+0.43	+2549000	+2548000	-1	121184	308034	+2538000	+2552000	-2528000	2	-101966	-255215663000	-54.31	0.09	8435	98.89	3329433	2	0	-54.69	000000	000000	7151	090017	133102	092923	56830	56201	-49.72	11789	5667	-2548]
[2017-07-20 14:11:25][sRealKey : 005930]
[2017-07-20 14:11:25][sRealType : 주식체결]
[2017-07-20 14:11:25][sRealData : 141125	+2549000	+12000	+0.47	+2549000	+2548000	+4	121188	308044	+2538000	+2552000	-2528000	2	-101962	-255205467000	-54.31	0.09	8439	98.90	3330740	2	0	-54.69	000000	000000	7151	090017	133102	092923	56830	56205	-49.72	11789	5668	+10196]
[2017-07-20 14:11:26][sRealKey : 005930]
[2017-07-20 14:11:26][sRealType : 주식체결]
[2017-07-20 14:11:26][sRealData : 141127	+2549000	+12000	+0.47	+2549000	+2548000	+3	121191	308051	+2538000	+2552000	-2528000	2	-101959	-255197820000	-54.31	0.09	8439	98.91	3330740	2	0	-54.69	000000	000000	7152	090017	133102	092923	56830	56208	-49.72	11789	5669	+7647]
[2017-07-20 14:11:26][sRealKey : 005930]
[2017-07-20 14:11:26][sRealType : 주식체결]
[2017-07-20 14:11:26][sRealData : 141127	+2548000	+11000	+0.43	+2549000	+2548000	-3	121194	308059	+2538000	+2552000	-2528000	2	-101956	-255190176000	-54.31	0.09	8435	98.90	3329433	2	0	-54.69	000000	000000	7152	090017	133102	092923	56833	56208	-49.72	11790	5669	-7644]
[2017-07-20 14:11:26][sRealKey : 005930]
[2017-07-20 14:11:26][sRealType : 주식체결]
[2017-07-20 14:11:26][sRealData : 141127	+2548000	+11000	+0.43	+2549000	+2548000	-2	121196	308064	+2538000	+2552000	-2528000	2	-101954	-255185080000	-54.31	0.09	8435	98.90	3329433	2	0	-54.69	000000	000000	7152	090017	133102	092923	56835	56208	-49.72	11791	5669	-5096]
[2017-07-20 14:11:31][sRealKey : 005930]
[2017-07-20 14:11:31][sRealType : 주식체결]
[2017-07-20 14:11:31][sRealData : 141131	+2549000	+12000	+0.47	+2549000	+2548000	+9	121205	308087	+2538000	+2552000	-2528000	2	-101945	-255162139000	-54.32	0.09	8439	98.91	3330740	2	0	-54.70	000000	000000	7143	090017	133102	092923	56835	56217	-49.73	11791	5670	+22941]
[2017-07-20 14:11:31][sRealKey : 005930]
[2017-07-20 14:11:31][sRealType : 주식체결]
[2017-07-20 14:11:31][sRealData : 141131	+2549000	+12000	+0.47	+2549000	+2548000	+20	121225	308138	+2538000	+2552000	-2528000	2	-101925	-255111159000	-54.32	0.09	8439	98.95	3330740	2	0	-54.71	000000	000000	7145	090017	133102	092923	56835	56237	-49.74	11791	5671	+50980]
[2017-07-20 14:11:33][sRealKey : 005930]
[2017-07-20 14:11:33][sRealType : 주식체결]
[2017-07-20 14:11:33][sRealData : 141133	+2549000	+12000	+0.47	+2549000	+2548000	+2	121227	308143	+2538000	+2552000	-2528000	2	-101923	-255106061000	-54.33	0.09	8439	98.95	3330740	2	0	-54.71	000000	000000	7145	090017	133102	092923	56835	56239	-49.74	11791	5672	+5098]
[2017-07-20 14:11:33][sRealKey : 005930]
[2017-07-20 14:11:33][sRealType : 주식체결]
[2017-07-20 14:11:33][sRealData : 141134	+2549000	+12000	+0.47	+2549000	+2548000	+3	121230	308151	+2538000	+2552000	-2528000	2	-101920	-255098414000	-54.33	0.09	8439	98.96	3330740	2	0	-54.71	000000	000000	7145	090017	133102	092923	56835	56242	-49.74	11791	5673	+7647]
[2017-07-20 14:11:38][sRealKey : 005930]
[2017-07-20 14:11:38][sRealType : 주식체결]
[2017-07-20 14:11:38][sRealData : 141139	+2549000	+12000	+0.47	+2549000	+2548000	+1	121231	308153	+2538000	+2552000	-2528000	2	-101919	-255095865000	-54.33	0.09	8439	98.96	3330740	2	0	-54.71	000000	000000	7145	090017	133102	092923	56835	56243	-49.74	11791	5674	+2549]
[2017-07-20 14:11:40][sRealKey : 005930]
[2017-07-20 14:11:40][sRealType : 주식체결]
[2017-07-20 14:11:40][sRealData : 141140	+2549000	+12000	+0.47	+2549000	+2548000	+26	121257	308220	+2538000	+2552000	-2528000	2	-101893	-255029591000	-54.34	0.09	8439	99.00	3330740	2	0	-54.72	000000	000000	7146	090017	133102	092923	56835	56269	-49.75	11791	5675	+66274]
[2017-07-20 14:11:40][sRealKey : 005930]
[2017-07-20 14:11:40][sRealType : 주식체결]
[2017-07-20 14:11:40][sRealData : 141140	+2549000	+12000	+0.47	+2549000	+2548000	+2	121259	308225	+2538000	+2552000	-2528000	2	-101891	-255024493000	-54.34	0.09	8439	99.01	3330740	2	0	-54.72	000000	000000	7147	090017	133102	092923	56835	56271	-49.75	11791	5676	+5098]
[2017-07-20 14:11:40][sRealKey : 005930]
[2017-07-20 14:11:40][sRealType : 주식체결]
[2017-07-20 14:11:40][sRealData : 141140	+2549000	+12000	+0.47	+2549000	+2548000	+133	121392	308564	+2538000	+2552000	-2528000	2	-101758	-254685476000	-54.40	0.09	8439	99.24	3330740	2	0	-54.78	000000	000000	7154	090017	133102	092923	56835	56404	-49.81	11791	5677	+339017]
[2017-07-20 14:11:41][sRealKey : 005930]
[2017-07-20 14:11:41][sRealType : 주식체결]
[2017-07-20 14:11:41][sRealData : 141141	+2548000	+11000	+0.43	+2549000	+2548000	-2	121394	308569	+2538000	+2552000	-2528000	2	-101756	-254680380000	-54.40	0.09	8435	99.24	3329433	2	0	-54.78	000000	000000	7155	090017	133102	092923	56837	56404	-49.81	11792	5677	-5096]
[2017-07-20 14:11:42][sRealKey : 005930]
[2017-07-20 14:11:42][sRealType : 주식체결]
[2017-07-20 14:11:42][sRealData : 141142	+2549000	+12000	+0.47	+2549000	+2548000	+3	121397	308576	+2538000	+2552000	-2528000	2	-101753	-254672733000	-54.40	0.09	8439	99.24	3330740	2	0	-54.79	000000	000000	7155	090017	133102	092923	56837	56407	-49.81	11792	5678	+7647]
[2017-07-20 14:11:45][sRealKey : 005930]
[2017-07-20 14:11:45][sRealType : 주식체결]
[2017-07-20 14:11:45][sRealData : 141146	+2548000	+11000	+0.43	+2549000	+2548000	-1	121398	308579	+2538000	+2552000	-2528000	2	-101752	-254670185000	-54.40	0.09	8435	99.24	3329433	2	0	-54.79	000000	000000	7155	090017	133102	092923	56838	56407	-49.81	11793	5678	-2548]
[2017-07-20 14:11:50][sRealKey : 005930]
[2017-07-20 14:11:50][sRealType : 주식체결]
[2017-07-20 14:11:50][sRealData : 141151	+2548000	+11000	+0.43	+2549000	+2548000	-1	121399	308582	+2538000	+2552000	-2528000	2	-101751	-254667637000	-54.40	0.09	8435	99.24	3329433	2	0	-54.79	000000	000000	7155	090017	133102	092923	56839	56407	-49.81	11794	5678	-2548]
[2017-07-20 14:11:51][sRealKey : 005930]
[2017-07-20 14:11:51][sRealType : 주식체결]
[2017-07-20 14:11:51][sRealData : 141152	+2548000	+11000	+0.43	+2549000	+2548000	-5	121404	308594	+2538000	+2552000	-2528000	2	-101746	-254654897000	-54.40	0.09	8435	99.23	3329433	2	0	-54.79	000000	000000	7155	090017	133102	092923	56844	56407	-49.81	11795	5678	-12740]
[2017-07-20 14:11:52][sRealKey : 005930]
[2017-07-20 14:11:52][sRealType : 주식체결]
[2017-07-20 14:11:52][sRealData : 141153	+2549000	+12000	+0.47	+2549000	+2548000	+4	121408	308604	+2538000	+2552000	-2528000	2	-101742	-254644701000	-54.41	0.09	8439	99.24	3330740	2	0	-54.79	000000	000000	7155	090017	133102	092923	56844	56411	-49.81	11795	5679	+10196]
[2017-07-20 14:11:53][sRealKey : 005930]
[2017-07-20 14:11:53][sRealType : 주식체결]
[2017-07-20 14:11:53][sRealData : 141154	+2549000	+12000	+0.47	+2549000	+2548000	+3	121411	308612	+2538000	+2552000	-2528000	2	-101739	-254637054000	-54.41	0.09	8439	99.24	3330740	2	0	-54.79	000000	000000	7156	090017	133102	092923	56844	56414	-49.81	11795	5680	+7647]
[2017-07-20 14:11:53][sRealKey : 005930]
[2017-07-20 14:11:53][sRealType : 주식체결]
[2017-07-20 14:11:53][sRealData : 141154	+2549000	+12000	+0.47	+2549000	+2548000	+3	121414	308620	+2538000	+2552000	-2528000	2	-101736	-254629407000	-54.41	0.09	8439	99.25	3330740	2	0	-54.79	000000	000000	7156	090017	133102	092923	56844	56417	-49.81	11795	5681	+7647]
[2017-07-20 14:11:54][sRealKey : 005930]
[2017-07-20 14:11:54][sRealType : 주식체결]
[2017-07-20 14:11:54][sRealData : 141154	+2548000	+11000	+0.43	+2549000	+2548000	-2	121416	308625	+2538000	+2552000	-2528000	2	-101734	-254624311000	-54.41	0.09	8435	99.25	3329433	2	0	-54.79	000000	000000	7156	090017	133102	092923	56846	56417	-49.81	11796	5681	-5096]
[2017-07-20 14:11:58][sRealKey : 005930]
[2017-07-20 14:11:58][sRealType : 주식체결]
[2017-07-20 14:11:58][sRealData : 141159	+2549000	+12000	+0.47	+2549000	+2548000	+1	121417	308627	+2538000	+2552000	-2528000	2	-101733	-254621762000	-54.41	0.09	8439	99.25	3330740	2	0	-54.79	000000	000000	7156	090017	133102	092923	56846	56418	-49.81	11796	5682	+2549]
[2017-07-20 14:11:59][sRealKey : 005930]
[2017-07-20 14:11:59][sRealType : 주식체결]
[2017-07-20 14:11:59][sRealData : 141200	+2548000	+11000	+0.43	+2549000	+2548000	-6	121423	308643	+2538000	+2552000	-2528000	2	-101727	-254606474000	-54.41	0.09	8435	99.24	3329433	2	0	-54.80	000000	000000	7151	090017	133102	092923	56852	56418	-49.81	11797	5682	-15288]
[2017-07-20 14:12:00][sRealKey : 005930]
[2017-07-20 14:12:00][sRealType : 주식체결]
[2017-07-20 14:12:00][sRealData : 141200	+2548000	+11000	+0.43	+2549000	+2548000	-1	121424	308645	+2538000	+2552000	-2528000	2	-101726	-254603926000	-54.41	0.09	8435	99.23	3329433	2	0	-54.80	000000	000000	7151	090017	133102	092923	56853	56418	-49.81	11798	5682	-2548]
[2017-07-20 14:12:05][sRealKey : 005930]
[2017-07-20 14:12:05][sRealType : 주식체결]
[2017-07-20 14:12:05][sRealData : 141205	+2549000	+12000	+0.47	+2549000	+2548000	+25	121449	308709	+2538000	+2552000	-2528000	2	-101701	-254540201000	-54.42	0.09	8439	99.28	3330740	2	0	-54.81	000000	000000	7153	090017	133102	092923	56853	56443	-49.82	11798	5683	+63725]
[2017-07-20 14:12:05][sRealKey : 005930]
[2017-07-20 14:12:05][sRealType : 주식체결]
[2017-07-20 14:12:05][sRealData : 141205	+2549000	+12000	+0.47	+2549000	+2548000	+3	121452	308717	+2538000	+2552000	-2528000	2	-101698	-254532554000	-54.43	0.09	8439	99.28	3330740	2	0	-54.81	000000	000000	7153	090017	133102	092923	56853	56446	-49.82	11798	5684	+7647]
[2017-07-20 14:12:05][sRealKey : 005930]
[2017-07-20 14:12:05][sRealType : 주식체결]
[2017-07-20 14:12:05][sRealData : 141206	+2548000	+11000	+0.43	+2549000	+2548000	-1	121453	308719	+2538000	+2552000	-2528000	2	-101697	-254530006000	-54.43	0.09	8435	99.28	3329433	2	0	-54.81	000000	000000	7153	090017	133102	092923	56854	56446	-49.82	11799	5684	-2548]
[2017-07-20 14:12:06][sRealKey : 005930]
[2017-07-20 14:12:06][sRealType : 주식체결]
[2017-07-20 14:12:06][sRealData : 141207	+2548000	+11000	+0.43	+2549000	+2548000	-1	121454	308722	+2538000	+2552000	-2528000	2	-101696	-254527458000	-54.43	0.09	8435	99.28	3329433	2	0	-54.81	000000	000000	7153	090017	133102	092923	56855	56446	-49.82	11800	5684	-2548]
[2017-07-20 14:12:11][sRealKey : 005930]
[2017-07-20 14:12:11][sRealType : 주식체결]
[2017-07-20 14:12:11][sRealData : 141211	+2548000	+11000	+0.43	+2549000	+2548000	-1	121455	308724	+2538000	+2552000	-2528000	2	-101695	-254524910000	-54.43	0.09	8435	99.28	3329433	2	0	-54.81	000000	000000	7153	090017	133102	092923	56856	56446	-49.82	11801	5684	-2548]
[2017-07-20 14:12:11][sRealKey : 005930]
[2017-07-20 14:12:11][sRealType : 주식체결]
[2017-07-20 14:12:11][sRealData : 141212	+2548000	+11000	+0.43	+2549000	+2548000	-1	121456	308727	+2538000	+2552000	-2528000	2	-101694	-254522362000	-54.43	0.09	8435	99.28	3329433	2	0	-54.81	000000	000000	7153	090017	133102	092923	56857	56446	-49.82	11802	5684	-2548]
[2017-07-20 14:12:11][sRealKey : 005930]
[2017-07-20 14:12:11][sRealType : 주식체결]
[2017-07-20 14:12:11][sRealData : 141212	+2549000	+12000	+0.47	+2549000	+2548000	+1	121457	308729	+2538000	+2552000	-2528000	2	-101693	-254519813000	-54.43	0.09	8439	99.28	3330740	2	0	-54.81	000000	000000	7153	090017	133102	092923	56857	56447	-49.82	11802	5685	+2549]
[2017-07-20 14:12:14][sRealKey : 005930]
[2017-07-20 14:12:14][sRealType : 주식체결]
[2017-07-20 14:12:14][sRealData : 141215	+2549000	+12000	+0.47	+2549000	+2548000	+1	121458	308732	+2538000	+2552000	-2528000	2	-101692	-254517264000	-54.43	0.09	8439	99.28	3330740	2	0	-54.81	000000	000000	7153	090017	133102	092923	56857	56448	-49.82	11802	5686	+2549]
[2017-07-20 14:12:15][sRealKey : 005930]
[2017-07-20 14:12:15][sRealType : 주식체결]
[2017-07-20 14:12:15][sRealData : 141215	+2549000	+12000	+0.47	+2549000	+2548000	+23	121481	308791	+2538000	+2552000	-2528000	2	-101669	-254458637000	-54.44	0.09	8439	99.32	3330740	2	0	-54.82	000000	000000	7155	090017	133102	092923	56857	56471	-49.83	11802	5687	+58627]
[2017-07-20 14:12:15][sRealKey : 005930]
[2017-07-20 14:12:15][sRealType : 주식체결]
[2017-07-20 14:12:15][sRealData : 141216	+2548000	+11000	+0.43	+2549000	+2548000	-6	121487	308806	+2538000	+2552000	-2528000	2	-101663	-254443349000	-54.44	0.09	8435	99.31	3329433	2	0	-54.83	000000	000000	7155	090017	133102	092923	56863	56471	-49.83	11803	5687	-15288]
[2017-07-20 14:12:17][sRealKey : 005930]
[2017-07-20 14:12:17][sRealType : 주식체결]
[2017-07-20 14:12:17][sRealData : 141217	+2549000	+12000	+0.47	+2549000	+2548000	+1	121488	308808	+2538000	+2552000	-2528000	2	-101662	-254440800000	-54.44	0.09	8439	99.31	3330740	2	0	-54.83	000000	000000	7155	090017	133102	092923	56863	56472	-49.83	11803	5688	+2549]
[2017-07-20 14:12:17][sRealKey : 005930]
[2017-07-20 14:12:17][sRealType : 주식체결]
[2017-07-20 14:12:17][sRealData : 141217	+2549000	+12000	+0.47	+2549000	+2548000	+1	121489	308811	+2538000	+2552000	-2528000	2	-101661	-254438251000	-54.44	0.09	8439	99.31	3330740	2	0	-54.83	000000	000000	7155	090017	133102	092923	56863	56473	-49.83	11803	5689	+2549]
[2017-07-20 14:12:18][sRealKey : 005930]
[2017-07-20 14:12:18][sRealType : 주식체결]
[2017-07-20 14:12:18][sRealData : 141219	+2548000	+11000	+0.43	+2549000	+2548000	-1	121490	308813	+2538000	+2552000	-2528000	2	-101660	-254435703000	-54.44	0.09	8435	99.31	3329433	2	0	-54.83	000000	000000	7155	090017	133102	092923	56864	56473	-49.83	11804	5689	-2548]
[2017-07-20 14:12:20][sRealKey : 005930]
[2017-07-20 14:12:20][sRealType : 주식당일거래원]
[2017-07-20 14:12:20][sRealData : 모건스탠리	22548	+11	036	DHDB	CS  증권	17945	+0	042	DGDB	미래대우	12314	+13	005	!!!!	삼  성	16612	+64	030	!!!!	한국투자증권	11245	0	003	!!!!	미래대우	8268	24	005	!!!!	삼  성	9497	0	030	!!!!	NH투자증권	8098	13	012	!!!!	C.L.S.A 증권	8368	0	041	DHDB	유비에스증권	6387	0	043	DGDB	42979	+11	38322	0	-4657	-11	1	121490	57326	31280	28579	24166	21280	45609	42242	21003	20594	16208	109243	97361	-11882	2541598	2542883	2540266	2543040	2537645	2542396	2540224	2541513	2544543	2543019	2541782	2540609	2551433	63972	57310	24	101]
[2017-07-20 14:12:21][sRealKey : 005930]
[2017-07-20 14:12:21][sRealType : 주식체결]
[2017-07-20 14:12:21][sRealData : 141221	+2549000	+12000	+0.47	+2549000	+2548000	+19	121509	308862	+2538000	+2552000	-2528000	2	-101641	-254387272000	-54.45	0.09	8439	99.35	3330740	2	0	-54.84	000000	000000	7156	090017	133102	092923	56864	56492	-49.84	11804	5690	+48431]
[2017-07-20 14:12:21][sRealKey : 005930]
[2017-07-20 14:12:21][sRealType : 주식체결]
[2017-07-20 14:12:21][sRealData : 141222	+2548000	+11000	+0.43	+2549000	+2548000	-45	121554	308977	+2538000	+2552000	-2528000	2	-101596	-254272612000	-54.47	0.09	8435	99.27	3329433	2	0	-54.86	000000	000000	7159	090017	133102	092923	56909	56492	-49.82	11805	5690	-114660]
[2017-07-20 14:12:22][sRealKey : 005930]
[2017-07-20 14:12:22][sRealType : 주식체결]
[2017-07-20 14:12:22][sRealData : 141223	+2548000	+11000	+0.43	+2549000	+2548000	-1	121555	308979	+2538000	+2552000	-2528000	2	-101595	-254270064000	-54.47	0.09	8435	99.27	3329433	2	0	-54.86	000000	000000	7159	090017	133102	092923	56910	56492	-49.82	11806	5690	-2548]
[2017-07-20 14:12:23][sRealKey : 005930]
[2017-07-20 14:12:23][sRealType : 주식체결]
[2017-07-20 14:12:23][sRealData : 141223	+2548000	+11000	+0.43	+2549000	+2548000	-1	121556	308982	+2538000	+2552000	-2528000	2	-101594	-254267516000	-54.47	0.09	8435	99.26	3329433	2	0	-54.86	000000	000000	7159	090017	133102	092923	56911	56492	-49.82	11807	5690	-2548]
[2017-07-20 14:12:23][sRealKey : 005930]
[2017-07-20 14:12:23][sRealType : 주식체결]
[2017-07-20 14:12:23][sRealData : 141224	+2548000	+11000	+0.43	+2549000	+2548000	-3	121559	308989	+2538000	+2552000	-2528000	2	-101591	-254259872000	-54.47	0.09	8435	99.26	3329433	2	0	-54.86	000000	000000	7159	090017	133102	092923	56914	56492	-49.81	11808	5690	-7644]
[2017-07-20 14:12:23][sRealKey : 005930]
[2017-07-20 14:12:23][sRealType : 주식체결]
[2017-07-20 14:12:23][sRealData : 141224	+2548000	+11000	+0.43	+2549000	+2548000	-4	121563	308999	+2538000	+2552000	-2528000	2	-101587	-254249680000	-54.48	0.09	8435	99.25	3329433	2	0	-54.86	000000	000000	7159	090017	133102	092923	56918	56492	-49.81	11809	5690	-10192]
[2017-07-20 14:12:25][sRealKey : 005930]
[2017-07-20 14:12:25][sRealType : 주식체결]
[2017-07-20 14:12:25][sRealData : 141226	+2548000	+11000	+0.43	+2549000	+2548000	-3	121566	309007	+2538000	+2552000	-2528000	2	-101584	-254242036000	-54.48	0.09	8435	99.25	3329433	2	0	-54.86	000000	000000	7160	090017	133102	092923	56921	56492	-49.81	11810	5690	-7644]
[2017-07-20 14:12:26][sRealKey : 005930]
[2017-07-20 14:12:26][sRealType : 주식체결]
[2017-07-20 14:12:26][sRealData : 141227	+2549000	+12000	+0.47	+2549000	+2548000	+10	121576	309033	+2538000	+2552000	-2528000	2	-101574	-254216546000	-54.48	0.09	8439	99.26	3330740	2	0	-54.87	000000	000000	7160	090017	133102	092923	56921	56502	-49.82	11810	5691	+25490]
[2017-07-20 14:12:27][sRealKey : 005930]
[2017-07-20 14:12:27][sRealType : 주식체결]
[2017-07-20 14:12:27][sRealData : 141227	+2548000	+11000	+0.43	+2549000	+2548000	-1	121577	309035	+2538000	+2552000	-2528000	2	-101573	-254213998000	-54.48	0.09	8435	99.26	3329433	2	0	-54.87	000000	000000	7160	090017	133102	092923	56922	56502	-49.81	11811	5691	-2548]
[2017-07-20 14:12:27][sRealKey : 005930]
[2017-07-20 14:12:27][sRealType : 주식체결]
[2017-07-20 14:12:27][sRealData : 141228	+2548000	+11000	+0.43	+2549000	+2548000	-1	121578	309038	+2538000	+2552000	-2528000	2	-101572	-254211450000	-54.48	0.09	8435	99.26	3329433	2	0	-54.87	000000	000000	7160	090017	133102	092923	56923	56502	-49.81	11812	5691	-2548]
[2017-07-20 14:12:28][sRealKey : 005930]
[2017-07-20 14:12:28][sRealType : 주식체결]
[2017-07-20 14:12:28][sRealData : 141229	+2548000	+11000	+0.43	+2549000	+2548000	-1	121579	309040	+2538000	+2552000	-2528000	2	-101571	-254208902000	-54.48	0.09	8435	99.26	3329433	2	0	-54.87	000000	000000	7160	090017	133102	092923	56924	56502	-49.81	11813	5691	-2548]
[2017-07-20 14:12:31][sRealKey : 005930]
[2017-07-20 14:12:31][sRealType : 주식체결]
[2017-07-20 14:12:31][sRealData : 141232	+2548000	+11000	+0.43	+2549000	+2548000	-1	121580	309043	+2538000	+2552000	-2528000	2	-101570	-254206354000	-54.48	0.09	8435	99.26	3329433	2	0	-54.87	000000	000000	7158	090017	133102	092923	56925	56502	-49.81	11814	5691	-2548]
[2017-07-20 14:12:32][sRealKey : 005930]
[2017-07-20 14:12:32][sRealType : 주식체결]
[2017-07-20 14:12:32][sRealData : 141233	+2548000	+11000	+0.43	+2549000	+2548000	-5	121585	309056	+2538000	+2552000	-2528000	2	-101565	-254193614000	-54.49	0.09	8435	99.25	3329433	2	0	-54.87	000000	000000	7158	090017	133102	092923	56930	56502	-49.81	11815	5691	-12740]
[2017-07-20 14:12:36][sRealKey : 005930]
[2017-07-20 14:12:36][sRealType : 주식체결]
[2017-07-20 14:12:36][sRealData : 141237	+2548000	+11000	+0.43	+2549000	+2548000	-1	121586	309058	+2538000	+2552000	-2528000	2	-101564	-254191066000	-54.49	0.09	8435	99.25	3329433	2	0	-54.87	000000	000000	7158	090017	133102	092923	56931	56502	-49.81	11816	5691	-2548]
[2017-07-20 14:12:39][sRealKey : 005930]
[2017-07-20 14:12:39][sRealType : 주식체결]
[2017-07-20 14:12:39][sRealData : 141240	+2548000	+11000	+0.43	+2549000	+2548000	-2	121588	309063	+2538000	+2552000	-2528000	2	-101562	-254185970000	-54.49	0.09	8435	99.24	3329433	2	0	-54.87	000000	000000	7158	090017	133102	092923	56933	56502	-49.81	11817	5691	-5096]
[2017-07-20 14:12:42][sRealKey : 005930]
[2017-07-20 14:12:42][sRealType : 주식체결]
[2017-07-20 14:12:42][sRealData : 141242	+2548000	+11000	+0.43	+2549000	+2548000	-2	121590	309068	+2538000	+2552000	-2528000	2	-101560	-254180874000	-54.49	0.09	8435	99.24	3329433	2	0	-54.87	000000	000000	7158	090017	133102	092923	56935	56502	-49.81	11818	5691	-5096]
[2017-07-20 14:12:43][sRealKey : 005930]
[2017-07-20 14:12:43][sRealType : 주식체결]
[2017-07-20 14:12:43][sRealData : 141244	+2548000	+11000	+0.43	+2549000	+2548000	-2	121592	309073	+2538000	+2552000	-2528000	2	-101558	-254175778000	-54.49	0.09	8435	99.24	3329433	2	0	-54.87	000000	000000	7158	090017	133102	092923	56937	56502	-49.81	11819	5691	-5096]
[2017-07-20 14:12:44][sRealKey : 005930]
[2017-07-20 14:12:44][sRealType : 주식체결]
[2017-07-20 14:12:44][sRealData : 141245	+2549000	+12000	+0.47	+2549000	+2548000	+2	121594	309078	+2538000	+2552000	-2528000	2	-101556	-254170680000	-54.49	0.09	8439	99.24	3330740	2	0	-54.87	000000	000000	7158	090017	133102	092923	56937	56504	-49.81	11819	5692	+5098]
[2017-07-20 14:12:48][sRealKey : 005930]
[2017-07-20 14:12:48][sRealType : 주식체결]
[2017-07-20 14:12:48][sRealData : 141248	+2548000	+11000	+0.43	+2549000	+2548000	-2	121596	309084	+2538000	+2552000	-2528000	2	-101554	-254165584000	-54.49	0.09	8435	99.24	3329433	2	0	-54.88	000000	000000	7158	090017	133102	092923	56939	56504	-49.81	11820	5692	-5096]
[2017-07-20 14:12:48][sRealKey : 005930]
[2017-07-20 14:12:48][sRealType : 주식체결]
[2017-07-20 14:12:48][sRealData : 141248	+2548000	+11000	+0.43	+2549000	+2548000	-1	121597	309086	+2538000	+2552000	-2528000	2	-101553	-254163036000	-54.49	0.09	8435	99.23	3329433	2	0	-54.88	000000	000000	7159	090017	133102	092923	56940	56504	-49.81	11821	5692	-2548]
[2017-07-20 14:12:48][sRealKey : 005930]
[2017-07-20 14:12:48][sRealType : 주식체결]
[2017-07-20 14:12:48][sRealData : 141249	+2548000	+11000	+0.43	+2549000	+2548000	-2	121599	309091	+2538000	+2552000	-2528000	2	-101551	-254157940000	-54.49	0.09	8435	99.23	3329433	2	0	-54.88	000000	000000	7159	090017	133102	092923	56942	56504	-49.81	11822	5692	-5096]
[2017-07-20 14:12:49][sRealKey : 005930]
[2017-07-20 14:12:49][sRealType : 주식체결]
[2017-07-20 14:12:49][sRealData : 141250	+2549000	+12000	+0.47	+2549000	+2548000	+8	121607	309112	+2538000	+2552000	-2528000	2	-101543	-254137548000	-54.50	0.09	8439	99.24	3330740	2	0	-54.88	000000	000000	7159	090017	133102	092923	56942	56512	-49.81	11822	5693	+20392]
[2017-07-20 14:12:52][sRealKey : 005930]
[2017-07-20 14:12:52][sRealType : 주식체결]
[2017-07-20 14:12:52][sRealData : 141253	+2549000	+12000	+0.47	+2549000	+2548000	+1	121608	309114	+2538000	+2552000	-2528000	2	-101542	-254134999000	-54.50	0.09	8439	99.25	3330740	2	0	-54.88	000000	000000	7159	090017	133102	092923	56942	56513	-49.81	11822	5694	+2549]
[2017-07-20 14:12:52][sRealKey : 005930]
[2017-07-20 14:12:52][sRealType : 주식체결]
[2017-07-20 14:12:52][sRealData : 141253	+2549000	+12000	+0.47	+2549000	+2548000	+3	121611	309122	+2538000	+2552000	-2528000	2	-101539	-254127352000	-54.50	0.09	8439	99.25	3330740	2	0	-54.88	000000	000000	7159	090017	133102	092923	56942	56516	-49.81	11822	5695	+7647]
[2017-07-20 14:12:54][sRealKey : 005930]
[2017-07-20 14:12:54][sRealType : 주식체결]
[2017-07-20 14:12:54][sRealData : 141254	+2549000	+12000	+0.47	+2549000	+2548000	+4	121615	309132	+2538000	+2552000	-2528000	2	-101535	-254117156000	-54.50	0.09	8439	99.26	3330740	2	0	-54.88	000000	000000	7160	090017	133102	092923	56942	56520	-49.81	11822	5696	+10196]
[2017-07-20 14:12:55][sRealKey : 005930]
[2017-07-20 14:12:55][sRealType : 주식체결]
[2017-07-20 14:12:55][sRealData : 141255	+2549000	+12000	+0.47	+2549000	+2548000	+26	121641	309198	+2538000	+2552000	-2528000	2	-101509	-254050882000	-54.51	0.09	8439	99.30	3330740	2	0	-54.90	000000	000000	7161	090017	133102	092923	56942	56546	-49.83	11822	5697	+66274]
[2017-07-20 14:12:55][sRealKey : 005930]
[2017-07-20 14:12:55][sRealType : 주식체결]
[2017-07-20 14:12:55][sRealData : 141255	+2549000	+12000	+0.47	+2549000	+2548000	+6	121647	309214	+2538000	+2552000	-2528000	2	-101503	-254035588000	-54.51	0.09	8439	99.32	3330740	2	0	-54.90	000000	000000	7161	090017	133102	092923	56942	56552	-49.83	11822	5698	+15294]
[2017-07-20 14:12:55][sRealKey : 005930]
[2017-07-20 14:12:55][sRealType : 주식체결]
[2017-07-20 14:12:55][sRealData : 141256	+2549000	+12000	+0.47	+2549000	+2548000	+7	121654	309231	+2538000	+2552000	-2528000	2	-101496	-254017745000	-54.52	0.09	8439	99.33	3330740	2	0	-54.90	000000	000000	7162	090017	133102	092923	56942	56559	-49.83	11822	5699	+17843]
[2017-07-20 14:12:56][sRealKey : 005930]
[2017-07-20 14:12:56][sRealType : 주식체결]
[2017-07-20 14:12:56][sRealData : 141256	+2549000	+12000	+0.47	+2549000	+2548000	+3	121657	309239	+2538000	+2552000	-2528000	2	-101493	-254010098000	-54.52	0.09	8439	99.33	3330740	2	0	-54.90	000000	000000	7162	090017	133102	092923	56942	56562	-49.83	11822	5700	+7647]
[2017-07-20 14:12:56][sRealKey : 005930]
[2017-07-20 14:12:56][sRealType : 주식체결]
[2017-07-20 14:12:56][sRealData : 141257	+2549000	+12000	+0.47	+2549000	+2548000	+1	121658	309242	+2538000	+2552000	-2528000	2	-101492	-254007549000	-54.52	0.09	8439	99.33	3330740	2	0	-54.90	000000	000000	7162	090017	133102	092923	56942	56563	-49.83	11822	5701	+2549]
[2017-07-20 14:12:57][sRealKey : 005930]
[2017-07-20 14:12:57][sRealType : 주식체결]
[2017-07-20 14:12:57][sRealData : 141257	+2549000	+12000	+0.47	+2549000	+2548000	+1	121659	309244	+2538000	+2552000	-2528000	2	-101491	-254005000000	-54.52	0.09	8439	99.34	3330740	2	0	-54.90	000000	000000	7162	090017	133102	092923	56942	56564	-49.83	11822	5702	+2549]
[2017-07-20 14:12:58][sRealKey : 005930]
[2017-07-20 14:12:58][sRealType : 주식체결]
[2017-07-20 14:12:58][sRealData : 141258	+2549000	+12000	+0.47	+2549000	+2548000	+10	121669	309270	+2538000	+2552000	-2528000	2	-101481	-253979510000	-54.52	0.09	8439	99.35	3330740	2	0	-54.91	000000	000000	7163	090017	133102	092923	56942	56574	-49.84	11822	5703	+25490]
[2017-07-20 14:12:58][sRealKey : 005930]
[2017-07-20 14:12:58][sRealType : 주식체결]
[2017-07-20 14:12:58][sRealData : 141259	+2549000	+12000	+0.47	+2549000	+2548000	+1	121670	309272	+2538000	+2552000	-2528000	2	-101480	-253976961000	-54.52	0.09	8439	99.36	3330740	2	0	-54.91	000000	000000	7163	090017	133102	092923	56942	56575	-49.84	11822	5704	+2549]
[2017-07-20 14:12:59][sRealKey : 005930]
[2017-07-20 14:12:59][sRealType : 주식체결]
[2017-07-20 14:12:59][sRealData : 141300	+2549000	+12000	+0.47	+2549000	+2548000	+2	121672	309277	+2538000	+2552000	-2528000	2	-101478	-253971863000	-54.52	0.09	8439	99.36	3330740	2	0	-54.91	000000	000000	7158	090017	133102	092923	56942	56577	-49.84	11822	5705	+5098]
[2017-07-20 14:12:59][sRealKey : 005930]
[2017-07-20 14:12:59][sRealType : 주식체결]
[2017-07-20 14:12:59][sRealData : 141300	+2548000	+11000	+0.43	+2549000	+2548000	-1	121673	309280	+2538000	+2552000	-2528000	2	-101477	-253969315000	-54.53	0.09	8435	99.36	3329433	2	0	-54.91	000000	000000	7158	090017	133102	092923	56943	56577	-49.84	11823	5705	-2548]
[2017-07-20 14:13:00][sRealKey : 005930]
[2017-07-20 14:13:00][sRealType : 주식체결]
[2017-07-20 14:13:00][sRealData : 141300	+2548000	+11000	+0.43	+2549000	+2548000	-2	121675	309285	+2538000	+2552000	-2528000	2	-101475	-253964219000	-54.53	0.09	8435	99.35	3329433	2	0	-54.91	000000	000000	7158	090017	133102	092923	56945	56577	-49.84	11824	5705	-5096]
[2017-07-20 14:13:04][sRealKey : 005930]
[2017-07-20 14:13:04][sRealType : 주식체결]
[2017-07-20 14:13:04][sRealData : 141305	+2548000	+11000	+0.43	+2549000	+2548000	-5	121680	309298	+2538000	+2552000	-2528000	2	-101470	-253951479000	-54.53	0.09	8435	99.35	3329433	2	0	-54.91	000000	000000	7159	090017	133102	092923	56950	56577	-49.84	11825	5705	-12740]
[2017-07-20 14:13:05][sRealKey : 005930]
[2017-07-20 14:13:05][sRealType : 주식체결]
[2017-07-20 14:13:05][sRealData : 141305	+2549000	+12000	+0.47	+2549000	+2548000	+2	121682	309303	+2538000	+2552000	-2528000	2	-101468	-253946381000	-54.53	0.09	8439	99.35	3330740	2	0	-54.91	000000	000000	7159	090017	133102	092923	56950	56579	-49.84	11825	5706	+5098]
[2017-07-20 14:13:09][sRealKey : 005930]
[2017-07-20 14:13:09][sRealType : 주식체결]
[2017-07-20 14:13:09][sRealData : 141309	+2548000	+11000	+0.43	+2549000	+2548000	-1	121683	309305	+2538000	+2552000	-2528000	2	-101467	-253943833000	-54.53	0.09	8435	99.35	3329433	2	0	-54.91	000000	000000	7159	090017	133102	092923	56951	56579	-49.84	11826	5706	-2548]
[2017-07-20 14:13:09][sRealKey : 005930]
[2017-07-20 14:13:09][sRealType : 주식체결]
[2017-07-20 14:13:09][sRealData : 141309	+2549000	+12000	+0.47	+2549000	+2548000	+1	121684	309308	+2538000	+2552000	-2528000	2	-101466	-253941284000	-54.53	0.09	8439	99.35	3330740	2	0	-54.91	000000	000000	7159	090017	133102	092923	56951	56580	-49.84	11826	5707	+2549]
[2017-07-20 14:13:10][sRealKey : 005930]
[2017-07-20 14:13:10][sRealType : 주식체결]
[2017-07-20 14:13:10][sRealData : 141311	+2548000	+11000	+0.43	+2549000	+2548000	-1	121685	309310	+2538000	+2552000	-2528000	2	-101465	-253938736000	-54.53	0.09	8435	99.35	3329433	2	0	-54.92	000000	000000	7159	090017	133102	092923	56952	56580	-49.84	11827	5707	-2548]
[2017-07-20 14:13:11][sRealKey : 005930]
[2017-07-20 14:13:11][sRealType : 주식체결]
[2017-07-20 14:13:11][sRealData : 141311	+2549000	+12000	+0.47	+2549000	+2548000	+6	121691	309326	+2538000	+2552000	-2528000	2	-101459	-253923442000	-54.53	0.09	8439	99.36	3330740	2	0	-54.92	000000	000000	7159	090017	133102	092923	56952	56586	-49.84	11827	5708	+15294]
[2017-07-20 14:13:12][sRealKey : 005930]
[2017-07-20 14:13:12][sRealType : 주식체결]
[2017-07-20 14:13:12][sRealData : 141313	+2549000	+12000	+0.47	+2549000	+2548000	+2	121693	309331	+2538000	+2552000	-2528000	2	-101457	-253918344000	-54.53	0.09	8439	99.36	3330740	2	0	-54.92	000000	000000	7159	090017	133102	092923	56952	56588	-49.84	11827	5709	+5098]
[2017-07-20 14:13:12][sRealKey : 005930]
[2017-07-20 14:13:12][sRealType : 주식체결]
[2017-07-20 14:13:12][sRealData : 141313	+2548000	+11000	+0.43	+2549000	+2548000	-1	121694	309333	+2538000	+2552000	-2528000	2	-101456	-253915796000	-54.53	0.09	8435	99.36	3329433	2	0	-54.92	000000	000000	7159	090017	133102	092923	56953	56588	-49.84	11828	5709	-2548]
[2017-07-20 14:13:13][sRealKey : 005930]
[2017-07-20 14:13:13][sRealType : 주식체결]
[2017-07-20 14:13:13][sRealData : 141314	+2548000	+11000	+0.43	+2549000	+2548000	-5	121699	309346	+2538000	+2552000	-2528000	2	-101451	-253903056000	-54.54	0.09	8435	99.35	3329433	2	0	-54.92	000000	000000	7160	090017	133102	092923	56958	56588	-49.84	11829	5709	-12740]
[2017-07-20 14:13:15][sRealKey : 005930]
[2017-07-20 14:13:15][sRealType : 주식체결]
[2017-07-20 14:13:15][sRealData : 141315	+2548000	+11000	+0.43	+2549000	+2548000	-1	121700	309349	+2538000	+2552000	-2528000	2	-101450	-253900508000	-54.54	0.09	8435	99.35	3329433	2	0	-54.92	000000	000000	7160	090017	133102	092923	56959	56588	-49.84	11830	5709	-2548]
[2017-07-20 14:13:15][sRQName : 주식기본정보]
[2017-07-20 14:13:15][sRealType : OPT10001]
[2017-07-20 14:13:15][sRealData : ]
[2017-07-20 14:13:15][sRealKey : 005930]
[2017-07-20 14:13:15][sRealType : 주식체결]
[2017-07-20 14:13:15][sRealData : 141315	+2549000	+12000	+0.47	+2549000	+2548000	+1	121701	309351	+2538000	+2552000	-2528000	2	-101449	-253897959000	-54.54	0.09	8439	99.35	3330740	2	0	-54.92	000000	000000	7160	090017	133102	092923	56959	56589	-49.84	11830	5710	+2549]
[2017-07-20 14:13:15][sRealKey : 071970]
[2017-07-20 14:13:15][sRealType : 주식체결]
[2017-07-20 14:13:15][sRealData : 141316	+11750	+2470	+26.62	+11750	+11700	+1	12517884	140067	+10100	+12050	+9820	2	+11844285	+133725249750	+1858.36	50.75	39	147.06	2898	2	0	+2208.64	135031	000000	262814	090011	135031	093042	4994998	7345443	+59.52	10893	22409	+11]
[2017-07-20 14:13:16][sRealKey : 071970]
[2017-07-20 14:13:16][sRealType : 주식체결]
[2017-07-20 14:13:16][sRealData : 141317	+11750	+2470	+26.62	+11750	+11700	+1	12517885	140067	+10100	+12050	+9820	2	+11844286	+133725261500	+1858.36	50.75	39	147.06	2898	2	0	+2208.64	135031	000000	262814	090011	135031	093042	4994998	7345444	+59.52	10893	22410	+11]
[2017-07-20 14:13:17][sRealKey : 071970]
[2017-07-20 14:13:17][sRealType : 주식체결]
[2017-07-20 14:13:17][sRealData : 141318	+11750	+2470	+26.62	+11750	+11700	+1	12517886	140067	+10100	+12050	+9820	2	+11844287	+133725273250	+1858.36	50.75	39	147.06	2898	2	0	+2208.64	135031	000000	262814	090011	135031	093042	4994998	7345445	+59.52	10893	22411	+11]
[2017-07-20 14:13:17][sRealKey : 071970]
[2017-07-20 14:13:17][sRealType : 주식체결]
[2017-07-20 14:13:17][sRealData : 141318	+11750	+2470	+26.62	+11750	+11700	+10	12517896	140067	+10100	+12050	+9820	2	+11844297	+133725390750	+1858.36	50.75	39	147.06	2898	2	0	+2208.64	135031	000000	262814	090011	135031	093042	4994998	7345455	+59.52	10893	22412	+117]
[2017-07-20 14:13:18][sRealKey : 071970]
[2017-07-20 14:13:18][sRealType : 주식체결]
[2017-07-20 14:13:18][sRealData : 141318	+11750	+2470	+26.62	+11750	+11700	+1	12517897	140067	+10100	+12050	+9820	2	+11844298	+133725402500	+1858.36	50.75	39	147.06	2898	2	0	+2208.64	135031	000000	262814	090011	135031	093042	4994998	7345456	+59.52	10893	22413	+11]
[2017-07-20 14:13:18][sRealKey : 005930]
[2017-07-20 14:13:18][sRealType : 주식체결]
[2017-07-20 14:13:18][sRealData : 141319	+2548000	+11000	+0.43	+2549000	+2548000	-3	121704	309359	+2538000	+2552000	-2528000	2	-101446	-253890315000	-54.54	0.09	8435	99.35	3329433	2	0	-54.92	000000	000000	7160	090017	133102	092923	56962	56589	-49.84	11831	5710	-7644]
[2017-07-20 14:13:18][sRealKey : 005930]
[2017-07-20 14:13:18][sRealType : 주식체결]
[2017-07-20 14:13:18][sRealData : 141319	+2548000	+11000	+0.43	+2549000	+2548000	-2	121706	309364	+2538000	+2552000	-2528000	2	-101444	-253885219000	-54.54	0.09	8435	99.34	3329433	2	0	-54.92	000000	000000	7160	090017	133102	092923	56964	56589	-49.83	11832	5710	-5096]
[2017-07-20 14:13:18][sRealKey : 005930]
[2017-07-20 14:13:18][sRealType : 주식체결]
[2017-07-20 14:13:18][sRealData : 141319	+2548000	+11000	+0.43	+2549000	+2548000	-2	121708	309369	+2538000	+2552000	-2528000	2	-101442	-253880123000	-54.54	0.09	8435	99.34	3329433	2	0	-54.93	000000	000000	7160	090017	133102	092923	56966	56589	-49.83	11833	5710	-5096]
[2017-07-20 14:13:18][sRealKey : 071970]
[2017-07-20 14:13:18][sRealType : 주식체결]
[2017-07-20 14:13:18][sRealData : 141319	+11750	+2470	+26.62	+11750	+11700	+1	12517898	140067	+10100	+12050	+9820	2	+11844299	+133725414250	+1858.36	50.75	39	147.06	2898	2	0	+2208.64	135031	000000	262814	090011	135031	093042	4994998	7345457	+59.52	10893	22414	+11]
[2017-07-20 14:13:18][sRealKey : 005930]
[2017-07-20 14:13:18][sRealType : 주식체결]
[2017-07-20 14:13:18][sRealData : 141319	+2548000	+11000	+0.43	+2549000	+2548000	-3	121711	309377	+2538000	+2552000	-2528000	2	-101439	-253872479000	-54.54	0.09	8435	99.33	3329433	2	0	-54.93	000000	000000	7160	090017	133102	092923	56969	56589	-49.83	11834	5710	-7644]
[2017-07-20 14:13:19][sRealKey : 005930]
[2017-07-20 14:13:19][sRealType : 주식체결]
[2017-07-20 14:13:19][sRealData : 141319	+2548000	+11000	+0.43	+2549000	+2548000	-2	121713	309382	+2538000	+2552000	-2528000	2	-101437	-253867383000	-54.54	0.09	8435	99.33	3329433	2	0	-54.93	000000	000000	7161	090017	133102	092923	56971	56589	-49.83	11835	5710	-5096]
[2017-07-20 14:13:19][sRealKey : 005930]
[2017-07-20 14:13:19][sRealType : 주식체결]
[2017-07-20 14:13:19][sRealData : 141319	+2548000	+11000	+0.43	+2549000	+2548000	-3	121716	309389	+2538000	+2552000	-2528000	2	-101434	-253859739000	-54.54	0.09	8435	99.32	3329433	2	0	-54.93	000000	000000	7161	090017	133102	092923	56974	56589	-49.83	11836	5710	-7644]
[2017-07-20 14:13:19][sRealKey : 005930]
[2017-07-20 14:13:19][sRealType : 주식체결]
[2017-07-20 14:13:19][sRealData : 141320	+2548000	+11000	+0.43	+2549000	+2548000	-2	121718	309395	+2538000	+2552000	-2528000	2	-101432	-253854643000	-54.55	0.09	8435	99.32	3329433	2	0	-54.93	000000	000000	7161	090017	133102	092923	56976	56589	-49.83	11837	5710	-5096]
[2017-07-20 14:13:20][sRealKey : 005930]
[2017-07-20 14:13:20][sRealType : 주식체결]
[2017-07-20 14:13:20][sRealData : 141320	+2549000	+12000	+0.47	+2549000	+2548000	+26	121744	309461	+2538000	+2552000	-2528000	2	-101406	-253788369000	-54.56	0.09	8439	99.37	3330740	2	0	-54.94	000000	000000	7162	090017	133102	092923	56976	56615	-49.84	11837	5711	+66274]
[2017-07-20 14:13:20][sRealKey : 005930]
[2017-07-20 14:13:20][sRealType : 주식체결]
[2017-07-20 14:13:20][sRealData : 141320	+2548000	+11000	+0.43	+2549000	+2548000	-2	121746	309466	+2538000	+2552000	-2528000	2	-101404	-253783273000	-54.56	0.09	8435	99.36	3329433	2	0	-54.94	000000	000000	7162	090017	133102	092923	56978	56615	-49.84	11838	5711	-5096]
[2017-07-20 14:13:21][sRealKey : 005930]
[2017-07-20 14:13:21][sRealType : 주식체결]
[2017-07-20 14:13:21][sRealData : 141322	+2548000	+11000	+0.43	+2549000	+2548000	-9	121755	309489	+2538000	+2552000	-2528000	2	-101395	-253760341000	-54.56	0.09	8435	99.35	3329433	2	0	-54.95	000000	000000	7163	090017	133102	092923	56987	56615	-49.84	11839	5711	-22932]
[2017-07-20 14:13:22][sRealKey : 005930]
[2017-07-20 14:13:22][sRealType : 주식당일거래원]
[2017-07-20 14:13:22][sRealData : 모건스탠리	22655	+107	036	DHDB	CS  증권	17945	+0	042	DGDB	미래대우	12337	+23	005	!!!!	삼  성	16690	+78	030	!!!!	한국투자증권	11250	+5	003	!!!!	미래대우	8269	+1	005	!!!!	삼  성	9508	+11	030	!!!!	NH투자증권	8135	+37	012	!!!!	C.L.S.A 증권	8403	+35	041	DHDB	유비에스증권	6388	+1	043	DGDB	43121	+142	38323	+1	-4798	-141	1	121755	57599	31339	28592	24194	21369	45609	42441	21005	20688	16210	109605	97364	-12241	2541598	2542910	2540268	2543067	2537647	2542425	2540239	2541516	2544548	2543044	2541802	2540609	2551332	64153	57427	181	117]
[2017-07-20 14:13:24][sRealKey : 005930]
[2017-07-20 14:13:24][sRealType : 주식체결]
[2017-07-20 14:13:24][sRealData : 141325	+2548000	+11000	+0.43	+2549000	+2548000	-1	121756	309491	+2538000	+2552000	-2528000	2	-101394	-253757793000	-54.56	0.09	8435	99.35	3329433	2	0	-54.95	000000	000000	7163	090017	133102	092923	56988	56615	-49.84	11840	5711	-2548]
[2017-07-20 14:13:27][sRealKey : 005930]
[2017-07-20 14:13:27][sRealType : 주식체결]
[2017-07-20 14:13:27][sRealData : 141327	+2548000	+11000	+0.43	+2549000	+2548000	-1	121757	309494	+2538000	+2552000	-2528000	2	-101393	-253755245000	-54.56	0.09	8435	99.34	3329433	2	0	-54.95	000000	000000	7163	090017	133102	092923	56989	56615	-49.84	11841	5711	-2548]
[2017-07-20 14:13:27][sRealKey : 005930]
[2017-07-20 14:13:27][sRealType : 주식체결]
[2017-07-20 14:13:27][sRealData : 141327	+2549000	+12000	+0.47	+2549000	+2548000	+19	121776	309542	+2538000	+2552000	-2528000	2	-101374	-253706814000	-54.57	0.09	8439	99.38	3330740	2	0	-54.96	000000	000000	7164	090017	133102	092923	56989	56634	-49.84	11841	5712	+48431]
[2017-07-20 14:13:27][sRealKey : 005930]
[2017-07-20 14:13:27][sRealType : 주식체결]
[2017-07-20 14:13:27][sRealData : 141328	+2549000	+12000	+0.47	+2549000	+2548000	+1	121777	309545	+2538000	+2552000	-2528000	2	-101373	-253704265000	-54.57	0.09	8439	99.38	3330740	2	0	-54.96	000000	000000	7164	090017	133102	092923	56989	56635	-49.84	11841	5713	+2549]
[2017-07-20 14:13:27][sRealKey : 005930]
[2017-07-20 14:13:27][sRealType : 주식체결]
[2017-07-20 14:13:27][sRealData : 141328	+2549000	+12000	+0.47	+2549000	+2548000	+12	121789	309575	+2538000	+2552000	-2528000	2	-101361	-253673677000	-54.58	0.09	8439	99.40	3330740	2	0	-54.96	000000	000000	7165	090017	133102	092923	56989	56647	-49.85	11841	5714	+30588]
[2017-07-20 14:13:27][sRealKey : 005930]
[2017-07-20 14:13:27][sRealType : 주식체결]
[2017-07-20 14:13:27][sRealData : 141328	+2548000	+11000	+0.43	+2549000	+2548000	-4	121793	309586	+2538000	+2552000	-2528000	2	-101357	-253663485000	-54.58	0.09	8435	99.39	3329433	2	0	-54.96	000000	000000	7165	090017	133102	092923	56993	56647	-49.85	11842	5714	-10192]
[2017-07-20 14:13:28][sRealKey : 005930]
[2017-07-20 14:13:28][sRealType : 주식체결]
[2017-07-20 14:13:28][sRealData : 141329	+2549000	+12000	+0.47	+2549000	+2548000	+9	121802	309609	+2538000	+2552000	-2528000	2	-101348	-253640544000	-54.58	0.09	8439	99.41	3330740	2	0	-54.97	000000	000000	7166	090017	133102	092923	56993	56656	-49.85	11842	5715	+22941]
[2017-07-20 14:13:29][sRealKey : 005930]
[2017-07-20 14:13:29][sRealType : 주식체결]
[2017-07-20 14:13:29][sRealData : 141330	+2548000	+11000	+0.43	+2549000	+2548000	-1	121803	309611	+2538000	+2552000	-2528000	2	-101347	-253637996000	-54.58	0.09	8435	99.41	3329433	2	0	-54.97	000000	000000	7151	090017	133102	092923	56994	56656	-49.85	11843	5715	-2548]
[2017-07-20 14:13:31][sRealKey : 005930]
[2017-07-20 14:13:31][sRealType : 주식체결]
[2017-07-20 14:13:31][sRealData : 141332	+2548000	+11000	+0.43	+2549000	+2548000	-1	121804	309614	+2538000	+2552000	-2528000	2	-101346	-253635448000	-54.58	0.09	8435	99.41	3329433	2	0	-54.97	000000	000000	7151	090017	133102	092923	56995	56656	-49.85	11844	5715	-2548]
[2017-07-20 14:13:32][sRealKey : 005930]
[2017-07-20 14:13:32][sRealType : 주식체결]
[2017-07-20 14:13:32][sRealData : 141333	+2549000	+12000	+0.47	+2549000	+2548000	+1	121805	309616	+2538000	+2552000	-2528000	2	-101345	-253632899000	-54.58	0.09	8439	99.41	3330740	2	0	-54.97	000000	000000	7151	090017	133102	092923	56995	56657	-49.85	11844	5716	+2549]
[2017-07-20 14:13:32][sRealKey : 005930]
[2017-07-20 14:13:32][sRealType : 주식체결]
[2017-07-20 14:13:32][sRealData : 141333	+2549000	+12000	+0.47	+2549000	+2548000	+1	121806	309619	+2538000	+2552000	-2528000	2	-101344	-253630350000	-54.58	0.09	8439	99.41	3330740	2	0	-54.97	000000	000000	7151	090017	133102	092923	56995	56658	-49.85	11844	5717	+2549]
[2017-07-20 14:13:33][sRealKey : 005930]
[2017-07-20 14:13:33][sRealType : 주식우선호가]
[2017-07-20 14:13:33][sRealData : +2550000	+2549000]
[2017-07-20 14:13:33][sRealKey : 005930]
[2017-07-20 14:13:33][sRealType : 주식체결]
[2017-07-20 14:13:33][sRealData : 141333	+2549000	+12000	+0.47	+2550000	+2549000	+8	121814	309639	+2538000	+2552000	-2528000	2	-101336	-253609958000	-54.59	0.09	8439	99.42	3330740	2	0	-54.97	000000	000000	7152	090017	133102	092923	56995	56666	-49.86	11844	5718	+20392]
[2017-07-20 14:13:33][sRealKey : 005930]
[2017-07-20 14:13:33][sRealType : 주식체결]
[2017-07-20 14:13:33][sRealData : 141334	+2549000	+12000	+0.47	+2550000	+2549000	-1	121815	309642	+2538000	+2552000	-2528000	2	-101335	-253607409000	-54.59	0.09	8439	99.42	3330740	2	0	-54.97	000000	000000	7152	090017	133102	092923	56996	56666	-49.85	11845	5718	-2549]
[2017-07-20 14:13:33][sRealKey : 005930]
[2017-07-20 14:13:33][sRealType : 주식체결]
[2017-07-20 14:13:33][sRealData : 141334	+2549000	+12000	+0.47	+2550000	+2549000	-1	121816	309644	+2538000	+2552000	-2528000	2	-101334	-253604860000	-54.59	0.09	8439	99.42	3330740	2	0	-54.97	000000	000000	7152	090017	133102	092923	56997	56666	-49.85	11846	5718	-2549]
[2017-07-20 14:13:34][sRealKey : 005930]
[2017-07-20 14:13:34][sRealType : 주식우선호가]
[2017-07-20 14:13:34][sRealData : +2550000	+2548000]
[2017-07-20 14:13:34][sRealKey : 005930]
[2017-07-20 14:13:34][sRealType : 주식체결]
[2017-07-20 14:13:34][sRealData : 141335	+2549000	+12000	+0.47	+2550000	+2548000	-1	121817	309647	+2538000	+2552000	-2528000	2	-101333	-253602311000	-54.59	0.09	8439	99.42	3330740	2	0	-54.98	000000	000000	7152	090017	133102	092923	56998	56666	-49.85	11847	5718	-2549]
[2017-07-20 14:13:34][sRealKey : 005930]
[2017-07-20 14:13:34][sRealType : 주식체결]
[2017-07-20 14:13:34][sRealData : 141335	+2548000	+11000	+0.43	+2550000	+2548000	-179	121996	310103	+2538000	+2552000	-2528000	2	-101154	-253146219000	-54.67	0.09	8435	99.11	3329433	2	0	-55.06	000000	000000	7163	090017	133102	092923	57177	56666	-49.78	11848	5718	-456092]
[2017-07-20 14:13:35][sRealKey : 071970]
[2017-07-20 14:13:35][sRealType : 주식체결]
[2017-07-20 14:13:35][sRealData : 141335	+11750	+2470	+26.62	+11750	+11700	+6	12517904	140067	+10100	+12050	+9820	2	+11844305	+133725484750	+1858.36	50.75	39	147.06	2898	2	0	+2208.64	135031	000000	262814	090011	135031	093042	4994998	7345463	+59.52	10893	22415	+70]
[2017-07-20 14:13:35][sRealKey : 005930]
[2017-07-20 14:13:35][sRealType : 주식체결]
[2017-07-20 14:13:35][sRealData : 141335	+2548000	+11000	+0.43	+2550000	+2548000	-2	121998	310108	+2538000	+2552000	-2528000	2	-101152	-253141123000	-54.67	0.09	8435	99.10	3329433	2	0	-55.06	000000	000000	7163	090017	133102	092923	57179	56666	-49.77	11849	5718	-5096]
[2017-07-20 14:13:35][sRealKey : 005930]
[2017-07-20 14:13:35][sRealType : 주식체결]
[2017-07-20 14:13:35][sRealData : 141336	+2548000	+11000	+0.43	+2550000	+2548000	-11	122009	310136	+2538000	+2552000	-2528000	2	-101141	-253113095000	-54.68	0.09	8435	99.08	3329433	2	0	-55.06	000000	000000	7163	090017	133102	092923	57190	56666	-49.77	11850	5718	-28028]
[2017-07-20 14:13:36][sRealKey : 005930]
[2017-07-20 14:13:36][sRealType : 주식우선호가]
[2017-07-20 14:13:36][sRealData : +2550000	+2549000]
[2017-07-20 14:13:36][sRealKey : 005930]
[2017-07-20 14:13:36][sRealType : 주식우선호가]
[2017-07-20 14:13:36][sRealData : +2550000	+2548000]
[2017-07-20 14:13:36][sRealKey : 005930]
[2017-07-20 14:13:36][sRealType : 주식체결]
[2017-07-20 14:13:36][sRealData : 141336	+2549000	+12000	+0.47	+2550000	+2548000	-1	122010	310139	+2538000	+2552000	-2528000	2	-101140	-253110546000	-54.68	0.09	8439	99.08	3330740	2	0	-55.06	000000	000000	7163	090017	133102	092923	57191	56666	-49.77	11851	5718	-2549]
[2017-07-20 14:13:36][sRealKey : 005930]
[2017-07-20 14:13:36][sRealType : 주식체결]
[2017-07-20 14:13:36][sRealData : 141336	+2548000	+11000	+0.43	+2550000	+2548000	-133	122143	310478	+2538000	+2552000	-2528000	2	-101007	-252771662000	-54.74	0.09	8435	98.85	3329433	2	0	-55.12	000000	000000	7171	090017	133102	092923	57324	56666	-49.71	11852	5718	-338884]
[2017-07-20 14:13:37][sRealKey : 005930]
[2017-07-20 14:13:37][sRealType : 주식우선호가]
[2017-07-20 14:13:37][sRealData : +2550000	+2549000]
[2017-07-20 14:13:37][sRealKey : 005930]
[2017-07-20 14:13:37][sRealType : 주식체결]
[2017-07-20 14:13:37][sRealData : 141337	+2550000	+13000	+0.51	+2550000	+2549000	+20	122163	310529	+2538000	+2552000	-2528000	2	-100987	-252720662000	-54.74	0.09	8442	98.89	3332047	2	0	-55.13	000000	000000	7172	090017	133102	092923	57324	56686	-49.72	11852	5719	+51000]
[2017-07-20 14:13:37][sRealKey : 005930]
[2017-07-20 14:13:37][sRealType : 주식체결]
[2017-07-20 14:13:37][sRealData : 141337	+2549000	+12000	+0.47	+2550000	+2549000	-4	122167	310539	+2538000	+2552000	-2528000	2	-100983	-252710466000	-54.75	0.09	8439	98.88	3330740	2	0	-55.13	000000	000000	7173	090017	133102	092923	57328	56686	-49.72	11853	5719	-10196]
[2017-07-20 14:13:37][sRealKey : 005930]
[2017-07-20 14:13:37][sRealType : 주식체결]
[2017-07-20 14:13:37][sRealData : 141338	+2549000	+12000	+0.47	+2550000	+2549000	-17	122184	310582	+2538000	+2552000	-2528000	2	-100966	-252667133000	-54.75	0.09	8439	98.85	3330740	2	0	-55.14	000000	000000	7174	090017	133102	092923	57345	56686	-49.71	11854	5719	-43333]
[2017-07-20 14:13:42][sRealKey : 005930]
[2017-07-20 14:13:42][sRealType : 주식체결]
[2017-07-20 14:13:42][sRealData : 141343	+2550000	+13000	+0.51	+2550000	+2549000	+1	122185	310585	+2538000	+2552000	-2528000	2	-100965	-252664583000	-54.75	0.09	8442	98.85	3332047	2	0	-55.14	000000	000000	7174	090017	133102	092923	57345	56687	-49.71	11854	5720	+2550]
[2017-07-20 14:13:42][sRealKey : 005930]
[2017-07-20 14:13:42][sRealType : 주식체결]
[2017-07-20 14:13:42][sRealData : 141343	+2549000	+12000	+0.47	+2550000	+2549000	-4	122189	310595	+2538000	+2552000	-2528000	2	-100961	-252654387000	-54.76	0.09	8439	98.85	3330740	2	0	-55.14	000000	000000	7174	090017	133102	092923	57349	56687	-49.71	11855	5720	-10196]
[2017-07-20 14:13:47][sRealKey : 005930]
[2017-07-20 14:13:47][sRealType : 주식체결]
[2017-07-20 14:13:47][sRealData : 141348	+2550000	+13000	+0.51	+2550000	+2549000	+8	122197	310615	+2538000	+2552000	-2528000	2	-100953	-252633987000	-54.76	0.09	8442	98.86	3332047	2	0	-55.15	000000	000000	7174	090017	133102	092923	57349	56695	-49.71	11855	5721	+20400]
[2017-07-20 14:13:47][sRealKey : 071970]
[2017-07-20 14:13:47][sRealType : 주식당일거래원]
[2017-07-20 14:13:47][sRealData : 키움증권	3664577	+811	050	!!!!	키움증권	3778722	+29	050	!!!!	미래대우	2084007	+1273	005	!!!!	미래대우	2212023	+815	005	!!!!	한국투자증권	765680	+250	003	!!!!	한국투자증권	798741	+0	003	!!!!	NH투자증권	747338	+180	012	!!!!	NH투자증권	739381	+12	012	!!!!	대  신	712108	0	004	!!!!	현  대	702194	2100	017	!!!!	0	0	0	0	0	0	1	12517904	40816	23378	8679	8279	7991	42203	24910	9020	8158	7787	0	0	0	11169	11261	11292	11033	11089	11138	11218	11335	11077	11221	0	0	0	7973710	8231061	2514	2956]
[2017-07-20 14:13:49][sRealKey : 071970]
[2017-07-20 14:13:49][sRealType : 주식체결]
[2017-07-20 14:13:49][sRealData : 141350	+11750	+2470	+26.62	+11750	+11700	+1	12517905	140067	+10100	+12050	+9820	2	+11844306	+133725496500	+1858.36	50.75	39	147.06	2898	2	0	+2208.64	135031	000000	262814	090011	135031	093042	4994998	7345464	+59.52	10893	22416	+11]
[2017-07-20 14:13:50][sRealKey : 005930]
[2017-07-20 14:13:50][sRealType : 주식체결]
[2017-07-20 14:13:50][sRealData : 141351	+2549000	+12000	+0.47	+2550000	+2549000	-1	122198	310618	+2538000	+2552000	-2528000	2	-100952	-252631438000	-54.76	0.09	8439	98.86	3330740	2	0	-55.15	000000	000000	7174	090017	133102	092923	57350	56695	-49.71	11856	5721	-2549]
[2017-07-20 14:13:53][sRealKey : 005930]
[2017-07-20 14:13:53][sRealType : 주식체결]
[2017-07-20 14:13:53][sRealData : 141354	+2549000	+12000	+0.47	+2550000	+2549000	-8	122206	310638	+2538000	+2552000	-2528000	2	-100944	-252611046000	-54.76	0.09	8439	98.84	3330740	2	0	-55.15	000000	000000	7175	090017	133102	092923	57358	56695	-49.71	11857	5721	-20392]
[2017-07-20 14:13:54][sRealKey : 005930]
[2017-07-20 14:13:54][sRealType : 주식체결]
[2017-07-20 14:13:54][sRealData : 141355	+2549000	+12000	+0.47	+2550000	+2549000	-2	122208	310643	+2538000	+2552000	-2528000	2	-100942	-252605948000	-54.76	0.09	8439	98.84	3330740	2	0	-55.15	000000	000000	7175	090017	133102	092923	57360	56695	-49.71	11858	5721	-5098]
[2017-07-20 14:13:54][sRealKey : 005930]
[2017-07-20 14:13:54][sRealType : 주식체결]
[2017-07-20 14:13:54][sRealData : 141355	+2549000	+12000	+0.47	+2550000	+2549000	-5	122213	310656	+2538000	+2552000	-2528000	2	-100937	-252593203000	-54.77	0.09	8439	98.83	3330740	2	0	-55.15	000000	000000	7175	090017	133102	092923	57365	56695	-49.71	11859	5721	-12745]
[2017-07-20 14:13:55][sRealKey : 071970]
[2017-07-20 14:13:55][sRealType : 주식체결]
[2017-07-20 14:13:55][sRealData : 141355	+11750	+2470	+26.62	+11750	+11700	+450	12518355	140072	+10100	+12050	+9820	2	+11844756	+133730784000	+1858.43	50.75	39	147.07	2898	2	0	+2208.73	135031	000000	262824	090011	135031	093042	4994998	7345914	+59.52	10893	22417	+5287]
[2017-07-20 14:13:56][sRealKey : 071970]
[2017-07-20 14:13:56][sRealType : 주식체결]
[2017-07-20 14:13:56][sRealData : 141357	+11750	+2470	+26.62	+11750	+11700	+150	12518505	140074	+10100	+12050	+9820	2	+11844906	+133732546500	+1858.45	50.75	39	147.07	2898	2	0	+2208.76	135031	000000	262827	090011	135031	093042	4994998	7346064	+59.53	10893	22418	+1762]
[2017-07-20 14:13:56][sRealKey : 005930]
[2017-07-20 14:13:56][sRealType : 주식체결]
[2017-07-20 14:13:56][sRealData : 141357	+2549000	+12000	+0.47	+2550000	+2549000	-1	122214	310659	+2538000	+2552000	-2528000	2	-100936	-252590654000	-54.77	0.09	8439	98.83	3330740	2	0	-55.15	000000	000000	7175	090017	133102	092923	57366	56695	-49.71	11860	5721	-2549]
[2017-07-20 14:13:56][sRealKey : 071970]
[2017-07-20 14:13:56][sRealType : 주식체결]
[2017-07-20 14:13:56][sRealData : 141357	+11750	+2470	+26.62	+11750	+11700	+50	12518555	140074	+10100	+12050	+9820	2	+11844956	+133733134000	+1858.46	50.75	39	147.07	2898	2	0	+2208.76	135031	000000	262828	090011	135031	093042	4994998	7346114	+59.53	10893	22419	+587]
[2017-07-20 14:13:56][sRealKey : 071970]
[2017-07-20 14:13:56][sRealType : 주식체결]
[2017-07-20 14:13:56][sRealData : 141357	+11750	+2470	+26.62	+11750	+11700	+381	12518936	140079	+10100	+12050	+9820	2	+11845337	+133737610750	+1858.51	50.76	39	147.08	2898	2	0	+2208.84	135031	000000	262836	090011	135031	093042	4994998	7346495	+59.53	10893	22420	+4476]
[2017-07-20 14:13:57][sRealKey : 071970]
[2017-07-20 14:13:57][sRealType : 주식체결]
[2017-07-20 14:13:57][sRealData : 141358	+11700	+2420	+26.08	+11750	+11700	-100	12519036	140080	+10100	+12050	+9820	2	+11845437	+133738780750	+1858.53	50.76	39	147.07	2886	2	0	+2208.85	135031	000000	262838	090011	135031	093042	4995098	7346495	+59.53	10894	22420	-1170]
[2017-07-20 14:13:58][sRealKey : 005930]
[2017-07-20 14:13:58][sRealType : 주식체결]
[2017-07-20 14:13:58][sRealData : 141358	+2550000	+13000	+0.51	+2550000	+2549000	+1	122215	310661	+2538000	+2552000	-2528000	2	-100935	-252588104000	-54.77	0.09	8442	98.83	3332047	2	0	-55.16	000000	000000	7175	090017	133102	092923	57366	56696	-49.71	11860	5722	+2550]
[2017-07-20 14:13:59][sRealKey : 005930]
[2017-07-20 14:13:59][sRealType : 주식체결]
[2017-07-20 14:13:59][sRealData : 141359	+2550000	+13000	+0.51	+2550000	+2549000	+20	122235	310712	+2538000	+2552000	-2528000	2	-100915	-252537104000	-54.78	0.09	8442	98.87	3332047	2	0	-55.16	000000	000000	7177	090017	133102	092923	57366	56716	-49.72	11860	5723	+51000]
[2017-07-20 14:14:02][sRealKey : 071970]
[2017-07-20 14:14:02][sRealType : 주식체결]
[2017-07-20 14:14:02][sRealData : 141403	+11750	+2470	+26.62	+11750	+11700	+1	12519037	140080	+10100	+12050	+9820	2	+11845438	+133738792500	+1858.53	50.76	39	147.07	2898	2	0	+2208.85	135031	000000	262678	090011	135031	093042	4995098	7346496	+59.53	10894	22421	+11]
[2017-07-20 14:14:06][sRealKey : 071970]
[2017-07-20 14:14:06][sRealType : 주식체결]
[2017-07-20 14:14:06][sRealData : 141407	+11750	+2470	+26.62	+11750	+11700	+53	12519090	140081	+10100	+12050	+9820	2	+11845491	+133739415250	+1858.54	50.76	39	147.08	2898	2	0	+2208.86	135031	000000	262679	090011	135031	093042	4995098	7346549	+59.53	10894	22422	+622]
[2017-07-20 14:14:07][sRealKey : 071970]
[2017-07-20 14:14:07][sRealType : 주식체결]
[2017-07-20 14:14:07][sRealData : 141408	+11750	+2470	+26.62	+11750	+11700	+5	12519095	140081	+10100	+12050	+9820	2	+11845496	+133739474000	+1858.54	50.76	39	147.08	2898	2	0	+2208.86	135031	000000	262679	090011	135031	093042	4995098	7346554	+59.53	10894	22423	+58]
[2017-07-20 14:14:07][sRealKey : 005930]
[2017-07-20 14:14:07][sRealType : 주식체결]
[2017-07-20 14:14:07][sRealData : 141408	+2550000	+13000	+0.51	+2550000	+2549000	+1	122236	310715	+2538000	+2552000	-2528000	2	-100914	-252534554000	-54.78	0.09	8442	98.87	3332047	2	0	-55.16	000000	000000	7167	090017	133102	092923	57366	56717	-49.72	11860	5724	+2550]
[2017-07-20 14:14:07][sRealKey : 005930]
[2017-07-20 14:14:07][sRealType : 주식체결]
[2017-07-20 14:14:07][sRealData : 141408	+2549000	+12000	+0.47	+2550000	+2549000	-2	122238	310720	+2538000	+2552000	-2528000	2	-100912	-252529456000	-54.78	0.09	8439	98.87	3330740	2	0	-55.17	000000	000000	7167	090017	133102	092923	57368	56717	-49.71	11861	5724	-5098]
[2017-07-20 14:14:07][sRealKey : 005930]
[2017-07-20 14:14:07][sRealType : 주식체결]
[2017-07-20 14:14:07][sRealData : 141408	+2549000	+12000	+0.47	+2550000	+2549000	-1	122239	310722	+2538000	+2552000	-2528000	2	-100911	-252526907000	-54.78	0.09	8439	98.86	3330740	2	0	-55.17	000000	000000	7167	090017	133102	092923	57369	56717	-49.71	11862	5724	-2549]
[2017-07-20 14:14:08][sRealKey : 071970]
[2017-07-20 14:14:08][sRealType : 주식체결]
[2017-07-20 14:14:08][sRealData : 141408	+11750	+2470	+26.62	+11750	+11700	+108	12519203	140082	+10100	+12050	+9820	2	+11845604	+133740743000	+1858.55	50.76	39	147.08	2898	2	0	+2208.88	135031	000000	262681	090011	135031	093042	4995098	7346662	+59.53	10894	22424	+1269]
[2017-07-20 14:14:09][sRealKey : 005930]
[2017-07-20 14:14:09][sRealType : 주식체결]
[2017-07-20 14:14:09][sRealData : 141409	+2550000	+13000	+0.51	+2550000	+2549000	+2	122241	310727	+2538000	+2552000	-2528000	2	-100909	-252521807000	-54.78	0.09	8442	98.87	3332047	2	0	-55.17	000000	000000	7167	090017	133102	092923	57369	56719	-49.72	11862	5725	+5100]
[2017-07-20 14:14:10][sRealKey : 005930]
[2017-07-20 14:14:10][sRealType : 주식체결]
[2017-07-20 14:14:10][sRealData : 141410	+2550000	+13000	+0.51	+2550000	+2549000	+25	122266	310791	+2538000	+2552000	-2528000	2	-100884	-252458057000	-54.79	0.09	8442	98.91	3332047	2	0	-55.18	000000	000000	7168	090017	133102	092923	57369	56744	-49.73	11862	5726	+63750]
[2017-07-20 14:14:10][sRealKey : 005930]
[2017-07-20 14:14:10][sRealType : 주식체결]
[2017-07-20 14:14:10][sRealData : 141411	+2549000	+12000	+0.47	+2550000	+2549000	-1	122267	310794	+2538000	+2552000	-2528000	2	-100883	-252455508000	-54.79	0.09	8439	98.91	3330740	2	0	-55.18	000000	000000	7168	090017	133102	092923	57370	56744	-49.73	11863	5726	-2549]
[2017-07-20 14:14:11][sRealKey : 005930]
[2017-07-20 14:14:11][sRealType : 주식체결]
[2017-07-20 14:14:11][sRealData : 141411	+2549000	+12000	+0.47	+2550000	+2549000	-1	122268	310796	+2538000	+2552000	-2528000	2	-100882	-252452959000	-54.79	0.09	8439	98.91	3330740	2	0	-55.18	000000	000000	7168	090017	133102	092923	57371	56744	-49.73	11864	5726	-2549]
[2017-07-20 14:14:13][sRealKey : 005930]
[2017-07-20 14:14:13][sRealType : 주식체결]
[2017-07-20 14:14:13][sRealData : 141414	+2550000	+13000	+0.51	+2550000	+2549000	+1	122269	310799	+2538000	+2552000	-2528000	2	-100881	-252450409000	-54.79	0.09	8442	98.91	3332047	2	0	-55.18	000000	000000	7169	090017	133102	092923	57371	56745	-49.73	11864	5727	+2550]
[2017-07-20 14:14:14][sRealKey : 005930]
[2017-07-20 14:14:14][sRealType : 주식체결]
[2017-07-20 14:14:14][sRealData : 141414	+2549000	+12000	+0.47	+2550000	+2549000	-3	122272	310806	+2538000	+2552000	-2528000	2	-100878	-252442762000	-54.79	0.09	8439	98.90	3330740	2	0	-55.18	000000	000000	7169	090017	133102	092923	57374	56745	-49.72	11865	5727	-7647]
[2017-07-20 14:14:14][sRealKey : 005930]
[2017-07-20 14:14:14][sRealType : 주식체결]
[2017-07-20 14:14:14][sRealData : 141414	+2550000	+13000	+0.51	+2550000	+2549000	+2	122274	310812	+2538000	+2552000	-2528000	2	-100876	-252437662000	-54.79	0.09	8442	98.91	3332047	2	0	-55.18	000000	000000	7169	090017	133102	092923	57374	56747	-49.73	11865	5728	+5100]
[2017-07-20 14:14:14][sRealKey : 071970]
[2017-07-20 14:14:14][sRealType : 주식체결]
[2017-07-20 14:14:14][sRealData : 141414	+11750	+2470	+26.62	+11750	+11700	+80	12519283	140083	+10100	+12050	+9820	2	+11845684	+133741683000	+1858.57	50.76	39	147.08	2898	2	0	+2208.90	135031	000000	262683	090011	135031	093042	4995098	7346742	+59.53	10894	22425	+940]
[2017-07-20 14:14:17][sRealKey : 071970]
[2017-07-20 14:14:17][sRealType : 주식체결]
[2017-07-20 14:14:17][sRealData : 141418	+11750	+2470	+26.62	+11750	+11700	+2	12519285	140083	+10100	+12050	+9820	2	+11845686	+133741706500	+1858.57	50.76	39	147.08	2898	2	0	+2208.90	135031	000000	262683	090011	135031	093042	4995098	7346744	+59.53	10894	22426	+23]
[2017-07-20 14:14:17][sRealKey : 005930]
[2017-07-20 14:14:17][sRealType : 주식체결]
[2017-07-20 14:14:17][sRealData : 141418	+2550000	+13000	+0.51	+2550000	+2549000	+1	122275	310814	+2538000	+2552000	-2528000	2	-100875	-252435112000	-54.79	0.09	8442	98.91	3332047	2	0	-55.18	000000	000000	7169	090017	133102	092923	57374	56748	-49.73	11865	5729	+2550]
[2017-07-20 14:14:17][sRealKey : 005930]
[2017-07-20 14:14:17][sRealType : 주식체결]
[2017-07-20 14:14:17][sRealData : 141418	+2550000	+13000	+0.51	+2550000	+2549000	+3	122278	310822	+2538000	+2552000	-2528000	2	-100872	-252427462000	-54.80	0.09	8442	98.91	3332047	2	0	-55.18	000000	000000	7169	090017	133102	092923	57374	56751	-49.73	11865	5730	+7650]
[2017-07-20 14:14:19][sRealKey : 005930]
[2017-07-20 14:14:19][sRealType : 주식체결]
[2017-07-20 14:14:19][sRealData : 141419	+2550000	+13000	+0.51	+2550000	+2549000	+1	122279	310824	+2538000	+2552000	-2528000	2	-100871	-252424912000	-54.80	0.09	8442	98.92	3332047	2	0	-55.18	000000	000000	7169	090017	133102	092923	57374	56752	-49.73	11865	5731	+2550]
[2017-07-20 14:14:20][sRealKey : 071970]
[2017-07-20 14:14:20][sRealType : 주식체결]
[2017-07-20 14:14:20][sRealData : 141420	+11750	+2470	+26.62	+11750	+11700	+50	12519335	140084	+10100	+12050	+9820	2	+11845736	+133742294000	+1858.57	50.76	39	147.08	2898	2	0	+2208.91	135031	000000	262684	090011	135031	093042	4995098	7346794	+59.53	10894	22427	+587]
[2017-07-20 14:14:20][sRealKey : 005930]
[2017-07-20 14:14:20][sRealType : 주식체결]
[2017-07-20 14:14:20][sRealData : 141421	+2550000	+13000	+0.51	+2550000	+2549000	+2	122281	310829	+2538000	+2552000	-2528000	2	-100869	-252419812000	-54.80	0.09	8442	98.92	3332047	2	0	-55.19	000000	000000	7169	090017	133102	092923	57374	56754	-49.73	11865	5732	+5100]
[2017-07-20 14:14:20][sRealKey : 005930]
[2017-07-20 14:14:20][sRealType : 주식체결]
[2017-07-20 14:14:20][sRealData : 141421	+2549000	+12000	+0.47	+2550000	+2549000	-3	122284	310837	+2538000	+2552000	-2528000	2	-100866	-252412165000	-54.80	0.09	8439	98.91	3330740	2	0	-55.19	000000	000000	7169	090017	133102	092923	57377	56754	-49.73	11866	5732	-7647]
[2017-07-20 14:14:22][sRealKey : 071970]
[2017-07-20 14:14:22][sRealType : 주식체결]
[2017-07-20 14:14:22][sRealData : 141423	+11750	+2470	+26.62	+11750	+11700	+1	12519336	140084	+10100	+12050	+9820	2	+11845737	+133742305750	+1858.57	50.76	39	147.08	2898	2	0	+2208.91	135031	000000	262684	090011	135031	093042	4995098	7346795	+59.53	10894	22428	+11]
[2017-07-20 14:14:22][sRealKey : 005930]
[2017-07-20 14:14:22][sRealType : 주식체결]
[2017-07-20 14:14:22][sRealData : 141423	+2549000	+12000	+0.47	+2550000	+2549000	-3	122287	310845	+2538000	+2552000	-2528000	2	-100863	-252404518000	-54.80	0.09	8439	98.91	3330740	2	0	-55.19	000000	000000	7170	090017	133102	092923	57380	56754	-49.73	11867	5732	-7647]
[2017-07-20 14:14:23][sRealKey : 005930]
[2017-07-20 14:14:23][sRealType : 주식체결]
[2017-07-20 14:14:23][sRealData : 141424	+2550000	+13000	+0.51	+2550000	+2549000	+2	122289	310850	+2538000	+2552000	-2528000	2	-100861	-252399418000	-54.80	0.09	8442	98.91	3332047	2	0	-55.19	000000	000000	7170	090017	133102	092923	57380	56756	-49.73	11867	5733	+5100]
[2017-07-20 14:14:24][sRealKey : 005930]
[2017-07-20 14:14:24][sRealType : 주식체결]
[2017-07-20 14:14:24][sRealData : 141424	+2549000	+12000	+0.47	+2550000	+2549000	-1	122290	310852	+2538000	+2552000	-2528000	2	-100860	-252396869000	-54.80	0.09	8439	98.91	3330740	2	0	-55.19	000000	000000	7170	090017	133102	092923	57381	56756	-49.73	11868	5733	-2549]
[2017-07-20 14:14:24][sRealKey : 005930]
[2017-07-20 14:14:24][sRealType : 주식체결]
[2017-07-20 14:14:24][sRealData : 141425	+2550000	+13000	+0.51	+2550000	+2549000	+1	122291	310855	+2538000	+2552000	-2528000	2	-100859	-252394319000	-54.80	0.09	8442	98.91	3332047	2	0	-55.19	000000	000000	7170	090017	133102	092923	57381	56757	-49.73	11868	5734	+2550]
[2017-07-20 14:14:24][sRealKey : 071970]
[2017-07-20 14:14:24][sRealType : 주식체결]
[2017-07-20 14:14:24][sRealData : 141425	+11750	+2470	+26.62	+11750	+11700	+85	12519421	140085	+10100	+12050	+9820	2	+11845822	+133743304500	+1858.59	50.76	39	147.08	2898	2	0	+2208.93	135031	000000	262686	090011	135031	093042	4995098	7346880	+59.53	10894	22429	+998]
[2017-07-20 14:14:25][sRealKey : 005930]
[2017-07-20 14:14:25][sRealType : 주식당일거래원]
[2017-07-20 14:14:25][sRealData : 모건스탠리	22710	+55	036	DHDB	CS  증권	18152	+207	042	DGDB	미래대우	12343	+6	005	!!!!	삼  성	16770	+80	030	!!!!	한국투자증권	11252	+2	003	!!!!	미래대우	8321	+52	005	!!!!	삼  성	9514	+6	030	!!!!	NH투자증권	8169	+34	012	!!!!	C.L.S.A 증권	8590	+187	041	DHDB	유비에스증권	6402	+14	043	DGDB	43363	+242	38544	+221	-4819	-21	1	122291	57739	31354	28597	24209	21846	46136	42645	21138	20775	16246	110222	97927	-12295	2541671	2542938	2540319	2543095	2537672	2542440	2540243	2541518	2544550	2543153	2541848	2540663	2551327	64409	57814	256	387]
[2017-07-20 14:14:25][sRealKey : 071970]
[2017-07-20 14:14:25][sRealType : 주식체결]
[2017-07-20 14:14:25][sRealData : 141426	+11750	+2470	+26.62	+11750	+11700	+1300	12520721	140100	+10100	+12050	+9820	2	+11847122	+133758579500	+1858.78	50.76	39	147.11	2898	2	0	+2209.17	135031	000000	262713	090011	135031	093042	4995098	7348180	+59.53	10894	22430	+15275]
[2017-07-20 14:14:26][sRealKey : 071970]
[2017-07-20 14:14:26][sRealType : 주식체결]
[2017-07-20 14:14:26][sRealData : 141426	+11750	+2470	+26.62	+11750	+11700	+1	12520722	140100	+10100	+12050	+9820	2	+11847123	+133758591250	+1858.78	50.76	39	147.11	2898	2	0	+2209.17	135031	000000	262713	090011	135031	093042	4995098	7348181	+59.53	10894	22431	+11]
[2017-07-20 14:14:26][sRealKey : 071970]
[2017-07-20 14:14:26][sRealType : 주식체결]
[2017-07-20 14:14:26][sRealData : 141427	+11750	+2470	+26.62	+11750	+11700	+25	12520747	140100	+10100	+12050	+9820	2	+11847148	+133758885000	+1858.78	50.76	39	147.11	2898	2	0	+2209.17	135031	000000	262714	090011	135031	093042	4995098	7348206	+59.53	10894	22432	+293]
[2017-07-20 14:14:30][sRealKey : 005930]
[2017-07-20 14:14:30][sRealType : 주식체결]
[2017-07-20 14:14:30][sRealData : 141430	+2549000	+12000	+0.47	+2550000	+2549000	-1	122292	310857	+2538000	+2552000	-2528000	2	-100858	-252391770000	-54.80	0.09	8439	98.91	3330740	2	0	-55.19	000000	000000	7163	090017	133102	092923	57382	56757	-49.73	11869	5734	-2549]
[2017-07-20 14:14:30][sRealKey : 005930]
[2017-07-20 14:14:30][sRealType : 주식체결]
[2017-07-20 14:14:30][sRealData : 141431	+2550000	+13000	+0.51	+2550000	+2549000	+10	122302	310883	+2538000	+2552000	-2528000	2	-100848	-252366270000	-54.81	0.09	8442	98.93	3332047	2	0	-55.19	000000	000000	7164	090017	133102	092923	57382	56767	-49.73	11869	5735	+25500]
[2017-07-20 14:14:31][sRealKey : 005930]
[2017-07-20 14:14:31][sRealType : 주식체결]
[2017-07-20 14:14:31][sRealData : 141431	+2549000	+12000	+0.47	+2550000	+2549000	-1	122303	310885	+2538000	+2552000	-2528000	2	-100847	-252363721000	-54.81	0.09	8439	98.93	3330740	2	0	-55.20	000000	000000	7164	090017	133102	092923	57383	56767	-49.73	11870	5735	-2549]
[2017-07-20 14:14:31][sRealKey : 071970]
[2017-07-20 14:14:31][sRealType : 주식체결]
[2017-07-20 14:14:31][sRealData : 141431	+11700	+2420	+26.08	+11750	+11700	-400	12521147	140105	+10100	+12050	+9820	2	+11847548	+133763565000	+1858.84	50.76	39	147.10	2886	2	0	+2209.24	135031	000000	262644	090011	135031	093042	4995498	7348206	+59.53	10895	22432	-4680]
[2017-07-20 14:14:31][sRealKey : 005930]
[2017-07-20 14:14:31][sRealType : 주식체결]
[2017-07-20 14:14:31][sRealData : 141432	+2549000	+12000	+0.47	+2550000	+2549000	-1	122304	310888	+2538000	+2552000	-2528000	2	-100846	-252361172000	-54.81	0.09	8439	98.92	3330740	2	0	-55.20	000000	000000	7164	090017	133102	092923	57384	56767	-49.73	11871	5735	-2549]
[2017-07-20 14:14:31][sRealKey : 005930]
[2017-07-20 14:14:31][sRealType : 주식체결]
[2017-07-20 14:14:31][sRealData : 141432	+2549000	+12000	+0.47	+2550000	+2549000	-1	122305	310891	+2538000	+2552000	-2528000	2	-100845	-252358623000	-54.81	0.09	8439	98.92	3330740	2	0	-55.20	000000	000000	7164	090017	133102	092923	57385	56767	-49.73	11872	5735	-2549]
[2017-07-20 14:14:32][sRealKey : 005930]
[2017-07-20 14:14:32][sRealType : 주식체결]
[2017-07-20 14:14:32][sRealData : 141432	+2549000	+12000	+0.47	+2550000	+2549000	-1	122306	310893	+2538000	+2552000	-2528000	2	-100844	-252356074000	-54.81	0.09	8439	98.92	3330740	2	0	-55.20	000000	000000	7164	090017	133102	092923	57386	56767	-49.73	11873	5735	-2549]
[2017-07-20 14:14:32][sRealKey : 005930]
[2017-07-20 14:14:32][sRealType : 주식체결]
[2017-07-20 14:14:32][sRealData : 141433	+2550000	+13000	+0.51	+2550000	+2549000	+1	122307	310896	+2538000	+2552000	-2528000	2	-100843	-252353524000	-54.81	0.09	8442	98.92	3332047	2	0	-55.20	000000	000000	7164	090017	133102	092923	57386	56768	-49.73	11873	5736	+2550]
[2017-07-20 14:14:32][sRealKey : 071970]
[2017-07-20 14:14:32][sRealType : 주식체결]
[2017-07-20 14:14:32][sRealData : 141433	+11750	+2470	+26.62	+11750	+11700	+20	12521167	140105	+10100	+12050	+9820	2	+11847568	+133763800000	+1858.85	50.76	39	147.10	2898	2	0	+2209.25	135031	000000	262644	090011	135031	093042	4995498	7348226	+59.53	10895	22433	+235]
[2017-07-20 14:14:33][sRealKey : 005930]
[2017-07-20 14:14:33][sRealType : 주식체결]
[2017-07-20 14:14:33][sRealData : 141433	+2550000	+13000	+0.51	+2550000	+2549000	+9	122316	310919	+2538000	+2552000	-2528000	2	-100834	-252330574000	-54.81	0.09	8442	98.94	3332047	2	0	-55.20	000000	000000	7165	090017	133102	092923	57386	56777	-49.73	11873	5737	+22950]
[2017-07-20 14:14:33][sRealKey : 071970]
[2017-07-20 14:14:33][sRealType : 주식체결]
[2017-07-20 14:14:33][sRealData : 141433	+11750	+2470	+26.62	+11750	+11700	+1	12521168	140105	+10100	+12050	+9820	2	+11847569	+133763811750	+1858.85	50.76	39	147.10	2898	2	0	+2209.25	135031	000000	262644	090011	135031	093042	4995498	7348227	+59.53	10895	22434	+11]
[2017-07-20 14:14:35][sRealKey : 005930]
[2017-07-20 14:14:35][sRealType : 주식체결]
[2017-07-20 14:14:35][sRealData : 141435	+2550000	+13000	+0.51	+2550000	+2549000	+26	122342	310985	+2538000	+2552000	-2528000	2	-100808	-252264274000	-54.83	0.09	8442	98.98	3332047	2	0	-55.21	000000	000000	7166	090017	133102	092923	57386	56803	-49.74	11873	5738	+66300]
[2017-07-20 14:14:35][sRealKey : 005930]
[2017-07-20 14:14:35][sRealType : 주식체결]
[2017-07-20 14:14:35][sRealData : 141435	+2550000	+13000	+0.51	+2550000	+2549000	+11	122353	311013	+2538000	+2552000	-2528000	2	-100797	-252236224000	-54.83	0.09	8442	99.00	3332047	2	0	-55.22	000000	000000	7167	090017	133102	092923	57386	56814	-49.75	11873	5739	+28050]
[2017-07-20 14:14:36][sRealKey : 071970]
[2017-07-20 14:14:36][sRealType : 주식체결]
[2017-07-20 14:14:36][sRealData : 141436	+11750	+2470	+26.62	+11750	+11700	+10	12521178	140105	+10100	+12050	+9820	2	+11847579	+133763929250	+1858.85	50.76	39	147.10	2898	2	0	+2209.25	135031	000000	262644	090011	135031	093042	4995498	7348237	+59.53	10895	22435	+117]
[2017-07-20 14:14:36][sRealKey : 071970]
[2017-07-20 14:14:36][sRealType : 주식체결]
[2017-07-20 14:14:36][sRealData : 141437	+11750	+2470	+26.62	+11750	+11700	+15	12521193	140105	+10100	+12050	+9820	2	+11847594	+133764105500	+1858.85	50.76	39	147.10	2898	2	0	+2209.25	135031	000000	262645	090011	135031	093042	4995498	7348252	+59.53	10895	22436	+176]
[2017-07-20 14:14:37][sRealKey : 005930]
[2017-07-20 14:14:37][sRealType : 주식체결]
[2017-07-20 14:14:37][sRealData : 141437	+2550000	+13000	+0.51	+2550000	+2549000	+3	122356	311021	+2538000	+2552000	-2528000	2	-100794	-252228574000	-54.83	0.09	8442	99.01	3332047	2	0	-55.22	000000	000000	7167	090017	133102	092923	57386	56817	-49.75	11873	5740	+7650]
[2017-07-20 14:14:38][sRealKey : 071970]
[2017-07-20 14:14:38][sRealType : 주식체결]
[2017-07-20 14:14:38][sRealData : 141438	+11750	+2470	+26.62	+11750	+11700	+200	12521393	140108	+10100	+12050	+9820	2	+11847794	+133766455500	+1858.88	50.77	39	147.10	2898	2	0	+2209.29	135031	000000	262649	090011	135031	093042	4995498	7348452	+59.53	10895	22437	+2350]
[2017-07-20 14:14:39][sRealKey : 071970]
[2017-07-20 14:14:39][sRealType : 주식체결]
[2017-07-20 14:14:39][sRealData : 141440	+11750	+2470	+26.62	+11750	+11700	+116	12521509	140109	+10100	+12050	+9820	2	+11847910	+133767818500	+1858.90	50.77	39	147.10	2898	2	0	+2209.31	135031	000000	262651	090011	135031	093042	4995498	7348568	+59.53	10895	22438	+1363]
[2017-07-20 14:14:41][sRealKey : 071970]
[2017-07-20 14:14:41][sRealType : 주식체결]
[2017-07-20 14:14:41][sRealData : 141442	+11750	+2470	+26.62	+11750	+11700	+10	12521519	140109	+10100	+12050	+9820	2	+11847920	+133767936000	+1858.90	50.77	39	147.10	2898	2	0	+2209.31	135031	000000	262652	090011	135031	093042	4995498	7348578	+59.53	10895	22439	+117]
[2017-07-20 14:14:41][sRealKey : 005930]
[2017-07-20 14:14:41][sRealType : 주식체결]
[2017-07-20 14:14:41][sRealData : 141442	+2549000	+12000	+0.47	+2550000	+2549000	-2	122358	311026	+2538000	+2552000	-2528000	2	-100792	-252223476000	-54.83	0.09	8439	99.01	3330740	2	0	-55.22	000000	000000	7167	090017	133102	092923	57388	56817	-49.75	11874	5740	-5098]
[2017-07-20 14:14:43][sRealKey : 005930]
[2017-07-20 14:14:43][sRealType : 주식체결]
[2017-07-20 14:14:43][sRealData : 141443	+2550000	+13000	+0.51	+2550000	+2549000	+3	122361	311033	+2538000	+2552000	-2528000	2	-100789	-252215826000	-54.83	0.09	8442	99.01	3332047	2	0	-55.22	000000	000000	7167	090017	133102	092923	57388	56820	-49.75	11874	5741	+7650]
[2017-07-20 14:14:43][sRealKey : 005930]
[2017-07-20 14:14:43][sRealType : 주식체결]
[2017-07-20 14:14:43][sRealData : 141444	+2549000	+12000	+0.47	+2550000	+2549000	-1	122362	311036	+2538000	+2552000	-2528000	2	-100788	-252213277000	-54.83	0.09	8439	99.01	3330740	2	0	-55.22	000000	000000	7167	090017	133102	092923	57389	56820	-49.75	11875	5741	-2549]
[2017-07-20 14:14:43][sRealKey : 005930]
[2017-07-20 14:14:43][sRealType : 주식체결]
[2017-07-20 14:14:43][sRealData : 141444	+2550000	+13000	+0.51	+2550000	+2549000	+9	122371	311059	+2538000	+2552000	-2528000	2	-100779	-252190327000	-54.84	0.09	8442	99.02	3332047	2	0	-55.23	000000	000000	7168	090017	133102	092923	57389	56829	-49.75	11875	5742	+22950]
[2017-07-20 14:14:47][sRealKey : 005930]
[2017-07-20 14:14:47][sRealType : 주식체결]
[2017-07-20 14:14:47][sRealData : 141447	+2550000	+13000	+0.51	+2550000	+2549000	+1	122372	311061	+2538000	+2552000	-2528000	2	-100778	-252187777000	-54.84	0.09	8442	99.03	3332047	2	0	-55.23	000000	000000	7168	090017	133102	092923	57389	56830	-49.76	11875	5743	+2550]
[2017-07-20 14:14:50][sRealKey : 071970]
[2017-07-20 14:14:50][sRealType : 주식체결]
[2017-07-20 14:14:50][sRealData : 141450	+11750	+2470	+26.62	+11750	+11700	+29	12521548	140110	+10100	+12050	+9820	2	+11847949	+133768276750	+1858.90	50.77	39	147.10	2898	2	0	+2209.32	135031	000000	262652	090011	135031	093042	4995498	7348607	+59.53	10895	22440	+340]
[2017-07-20 14:14:50][sRealKey : 005930]
[2017-07-20 14:14:50][sRealType : 주식체결]
[2017-07-20 14:14:50][sRealData : 141451	+2550000	+13000	+0.51	+2550000	+2549000	+3	122375	311069	+2538000	+2552000	-2528000	2	-100775	-252180127000	-54.84	0.09	8442	99.03	3332047	2	0	-55.23	000000	000000	7168	090017	133102	092923	57389	56833	-49.76	11875	5744	+7650]
[2017-07-20 14:14:50][sRealKey : 005930]
[2017-07-20 14:14:50][sRealType : 주식체결]
[2017-07-20 14:14:50][sRealData : 141451	+2550000	+13000	+0.51	+2550000	+2549000	+3	122378	311077	+2538000	+2552000	-2528000	2	-100772	-252172477000	-54.84	0.09	8442	99.04	3332047	2	0	-55.23	000000	000000	7168	090017	133102	092923	57389	56836	-49.76	11875	5745	+7650]
[2017-07-20 14:14:50][sRealKey : 071970]
[2017-07-20 14:14:50][sRealType : 주식당일거래원]
[2017-07-20 14:14:50][sRealData : 키움증권	3664773	+196	050	!!!!	키움증권	3779347	+625	050	!!!!	미래대우	2084678	+671	005	!!!!	미래대우	2212147	+124	005	!!!!	한국투자증권	766657	+977	003	!!!!	한국투자증권	798941	+200	003	!!!!	NH투자증권	747378	+40	012	!!!!	NH투자증권	739851	+470	012	!!!!	대  신	712741	+633	004	!!!!	현  대	703530	+1336	017	!!!!	0	0	0	0	0	0	1	12521548	40818	23386	8690	8279	7998	42210	24912	9022	8163	7803	0	0	0	11169	11261	11292	11034	11091	11138	11218	11335	11078	11221	0	0	0	7976227	8233816	2517	2755]
[2017-07-20 14:14:50][sRealKey : 071970]
[2017-07-20 14:14:50][sRealType : 주식체결]
[2017-07-20 14:14:50][sRealData : 141451	+11750	+2470	+26.62	+11750	+11700	+400	12521948	140114	+10100	+12050	+9820	2	+11848349	+133772976750	+1858.96	50.77	39	147.11	2898	2	0	+2209.39	135031	000000	262661	090011	135031	093042	4995498	7349007	+59.53	10895	22441	+4700]
[2017-07-20 14:14:52][sRealKey : 071970]
[2017-07-20 14:14:52][sRealType : 주식체결]
[2017-07-20 14:14:52][sRealData : 141452	+11700	+2420	+26.08	+11750	+11700	-30	12521978	140115	+10100	+12050	+9820	2	+11848379	+133773327750	+1858.97	50.77	39	147.11	2886	2	0	+2209.40	135031	000000	262661	090011	135031	093042	4995528	7349007	+59.53	10896	22441	-351]
[2017-07-20 14:14:52][sRealKey : 071970]
[2017-07-20 14:14:52][sRealType : 주식체결]
[2017-07-20 14:14:52][sRealData : 141452	+11750	+2470	+26.62	+11750	+11700	+100	12522078	140116	+10100	+12050	+9820	2	+11848479	+133774502750	+1858.98	50.77	39	147.11	2898	2	0	+2209.42	135031	000000	262663	090011	135031	093042	4995528	7349107	+59.53	10896	22442	+1175]
[2017-07-20 14:14:53][sRealKey : 005930]
[2017-07-20 14:14:53][sRealType : 주식체결]
[2017-07-20 14:14:53][sRealData : 141453	+2549000	+12000	+0.47	+2550000	+2549000	-1	122379	311079	+2538000	+2552000	-2528000	2	-100771	-252169928000	-54.84	0.09	8439	99.03	3330740	2	0	-55.23	000000	000000	7168	090017	133102	092923	57390	56836	-49.76	11876	5745	-2549]
[2017-07-20 14:14:53][sRealKey : 071970]
[2017-07-20 14:14:53][sRealType : 주식체결]
[2017-07-20 14:14:53][sRealData : 141454	+11750	+2470	+26.62	+11750	+11700	+213	12522291	140118	+10100	+12050	+9820	2	+11848692	+133777005500	+1859.01	50.77	39	147.12	2898	2	0	+2209.46	135031	000000	262668	090011	135031	093042	4995528	7349320	+59.53	10896	22443	+2502]
[2017-07-20 14:14:53][sRealKey : 005930]
[2017-07-20 14:14:53][sRealType : 주식체결]
[2017-07-20 14:14:53][sRealData : 141454	+2550000	+13000	+0.51	+2550000	+2549000	+2	122381	311084	+2538000	+2552000	-2528000	2	-100769	-252164828000	-54.84	0.09	8442	99.04	3332047	2	0	-55.23	000000	000000	7168	090017	133102	092923	57390	56838	-49.76	11876	5746	+5100]
[2017-07-20 14:14:54][sRealKey : 005930]
[2017-07-20 14:14:54][sRealType : 주식체결]
[2017-07-20 14:14:54][sRealData : 141454	+2549000	+12000	+0.47	+2550000	+2549000	-2	122383	311089	+2538000	+2552000	-2528000	2	-100767	-252159730000	-54.84	0.09	8439	99.03	3330740	2	0	-55.23	000000	000000	7169	090017	133102	092923	57392	56838	-49.76	11877	5746	-5098]
[2017-07-20 16:06:25][sRQName : 주식기본정보]
[2017-07-20 16:06:25][sRealType : OPT10001]
[2017-07-20 16:06:25][sRealData : ]
[2017-07-20 16:06:34][sRQName : 주식기본정보]
[2017-07-20 16:06:34][sRealType : OPT10001]
[2017-07-20 16:06:34][sRealData : ]
[2017-07-20 16:06:36][sRQName : 주식기본정보]
[2017-07-20 16:06:36][sRealType : OPT10001]
[2017-07-20 16:06:36][sRealData : ]
[2017-07-20 16:08:27][sRQName : 주식기본정보]
[2017-07-20 16:08:27][sRealType : OPT10001]
[2017-07-20 16:08:27][sRealData : ]
[2017-07-20 16:08:31][sRQName : 주식기본정보]
[2017-07-20 16:08:31][sRealType : OPT10001]
[2017-07-20 16:08:31][sRealData : ]
[2017-07-20 16:08:31][sRQName : 주식기본정보]
[2017-07-20 16:08:31][sRealType : OPT10001]
[2017-07-20 16:08:31][sRealData : ]
[2017-07-20 16:08:32][sRQName : 주식기본정보]
[2017-07-20 16:08:32][sRealType : OPT10001]
[2017-07-20 16:08:32][sRealData : ]
[2017-07-20 16:08:33][sRQName : 주식기본정보]
[2017-07-20 16:08:33][sRealType : OPT10001]
[2017-07-20 16:08:33][sRealData : ]
[2017-07-20 16:08:33][sRQName : 주식기본정보]
[2017-07-20 16:08:33][sRealType : OPT10001]
[2017-07-20 16:08:33][sRealData : ]
[2017-07-20 16:08:34][sRQName : 주식기본정보]
[2017-07-20 16:08:34][sRealType : OPT10001]
[2017-07-20 16:08:34][sRealData : ]
[2017-07-20 16:08:34][sRQName : 주식기본정보]
[2017-07-20 16:08:34][sRealType : OPT10001]
[2017-07-20 16:08:34][sRealData : ]
[2017-07-20 16:08:34][sRQName : 주식기본정보]
[2017-07-20 16:08:34][sRealType : OPT10001]
[2017-07-20 16:08:34][sRealData : ]
[2017-07-20 16:08:34][sRQName : 주식기본정보]
[2017-07-20 16:08:34][sRealType : OPT10001]
[2017-07-20 16:08:34][sRealData : ]
[2017-07-20 16:08:35][sRQName : 주식기본정보]
[2017-07-20 16:08:35][sRealType : OPT10001]
[2017-07-20 16:08:35][sRealData : ]
[2017-07-20 16:08:35][sRQName : 주식기본정보]
[2017-07-20 16:08:35][sRealType : OPT10001]
[2017-07-20 16:08:35][sRealData : ]
[2017-07-20 16:08:35][sRQName : 주식기본정보]
[2017-07-20 16:08:35][sRealType : OPT10001]
[2017-07-20 16:08:35][sRealData : ]
[2017-07-20 16:08:35][sRQName : 주식기본정보]
[2017-07-20 16:08:35][sRealType : OPT10001]
[2017-07-20 16:08:35][sRealData : ]
[2017-07-20 16:08:36][sRQName : 주식기본정보]
[2017-07-20 16:08:36][sRealType : OPT10001]
[2017-07-20 16:08:36][sRealData : ]
[2017-07-20 16:08:36][sRQName : 주식기본정보]
[2017-07-20 16:08:36][sRealType : OPT10001]
[2017-07-20 16:08:36][sRealData : ]
[2017-07-20 16:08:36][sRQName : 주식기본정보]
[2017-07-20 16:08:36][sRealType : OPT10001]
[2017-07-20 16:08:36][sRealData : ]
[2017-07-20 16:08:37][sRQName : 주식기본정보]
[2017-07-20 16:08:37][sRealType : OPT10001]
[2017-07-20 16:08:37][sRealData : ]
[2017-07-20 16:08:40][sRQName : 주식기본정보]
[2017-07-20 16:08:40][sRealType : OPT10001]
[2017-07-20 16:08:40][sRealData : ]
[2017-07-20 16:08:41][sRQName : 주식기본정보]
[2017-07-20 16:08:41][sRealType : OPT10001]
[2017-07-20 16:08:41][sRealData : ]
[2017-07-20 16:08:46][sRealKey : 005930]
[2017-07-20 16:08:46][sRealType : 주식시세]
[2017-07-20 16:08:46][sRealData : +2560000	+23000	+0.91	+2561000	+2560000	166969	425119	+2538000	+2566000	-2528000	2	-56181	-138129956000	-74.82	0.13	8475	3345113	-75.48	000000	000000]
[2017-07-20 16:11:19][sRQName : 주식기본정보]
[2017-07-20 16:11:19][sRealType : OPT10001]
[2017-07-20 16:11:19][sRealData : ]
[2017-07-20 16:11:23][sRQName : 주식기본정보]
[2017-07-20 16:11:23][sRealType : OPT10001]
[2017-07-20 16:11:23][sRealData : ]
[2017-07-20 16:11:27][sRQName : 주식기본정보]
[2017-07-20 16:11:27][sRealType : OPT10001]
[2017-07-20 16:11:27][sRealData : ]
[2017-07-20 16:11:35][sRQName : 주식기본정보]
[2017-07-20 16:11:35][sRealType : OPT10001]
[2017-07-20 16:11:35][sRealData : ]
[2017-07-20 16:11:38][sRQName : 주식기본정보]
[2017-07-20 16:11:38][sRealType : OPT10001]
[2017-07-20 16:11:38][sRealData : ]
[2017-07-20 16:11:44][sRQName : 주식기본정보]
[2017-07-20 16:11:44][sRealType : OPT10001]
[2017-07-20 16:11:44][sRealData : ]
[2017-07-20 16:11:46][sRQName : 주식기본정보]
[2017-07-20 16:11:46][sRealType : OPT10001]
[2017-07-20 16:11:46][sRealData : ]
